[0.663s] DEBUG:colcon:Command line arguments: ['/usr/bin/colcon', 'build', '--symlink-install']
[0.663s] DEBUG:colcon:Parsed command line arguments: Namespace(log_base=None, log_level=None, verb_name='build', build_base='build', install_base='install', merge_install=False, symlink_install=True, test_result_base=None, continue_on_error=False, executor='parallel', parallel_workers=20, event_handlers=None, ignore_user_meta=False, metas=['./colcon.meta'], base_paths=['.'], packages_ignore=None, packages_ignore_regex=None, paths=None, packages_up_to=None, packages_up_to_regex=None, packages_above=None, packages_above_and_dependencies=None, packages_above_depth=None, packages_select_by_dep=None, packages_skip_by_dep=None, packages_skip_up_to=None, packages_select_build_failed=False, packages_skip_build_finished=False, packages_select_test_failures=False, packages_skip_test_passed=False, packages_select=None, packages_skip=None, packages_select_regex=None, packages_skip_regex=None, packages_start=None, packages_end=None, allow_overriding=[], cmake_args=None, cmake_target=None, cmake_target_skip_unavailable=False, cmake_clean_cache=False, cmake_clean_first=False, cmake_force_configure=False, ament_cmake_args=None, catkin_cmake_args=None, catkin_skip_building_tests=False, verb_parser=<colcon_defaults.argument_parser.defaults.DefaultArgumentsDecorator object at 0x7f814c8581c0>, verb_extension=<colcon_core.verb.build.BuildVerb object at 0x7f814c85bb50>, main=<bound method BuildVerb.main of <colcon_core.verb.build.BuildVerb object at 0x7f814c85bb50>>)
[0.694s] Level 1:colcon.colcon_core.package_discovery:discover_packages(colcon_meta) check parameters
[0.695s] Level 1:colcon.colcon_core.package_discovery:discover_packages(recursive) check parameters
[0.695s] Level 1:colcon.colcon_core.package_discovery:discover_packages(ignore) check parameters
[0.695s] Level 1:colcon.colcon_core.package_discovery:discover_packages(path) check parameters
[0.695s] Level 1:colcon.colcon_core.package_discovery:discover_packages(colcon_meta) discover
[0.695s] Level 1:colcon.colcon_core.package_discovery:discover_packages(recursive) discover
[0.695s] INFO:colcon.colcon_core.package_discovery:Crawling recursively for packages in '/home/optimo/workspaces/maestro_ws'
[0.695s] Level 1:colcon.colcon_core.package_identification:_identify(.) by extensions ['ignore', 'ignore_ament_install']
[0.695s] Level 1:colcon.colcon_core.package_identification:_identify(.) by extension 'ignore'
[0.695s] Level 1:colcon.colcon_core.package_identification:_identify(.) by extension 'ignore_ament_install'
[0.695s] Level 1:colcon.colcon_core.package_identification:_identify(.) by extensions ['colcon_pkg']
[0.695s] Level 1:colcon.colcon_core.package_identification:_identify(.) by extension 'colcon_pkg'
[0.695s] Level 1:colcon.colcon_core.package_identification:_identify(.) by extensions ['colcon_meta']
[0.695s] Level 1:colcon.colcon_core.package_identification:_identify(.) by extension 'colcon_meta'
[0.695s] Level 1:colcon.colcon_core.package_identification:_identify(.) by extensions ['ros']
[0.695s] Level 1:colcon.colcon_core.package_identification:_identify(.) by extension 'ros'
[0.710s] Level 1:colcon.colcon_core.package_identification:_identify(.) by extensions ['cmake', 'python']
[0.710s] Level 1:colcon.colcon_core.package_identification:_identify(.) by extension 'cmake'
[0.711s] Level 1:colcon.colcon_core.package_identification:_identify(.) by extension 'python'
[0.711s] Level 1:colcon.colcon_core.package_identification:_identify(.) by extensions ['python_setup_py']
[0.711s] Level 1:colcon.colcon_core.package_identification:_identify(.) by extension 'python_setup_py'
[0.711s] Level 1:colcon.colcon_core.package_identification:_identify(build) by extensions ['ignore', 'ignore_ament_install']
[0.711s] Level 1:colcon.colcon_core.package_identification:_identify(build) by extension 'ignore'
[0.711s] Level 1:colcon.colcon_core.package_identification:_identify(build) ignored
[0.711s] Level 1:colcon.colcon_core.package_identification:_identify(install) by extensions ['ignore', 'ignore_ament_install']
[0.711s] Level 1:colcon.colcon_core.package_identification:_identify(install) by extension 'ignore'
[0.711s] Level 1:colcon.colcon_core.package_identification:_identify(install) ignored
[0.711s] Level 1:colcon.colcon_core.package_identification:_identify(log) by extensions ['ignore', 'ignore_ament_install']
[0.711s] Level 1:colcon.colcon_core.package_identification:_identify(log) by extension 'ignore'
[0.711s] Level 1:colcon.colcon_core.package_identification:_identify(log) ignored
[0.711s] Level 1:colcon.colcon_core.package_identification:_identify(src) by extensions ['ignore', 'ignore_ament_install']
[0.711s] Level 1:colcon.colcon_core.package_identification:_identify(src) by extension 'ignore'
[0.711s] Level 1:colcon.colcon_core.package_identification:_identify(src) by extension 'ignore_ament_install'
[0.711s] Level 1:colcon.colcon_core.package_identification:_identify(src) by extensions ['colcon_pkg']
[0.711s] Level 1:colcon.colcon_core.package_identification:_identify(src) by extension 'colcon_pkg'
[0.711s] Level 1:colcon.colcon_core.package_identification:_identify(src) by extensions ['colcon_meta']
[0.711s] Level 1:colcon.colcon_core.package_identification:_identify(src) by extension 'colcon_meta'
[0.711s] Level 1:colcon.colcon_core.package_identification:_identify(src) by extensions ['ros']
[0.711s] Level 1:colcon.colcon_core.package_identification:_identify(src) by extension 'ros'
[0.711s] Level 1:colcon.colcon_core.package_identification:_identify(src) by extensions ['cmake', 'python']
[0.711s] Level 1:colcon.colcon_core.package_identification:_identify(src) by extension 'cmake'
[0.711s] Level 1:colcon.colcon_core.package_identification:_identify(src) by extension 'python'
[0.711s] Level 1:colcon.colcon_core.package_identification:_identify(src) by extensions ['python_setup_py']
[0.711s] Level 1:colcon.colcon_core.package_identification:_identify(src) by extension 'python_setup_py'
[0.711s] Level 1:colcon.colcon_core.package_identification:_identify(src/data_collection) by extensions ['ignore', 'ignore_ament_install']
[0.711s] Level 1:colcon.colcon_core.package_identification:_identify(src/data_collection) by extension 'ignore'
[0.711s] Level 1:colcon.colcon_core.package_identification:_identify(src/data_collection) by extension 'ignore_ament_install'
[0.712s] Level 1:colcon.colcon_core.package_identification:_identify(src/data_collection) by extensions ['colcon_pkg']
[0.712s] Level 1:colcon.colcon_core.package_identification:_identify(src/data_collection) by extension 'colcon_pkg'
[0.712s] Level 1:colcon.colcon_core.package_identification:_identify(src/data_collection) by extensions ['colcon_meta']
[0.712s] Level 1:colcon.colcon_core.package_identification:_identify(src/data_collection) by extension 'colcon_meta'
[0.712s] Level 1:colcon.colcon_core.package_identification:_identify(src/data_collection) by extensions ['ros']
[0.712s] Level 1:colcon.colcon_core.package_identification:_identify(src/data_collection) by extension 'ros'
[0.713s] DEBUG:colcon.colcon_core.package_identification:Package 'src/data_collection' with type 'ros.ament_python' and name 'data_collection'
[0.713s] Level 1:colcon.colcon_core.package_identification:_identify(src/hand_pattern_recog) by extensions ['ignore', 'ignore_ament_install']
[0.713s] Level 1:colcon.colcon_core.package_identification:_identify(src/hand_pattern_recog) by extension 'ignore'
[0.713s] Level 1:colcon.colcon_core.package_identification:_identify(src/hand_pattern_recog) by extension 'ignore_ament_install'
[0.713s] Level 1:colcon.colcon_core.package_identification:_identify(src/hand_pattern_recog) by extensions ['colcon_pkg']
[0.713s] Level 1:colcon.colcon_core.package_identification:_identify(src/hand_pattern_recog) by extension 'colcon_pkg'
[0.713s] Level 1:colcon.colcon_core.package_identification:_identify(src/hand_pattern_recog) by extensions ['colcon_meta']
[0.713s] Level 1:colcon.colcon_core.package_identification:_identify(src/hand_pattern_recog) by extension 'colcon_meta'
[0.713s] Level 1:colcon.colcon_core.package_identification:_identify(src/hand_pattern_recog) by extensions ['ros']
[0.714s] Level 1:colcon.colcon_core.package_identification:_identify(src/hand_pattern_recog) by extension 'ros'
[0.714s] DEBUG:colcon.colcon_core.package_identification:Package 'src/hand_pattern_recog' with type 'ros.ament_cmake' and name 'hand_pattern_recog'
[0.714s] Level 1:colcon.colcon_core.package_identification:_identify(src/log) by extensions ['ignore', 'ignore_ament_install']
[0.714s] Level 1:colcon.colcon_core.package_identification:_identify(src/log) by extension 'ignore'
[0.714s] Level 1:colcon.colcon_core.package_identification:_identify(src/log) ignored
[0.714s] Level 1:colcon.colcon_core.package_identification:_identify(src/plato_teleop) by extensions ['ignore', 'ignore_ament_install']
[0.714s] Level 1:colcon.colcon_core.package_identification:_identify(src/plato_teleop) by extension 'ignore'
[0.714s] Level 1:colcon.colcon_core.package_identification:_identify(src/plato_teleop) by extension 'ignore_ament_install'
[0.714s] Level 1:colcon.colcon_core.package_identification:_identify(src/plato_teleop) by extensions ['colcon_pkg']
[0.714s] Level 1:colcon.colcon_core.package_identification:_identify(src/plato_teleop) by extension 'colcon_pkg'
[0.714s] Level 1:colcon.colcon_core.package_identification:_identify(src/plato_teleop) by extensions ['colcon_meta']
[0.714s] Level 1:colcon.colcon_core.package_identification:_identify(src/plato_teleop) by extension 'colcon_meta'
[0.714s] Level 1:colcon.colcon_core.package_identification:_identify(src/plato_teleop) by extensions ['ros']
[0.714s] Level 1:colcon.colcon_core.package_identification:_identify(src/plato_teleop) by extension 'ros'
[0.714s] DEBUG:colcon.colcon_core.package_identification:Package 'src/plato_teleop' with type 'ros.ament_cmake' and name 'plato_teleop'
[0.715s] Level 1:colcon.colcon_core.package_identification:_identify(src/spaceMouse_navigator) by extensions ['ignore', 'ignore_ament_install']
[0.715s] Level 1:colcon.colcon_core.package_identification:_identify(src/spaceMouse_navigator) by extension 'ignore'
[0.715s] Level 1:colcon.colcon_core.package_identification:_identify(src/spaceMouse_navigator) by extension 'ignore_ament_install'
[0.715s] Level 1:colcon.colcon_core.package_identification:_identify(src/spaceMouse_navigator) by extensions ['colcon_pkg']
[0.715s] Level 1:colcon.colcon_core.package_identification:_identify(src/spaceMouse_navigator) by extension 'colcon_pkg'
[0.715s] Level 1:colcon.colcon_core.package_identification:_identify(src/spaceMouse_navigator) by extensions ['colcon_meta']
[0.715s] Level 1:colcon.colcon_core.package_identification:_identify(src/spaceMouse_navigator) by extension 'colcon_meta'
[0.715s] Level 1:colcon.colcon_core.package_identification:_identify(src/spaceMouse_navigator) by extensions ['ros']
[0.715s] Level 1:colcon.colcon_core.package_identification:_identify(src/spaceMouse_navigator) by extension 'ros'
[0.715s] DEBUG:colcon.colcon_core.package_identification:Package 'src/spaceMouse_navigator' with type 'ros.ament_python' and name 'spaceMouse_navigator'
[0.715s] Level 1:colcon.colcon_core.package_identification:_identify(src/udp_receiver) by extensions ['ignore', 'ignore_ament_install']
[0.715s] Level 1:colcon.colcon_core.package_identification:_identify(src/udp_receiver) by extension 'ignore'
[0.715s] Level 1:colcon.colcon_core.package_identification:_identify(src/udp_receiver) by extension 'ignore_ament_install'
[0.715s] Level 1:colcon.colcon_core.package_identification:_identify(src/udp_receiver) by extensions ['colcon_pkg']
[0.715s] Level 1:colcon.colcon_core.package_identification:_identify(src/udp_receiver) by extension 'colcon_pkg'
[0.715s] Level 1:colcon.colcon_core.package_identification:_identify(src/udp_receiver) by extensions ['colcon_meta']
[0.715s] Level 1:colcon.colcon_core.package_identification:_identify(src/udp_receiver) by extension 'colcon_meta'
[0.715s] Level 1:colcon.colcon_core.package_identification:_identify(src/udp_receiver) by extensions ['ros']
[0.715s] Level 1:colcon.colcon_core.package_identification:_identify(src/udp_receiver) by extension 'ros'
[0.716s] DEBUG:colcon.colcon_core.package_identification:Package 'src/udp_receiver' with type 'ros.ament_cmake' and name 'udp_receiver'
[0.716s] Level 1:colcon.colcon_core.package_identification:_identify(trajectories) by extensions ['ignore', 'ignore_ament_install']
[0.716s] Level 1:colcon.colcon_core.package_identification:_identify(trajectories) by extension 'ignore'
[0.716s] Level 1:colcon.colcon_core.package_identification:_identify(trajectories) by extension 'ignore_ament_install'
[0.716s] Level 1:colcon.colcon_core.package_identification:_identify(trajectories) by extensions ['colcon_pkg']
[0.716s] Level 1:colcon.colcon_core.package_identification:_identify(trajectories) by extension 'colcon_pkg'
[0.716s] Level 1:colcon.colcon_core.package_identification:_identify(trajectories) by extensions ['colcon_meta']
[0.716s] Level 1:colcon.colcon_core.package_identification:_identify(trajectories) by extension 'colcon_meta'
[0.716s] Level 1:colcon.colcon_core.package_identification:_identify(trajectories) by extensions ['ros']
[0.716s] Level 1:colcon.colcon_core.package_identification:_identify(trajectories) by extension 'ros'
[0.716s] Level 1:colcon.colcon_core.package_identification:_identify(trajectories) by extensions ['cmake', 'python']
[0.716s] Level 1:colcon.colcon_core.package_identification:_identify(trajectories) by extension 'cmake'
[0.716s] Level 1:colcon.colcon_core.package_identification:_identify(trajectories) by extension 'python'
[0.716s] Level 1:colcon.colcon_core.package_identification:_identify(trajectories) by extensions ['python_setup_py']
[0.716s] Level 1:colcon.colcon_core.package_identification:_identify(trajectories) by extension 'python_setup_py'
[0.716s] Level 1:colcon.colcon_core.package_identification:_identify(trajectories/log) by extensions ['ignore', 'ignore_ament_install']
[0.716s] Level 1:colcon.colcon_core.package_identification:_identify(trajectories/log) by extension 'ignore'
[0.716s] Level 1:colcon.colcon_core.package_identification:_identify(trajectories/log) ignored
[0.716s] Level 1:colcon.colcon_core.package_discovery:discover_packages(recursive) using defaults
[0.717s] Level 1:colcon.colcon_core.package_discovery:discover_packages(ignore) discover
[0.717s] Level 1:colcon.colcon_core.package_discovery:discover_packages(ignore) using defaults
[0.717s] Level 1:colcon.colcon_core.package_discovery:discover_packages(path) discover
[0.717s] Level 1:colcon.colcon_core.package_discovery:discover_packages(path) using defaults
[0.789s] Level 1:colcon.colcon_core.package_discovery:discover_packages(prefix_path) check parameters
[0.789s] Level 1:colcon.colcon_core.package_discovery:discover_packages(prefix_path) discover
[0.810s] DEBUG:colcon.colcon_installed_package_information.package_discovery:Found 5 installed packages in /home/optimo/workspaces/maestro_ws/install
[0.822s] DEBUG:colcon.colcon_installed_package_information.package_discovery:Found 8 installed packages in /home/optimo/workspaces/plato_ws/install
[0.830s] DEBUG:colcon.colcon_installed_package_information.package_discovery:Found 3 installed packages in /home/optimo/roboligent_sdk/optimo_controller/ros_wrapper/install
[0.839s] DEBUG:colcon.colcon_installed_package_information.package_discovery:Found 369 installed packages in /opt/ros/humble
[0.840s] Level 1:colcon.colcon_core.package_discovery:discover_packages(prefix_path) using defaults
[0.909s] Level 5:colcon.colcon_core.verb:set package 'data_collection' build argument 'cmake_args' from command line to 'None'
[0.909s] Level 5:colcon.colcon_core.verb:set package 'data_collection' build argument 'cmake_target' from command line to 'None'
[0.909s] Level 5:colcon.colcon_core.verb:set package 'data_collection' build argument 'cmake_target_skip_unavailable' from command line to 'False'
[0.909s] Level 5:colcon.colcon_core.verb:set package 'data_collection' build argument 'cmake_clean_cache' from command line to 'False'
[0.909s] Level 5:colcon.colcon_core.verb:set package 'data_collection' build argument 'cmake_clean_first' from command line to 'False'
[0.909s] Level 5:colcon.colcon_core.verb:set package 'data_collection' build argument 'cmake_force_configure' from command line to 'False'
[0.909s] Level 5:colcon.colcon_core.verb:set package 'data_collection' build argument 'ament_cmake_args' from command line to 'None'
[0.909s] Level 5:colcon.colcon_core.verb:set package 'data_collection' build argument 'catkin_cmake_args' from command line to 'None'
[0.909s] Level 5:colcon.colcon_core.verb:set package 'data_collection' build argument 'catkin_skip_building_tests' from command line to 'False'
[0.909s] DEBUG:colcon.colcon_core.verb:Building package 'data_collection' with the following arguments: {'ament_cmake_args': None, 'build_base': '/home/optimo/workspaces/maestro_ws/build/data_collection', 'catkin_cmake_args': None, 'catkin_skip_building_tests': False, 'cmake_args': None, 'cmake_clean_cache': False, 'cmake_clean_first': False, 'cmake_force_configure': False, 'cmake_target': None, 'cmake_target_skip_unavailable': False, 'install_base': '/home/optimo/workspaces/maestro_ws/install/data_collection', 'merge_install': False, 'path': '/home/optimo/workspaces/maestro_ws/src/data_collection', 'symlink_install': True, 'test_result_base': None}
[0.919s] Level 5:colcon.colcon_core.verb:set package 'hand_pattern_recog' build argument 'cmake_args' from command line to 'None'
[0.919s] Level 5:colcon.colcon_core.verb:set package 'hand_pattern_recog' build argument 'cmake_target' from command line to 'None'
[0.919s] Level 5:colcon.colcon_core.verb:set package 'hand_pattern_recog' build argument 'cmake_target_skip_unavailable' from command line to 'False'
[0.919s] Level 5:colcon.colcon_core.verb:set package 'hand_pattern_recog' build argument 'cmake_clean_cache' from command line to 'False'
[0.919s] Level 5:colcon.colcon_core.verb:set package 'hand_pattern_recog' build argument 'cmake_clean_first' from command line to 'False'
[0.919s] Level 5:colcon.colcon_core.verb:set package 'hand_pattern_recog' build argument 'cmake_force_configure' from command line to 'False'
[0.919s] Level 5:colcon.colcon_core.verb:set package 'hand_pattern_recog' build argument 'ament_cmake_args' from command line to 'None'
[0.919s] Level 5:colcon.colcon_core.verb:set package 'hand_pattern_recog' build argument 'catkin_cmake_args' from command line to 'None'
[0.919s] Level 5:colcon.colcon_core.verb:set package 'hand_pattern_recog' build argument 'catkin_skip_building_tests' from command line to 'False'
[0.919s] DEBUG:colcon.colcon_core.verb:Building package 'hand_pattern_recog' with the following arguments: {'ament_cmake_args': None, 'build_base': '/home/optimo/workspaces/maestro_ws/build/hand_pattern_recog', 'catkin_cmake_args': None, 'catkin_skip_building_tests': False, 'cmake_args': None, 'cmake_clean_cache': False, 'cmake_clean_first': False, 'cmake_force_configure': False, 'cmake_target': None, 'cmake_target_skip_unavailable': False, 'install_base': '/home/optimo/workspaces/maestro_ws/install/hand_pattern_recog', 'merge_install': False, 'path': '/home/optimo/workspaces/maestro_ws/src/hand_pattern_recog', 'symlink_install': True, 'test_result_base': None}
[0.931s] Level 5:colcon.colcon_core.verb:set package 'plato_teleop' build argument 'cmake_args' from command line to 'None'
[0.931s] Level 5:colcon.colcon_core.verb:set package 'plato_teleop' build argument 'cmake_target' from command line to 'None'
[0.931s] Level 5:colcon.colcon_core.verb:set package 'plato_teleop' build argument 'cmake_target_skip_unavailable' from command line to 'False'
[0.931s] Level 5:colcon.colcon_core.verb:set package 'plato_teleop' build argument 'cmake_clean_cache' from command line to 'False'
[0.931s] Level 5:colcon.colcon_core.verb:set package 'plato_teleop' build argument 'cmake_clean_first' from command line to 'False'
[0.931s] Level 5:colcon.colcon_core.verb:set package 'plato_teleop' build argument 'cmake_force_configure' from command line to 'False'
[0.931s] Level 5:colcon.colcon_core.verb:set package 'plato_teleop' build argument 'ament_cmake_args' from command line to 'None'
[0.931s] Level 5:colcon.colcon_core.verb:set package 'plato_teleop' build argument 'catkin_cmake_args' from command line to 'None'
[0.931s] Level 5:colcon.colcon_core.verb:set package 'plato_teleop' build argument 'catkin_skip_building_tests' from command line to 'False'
[0.931s] DEBUG:colcon.colcon_core.verb:Building package 'plato_teleop' with the following arguments: {'ament_cmake_args': None, 'build_base': '/home/optimo/workspaces/maestro_ws/build/plato_teleop', 'catkin_cmake_args': None, 'catkin_skip_building_tests': False, 'cmake_args': None, 'cmake_clean_cache': False, 'cmake_clean_first': False, 'cmake_force_configure': False, 'cmake_target': None, 'cmake_target_skip_unavailable': False, 'install_base': '/home/optimo/workspaces/maestro_ws/install/plato_teleop', 'merge_install': False, 'path': '/home/optimo/workspaces/maestro_ws/src/plato_teleop', 'symlink_install': True, 'test_result_base': None}
[0.940s] Level 5:colcon.colcon_core.verb:set package 'spaceMouse_navigator' build argument 'cmake_args' from command line to 'None'
[0.940s] Level 5:colcon.colcon_core.verb:set package 'spaceMouse_navigator' build argument 'cmake_target' from command line to 'None'
[0.940s] Level 5:colcon.colcon_core.verb:set package 'spaceMouse_navigator' build argument 'cmake_target_skip_unavailable' from command line to 'False'
[0.940s] Level 5:colcon.colcon_core.verb:set package 'spaceMouse_navigator' build argument 'cmake_clean_cache' from command line to 'False'
[0.940s] Level 5:colcon.colcon_core.verb:set package 'spaceMouse_navigator' build argument 'cmake_clean_first' from command line to 'False'
[0.940s] Level 5:colcon.colcon_core.verb:set package 'spaceMouse_navigator' build argument 'cmake_force_configure' from command line to 'False'
[0.940s] Level 5:colcon.colcon_core.verb:set package 'spaceMouse_navigator' build argument 'ament_cmake_args' from command line to 'None'
[0.940s] Level 5:colcon.colcon_core.verb:set package 'spaceMouse_navigator' build argument 'catkin_cmake_args' from command line to 'None'
[0.940s] Level 5:colcon.colcon_core.verb:set package 'spaceMouse_navigator' build argument 'catkin_skip_building_tests' from command line to 'False'
[0.940s] DEBUG:colcon.colcon_core.verb:Building package 'spaceMouse_navigator' with the following arguments: {'ament_cmake_args': None, 'build_base': '/home/optimo/workspaces/maestro_ws/build/spaceMouse_navigator', 'catkin_cmake_args': None, 'catkin_skip_building_tests': False, 'cmake_args': None, 'cmake_clean_cache': False, 'cmake_clean_first': False, 'cmake_force_configure': False, 'cmake_target': None, 'cmake_target_skip_unavailable': False, 'install_base': '/home/optimo/workspaces/maestro_ws/install/spaceMouse_navigator', 'merge_install': False, 'path': '/home/optimo/workspaces/maestro_ws/src/spaceMouse_navigator', 'symlink_install': True, 'test_result_base': None}
[0.950s] Level 5:colcon.colcon_core.verb:set package 'udp_receiver' build argument 'cmake_args' from command line to 'None'
[0.950s] Level 5:colcon.colcon_core.verb:set package 'udp_receiver' build argument 'cmake_target' from command line to 'None'
[0.950s] Level 5:colcon.colcon_core.verb:set package 'udp_receiver' build argument 'cmake_target_skip_unavailable' from command line to 'False'
[0.950s] Level 5:colcon.colcon_core.verb:set package 'udp_receiver' build argument 'cmake_clean_cache' from command line to 'False'
[0.950s] Level 5:colcon.colcon_core.verb:set package 'udp_receiver' build argument 'cmake_clean_first' from command line to 'False'
[0.950s] Level 5:colcon.colcon_core.verb:set package 'udp_receiver' build argument 'cmake_force_configure' from command line to 'False'
[0.950s] Level 5:colcon.colcon_core.verb:set package 'udp_receiver' build argument 'ament_cmake_args' from command line to 'None'
[0.950s] Level 5:colcon.colcon_core.verb:set package 'udp_receiver' build argument 'catkin_cmake_args' from command line to 'None'
[0.950s] Level 5:colcon.colcon_core.verb:set package 'udp_receiver' build argument 'catkin_skip_building_tests' from command line to 'False'
[0.950s] DEBUG:colcon.colcon_core.verb:Building package 'udp_receiver' with the following arguments: {'ament_cmake_args': None, 'build_base': '/home/optimo/workspaces/maestro_ws/build/udp_receiver', 'catkin_cmake_args': None, 'catkin_skip_building_tests': False, 'cmake_args': None, 'cmake_clean_cache': False, 'cmake_clean_first': False, 'cmake_force_configure': False, 'cmake_target': None, 'cmake_target_skip_unavailable': False, 'install_base': '/home/optimo/workspaces/maestro_ws/install/udp_receiver', 'merge_install': False, 'path': '/home/optimo/workspaces/maestro_ws/src/udp_receiver', 'symlink_install': True, 'test_result_base': None}
[0.958s] INFO:colcon.colcon_core.executor:Executing jobs using 'parallel' executor
[0.972s] DEBUG:colcon.colcon_parallel_executor.executor.parallel:run_until_complete
[0.972s] INFO:colcon.colcon_ros.task.ament_python.build:Building ROS package in '/home/optimo/workspaces/maestro_ws/src/data_collection' with build type 'ament_python'
[0.972s] Level 1:colcon.colcon_core.shell:create_environment_hook('data_collection', 'ament_prefix_path')
[0.982s] INFO:colcon.colcon_core.plugin_system:Skipping extension 'colcon_core.shell.bat': Not used on non-Windows systems
[0.982s] INFO:colcon.colcon_core.shell:Creating environment hook '/home/optimo/workspaces/maestro_ws/install/data_collection/share/data_collection/hook/ament_prefix_path.ps1'
[0.983s] INFO:colcon.colcon_core.shell:Creating environment descriptor '/home/optimo/workspaces/maestro_ws/install/data_collection/share/data_collection/hook/ament_prefix_path.dsv'
[0.983s] INFO:colcon.colcon_core.shell:Creating environment hook '/home/optimo/workspaces/maestro_ws/install/data_collection/share/data_collection/hook/ament_prefix_path.sh'
[0.991s] INFO:colcon.colcon_core.shell:Skip shell extension 'powershell' for command environment: Not usable outside of PowerShell
[0.991s] DEBUG:colcon.colcon_core.shell:Skip shell extension 'dsv' for command environment
[1.043s] INFO:colcon.colcon_ros.task.ament_cmake.build:Building ROS package in '/home/optimo/workspaces/maestro_ws/src/hand_pattern_recog' with build type 'ament_cmake'
[1.043s] INFO:colcon.colcon_cmake.task.cmake.build:Building CMake package in '/home/optimo/workspaces/maestro_ws/src/hand_pattern_recog'
[1.052s] INFO:colcon.colcon_core.shell:Skip shell extension 'powershell' for command environment: Not usable outside of PowerShell
[1.052s] DEBUG:colcon.colcon_core.shell:Skip shell extension 'dsv' for command environment
[1.102s] INFO:colcon.colcon_ros.task.ament_cmake.build:Building ROS package in '/home/optimo/workspaces/maestro_ws/src/plato_teleop' with build type 'ament_cmake'
[1.103s] INFO:colcon.colcon_cmake.task.cmake.build:Building CMake package in '/home/optimo/workspaces/maestro_ws/src/plato_teleop'
[1.112s] INFO:colcon.colcon_core.shell:Skip shell extension 'powershell' for command environment: Not usable outside of PowerShell
[1.112s] DEBUG:colcon.colcon_core.shell:Skip shell extension 'dsv' for command environment
[1.167s] INFO:colcon.colcon_ros.task.ament_python.build:Building ROS package in '/home/optimo/workspaces/maestro_ws/src/spaceMouse_navigator' with build type 'ament_python'
[1.167s] Level 1:colcon.colcon_core.shell:create_environment_hook('spaceMouse_navigator', 'ament_prefix_path')
[1.178s] INFO:colcon.colcon_core.shell:Creating environment hook '/home/optimo/workspaces/maestro_ws/install/spaceMouse_navigator/share/spaceMouse_navigator/hook/ament_prefix_path.ps1'
[1.178s] INFO:colcon.colcon_core.shell:Creating environment descriptor '/home/optimo/workspaces/maestro_ws/install/spaceMouse_navigator/share/spaceMouse_navigator/hook/ament_prefix_path.dsv'
[1.179s] INFO:colcon.colcon_core.shell:Creating environment hook '/home/optimo/workspaces/maestro_ws/install/spaceMouse_navigator/share/spaceMouse_navigator/hook/ament_prefix_path.sh'
[1.190s] INFO:colcon.colcon_core.shell:Skip shell extension 'powershell' for command environment: Not usable outside of PowerShell
[1.190s] DEBUG:colcon.colcon_core.shell:Skip shell extension 'dsv' for command environment
[1.247s] INFO:colcon.colcon_ros.task.ament_cmake.build:Building ROS package in '/home/optimo/workspaces/maestro_ws/src/udp_receiver' with build type 'ament_cmake'
[1.248s] INFO:colcon.colcon_cmake.task.cmake.build:Building CMake package in '/home/optimo/workspaces/maestro_ws/src/udp_receiver'
[1.257s] INFO:colcon.colcon_core.shell:Skip shell extension 'powershell' for command environment: Not usable outside of PowerShell
[1.257s] DEBUG:colcon.colcon_core.shell:Skip shell extension 'dsv' for command environment
[1.500s] INFO:colcon.colcon_core.task.python.build:Building Python package in '/home/optimo/workspaces/maestro_ws/src/data_collection'
[1.510s] INFO:colcon.colcon_core.shell:Skip shell extension 'powershell' for command environment: Not usable outside of PowerShell
[1.510s] DEBUG:colcon.colcon_core.shell:Skip shell extension 'dsv' for command environment
[1.573s] DEBUG:colcon.colcon_core.event_handler.log_command:Invoking command in '/home/optimo/workspaces/maestro_ws/build/hand_pattern_recog': CMAKE_PREFIX_PATH=${CMAKE_PREFIX_PATH}:/home/optimo/workspaces/maestro_ws/install/spaceMouse_navigator:/home/optimo/workspaces/maestro_ws/install/data_collection:/home/optimo/workspaces/plato_ws/install/plato_pycontroller:/opt/ros/humble /usr/bin/cmake --build /home/optimo/workspaces/maestro_ws/build/hand_pattern_recog -- -j20 -l20
[1.576s] DEBUG:colcon.colcon_core.event_handler.log_command:Invoking command in '/home/optimo/workspaces/maestro_ws/build/plato_teleop': CMAKE_PREFIX_PATH=${CMAKE_PREFIX_PATH}:/home/optimo/workspaces/maestro_ws/install/spaceMouse_navigator:/home/optimo/workspaces/maestro_ws/install/data_collection:/home/optimo/workspaces/plato_ws/install/plato_pycontroller:/opt/ros/humble /usr/bin/cmake --build /home/optimo/workspaces/maestro_ws/build/plato_teleop -- -j20 -l20
[1.795s] INFO:colcon.colcon_core.task.python.build:Building Python package in '/home/optimo/workspaces/maestro_ws/src/spaceMouse_navigator'
[1.808s] INFO:colcon.colcon_core.shell:Skip shell extension 'powershell' for command environment: Not usable outside of PowerShell
[1.808s] DEBUG:colcon.colcon_core.shell:Skip shell extension 'dsv' for command environment
[1.866s] DEBUG:colcon.colcon_core.event_handler.log_command:Invoking command in '/home/optimo/workspaces/maestro_ws/build/udp_receiver': CMAKE_PREFIX_PATH=${CMAKE_PREFIX_PATH}:/home/optimo/workspaces/maestro_ws/install/spaceMouse_navigator:/home/optimo/workspaces/maestro_ws/install/data_collection:/home/optimo/workspaces/plato_ws/install/plato_pycontroller:/opt/ros/humble /usr/bin/cmake --build /home/optimo/workspaces/maestro_ws/build/udp_receiver -- -j20 -l20
[1.867s] DEBUG:colcon.colcon_core.event_handler.log_command:Invoked command in '/home/optimo/workspaces/maestro_ws/build/hand_pattern_recog' returned '0': CMAKE_PREFIX_PATH=${CMAKE_PREFIX_PATH}:/home/optimo/workspaces/maestro_ws/install/spaceMouse_navigator:/home/optimo/workspaces/maestro_ws/install/data_collection:/home/optimo/workspaces/plato_ws/install/plato_pycontroller:/opt/ros/humble /usr/bin/cmake --build /home/optimo/workspaces/maestro_ws/build/hand_pattern_recog -- -j20 -l20
[1.894s] DEBUG:colcon.colcon_core.event_handler.log_command:Invoking command in '/home/optimo/workspaces/maestro_ws/build/hand_pattern_recog': CMAKE_PREFIX_PATH=${CMAKE_PREFIX_PATH}:/home/optimo/workspaces/maestro_ws/install/spaceMouse_navigator:/home/optimo/workspaces/maestro_ws/install/data_collection:/home/optimo/workspaces/plato_ws/install/plato_pycontroller:/opt/ros/humble /usr/bin/cmake --install /home/optimo/workspaces/maestro_ws/build/hand_pattern_recog
[1.912s] Level 1:colcon.colcon_core.environment:create_environment_scripts_only(hand_pattern_recog)
[1.912s] DEBUG:colcon.colcon_core.event_handler.log_command:Invoked command in '/home/optimo/workspaces/maestro_ws/build/hand_pattern_recog' returned '0': CMAKE_PREFIX_PATH=${CMAKE_PREFIX_PATH}:/home/optimo/workspaces/maestro_ws/install/spaceMouse_navigator:/home/optimo/workspaces/maestro_ws/install/data_collection:/home/optimo/workspaces/plato_ws/install/plato_pycontroller:/opt/ros/humble /usr/bin/cmake --install /home/optimo/workspaces/maestro_ws/build/hand_pattern_recog
[1.929s] Level 1:colcon.colcon_core.environment:checking '/home/optimo/workspaces/maestro_ws/install/hand_pattern_recog' for CMake module files
[1.929s] Level 1:colcon.colcon_core.environment:checking '/home/optimo/workspaces/maestro_ws/install/hand_pattern_recog' for CMake config files
[1.929s] Level 1:colcon.colcon_core.shell:create_environment_hook('hand_pattern_recog', 'cmake_prefix_path')
[1.942s] INFO:colcon.colcon_core.shell:Creating environment hook '/home/optimo/workspaces/maestro_ws/install/hand_pattern_recog/share/hand_pattern_recog/hook/cmake_prefix_path.ps1'
[1.942s] INFO:colcon.colcon_core.shell:Creating environment descriptor '/home/optimo/workspaces/maestro_ws/install/hand_pattern_recog/share/hand_pattern_recog/hook/cmake_prefix_path.dsv'
[1.943s] INFO:colcon.colcon_core.shell:Creating environment hook '/home/optimo/workspaces/maestro_ws/install/hand_pattern_recog/share/hand_pattern_recog/hook/cmake_prefix_path.sh'
[1.944s] Level 1:colcon.colcon_core.environment:checking '/home/optimo/workspaces/maestro_ws/install/hand_pattern_recog/lib'
[1.944s] Level 1:colcon.colcon_core.environment:checking '/home/optimo/workspaces/maestro_ws/install/hand_pattern_recog/bin'
[1.944s] Level 1:colcon.colcon_core.environment:checking '/home/optimo/workspaces/maestro_ws/install/hand_pattern_recog/lib/pkgconfig/hand_pattern_recog.pc'
[1.944s] Level 1:colcon.colcon_core.environment:checking '/home/optimo/workspaces/maestro_ws/install/hand_pattern_recog/lib/python3.10/site-packages'
[1.944s] Level 1:colcon.colcon_core.environment:checking '/home/optimo/workspaces/maestro_ws/install/hand_pattern_recog/bin'
[1.957s] INFO:colcon.colcon_core.shell:Creating package script '/home/optimo/workspaces/maestro_ws/install/hand_pattern_recog/share/hand_pattern_recog/package.ps1'
[1.958s] INFO:colcon.colcon_core.shell:Creating package descriptor '/home/optimo/workspaces/maestro_ws/install/hand_pattern_recog/share/hand_pattern_recog/package.dsv'
[1.958s] INFO:colcon.colcon_core.shell:Creating package script '/home/optimo/workspaces/maestro_ws/install/hand_pattern_recog/share/hand_pattern_recog/package.sh'
[1.959s] INFO:colcon.colcon_core.shell:Creating package script '/home/optimo/workspaces/maestro_ws/install/hand_pattern_recog/share/hand_pattern_recog/package.bash'
[1.959s] INFO:colcon.colcon_core.shell:Creating package script '/home/optimo/workspaces/maestro_ws/install/hand_pattern_recog/share/hand_pattern_recog/package.zsh'
[1.960s] Level 1:colcon.colcon_core.environment:create_file_with_runtime_dependencies(/home/optimo/workspaces/maestro_ws/install/hand_pattern_recog/share/colcon-core/packages/hand_pattern_recog)
[1.977s] DEBUG:colcon.colcon_core.event_handler.log_command:Invoked command in '/home/optimo/workspaces/maestro_ws/build/udp_receiver' returned '0': CMAKE_PREFIX_PATH=${CMAKE_PREFIX_PATH}:/home/optimo/workspaces/maestro_ws/install/spaceMouse_navigator:/home/optimo/workspaces/maestro_ws/install/data_collection:/home/optimo/workspaces/plato_ws/install/plato_pycontroller:/opt/ros/humble /usr/bin/cmake --build /home/optimo/workspaces/maestro_ws/build/udp_receiver -- -j20 -l20
[1.994s] Level 1:colcon.colcon_core.environment:create_environment_scripts_only(hand_pattern_recog)
[2.006s] Level 1:colcon.colcon_core.environment:checking '/home/optimo/workspaces/maestro_ws/install/hand_pattern_recog' for CMake module files
[2.006s] Level 1:colcon.colcon_core.environment:checking '/home/optimo/workspaces/maestro_ws/install/hand_pattern_recog' for CMake config files
[2.006s] Level 1:colcon.colcon_core.shell:create_environment_hook('hand_pattern_recog', 'cmake_prefix_path')
[2.017s] INFO:colcon.colcon_core.shell:Creating environment hook '/home/optimo/workspaces/maestro_ws/install/hand_pattern_recog/share/hand_pattern_recog/hook/cmake_prefix_path.ps1'
[2.018s] INFO:colcon.colcon_core.shell:Creating environment descriptor '/home/optimo/workspaces/maestro_ws/install/hand_pattern_recog/share/hand_pattern_recog/hook/cmake_prefix_path.dsv'
[2.018s] INFO:colcon.colcon_core.shell:Creating environment hook '/home/optimo/workspaces/maestro_ws/install/hand_pattern_recog/share/hand_pattern_recog/hook/cmake_prefix_path.sh'
[2.018s] Level 1:colcon.colcon_core.environment:checking '/home/optimo/workspaces/maestro_ws/install/hand_pattern_recog/lib'
[2.018s] Level 1:colcon.colcon_core.environment:checking '/home/optimo/workspaces/maestro_ws/install/hand_pattern_recog/bin'
[2.018s] Level 1:colcon.colcon_core.environment:checking '/home/optimo/workspaces/maestro_ws/install/hand_pattern_recog/lib/pkgconfig/hand_pattern_recog.pc'
[2.019s] Level 1:colcon.colcon_core.environment:checking '/home/optimo/workspaces/maestro_ws/install/hand_pattern_recog/lib/python3.10/site-packages'
[2.019s] Level 1:colcon.colcon_core.environment:checking '/home/optimo/workspaces/maestro_ws/install/hand_pattern_recog/bin'
[2.030s] INFO:colcon.colcon_core.shell:Creating package script '/home/optimo/workspaces/maestro_ws/install/hand_pattern_recog/share/hand_pattern_recog/package.ps1'
[2.031s] INFO:colcon.colcon_core.shell:Creating package descriptor '/home/optimo/workspaces/maestro_ws/install/hand_pattern_recog/share/hand_pattern_recog/package.dsv'
[2.031s] INFO:colcon.colcon_core.shell:Creating package script '/home/optimo/workspaces/maestro_ws/install/hand_pattern_recog/share/hand_pattern_recog/package.sh'
[2.031s] INFO:colcon.colcon_core.shell:Creating package script '/home/optimo/workspaces/maestro_ws/install/hand_pattern_recog/share/hand_pattern_recog/package.bash'
[2.032s] INFO:colcon.colcon_core.shell:Creating package script '/home/optimo/workspaces/maestro_ws/install/hand_pattern_recog/share/hand_pattern_recog/package.zsh'
[2.032s] Level 1:colcon.colcon_core.environment:create_file_with_runtime_dependencies(/home/optimo/workspaces/maestro_ws/install/hand_pattern_recog/share/colcon-core/packages/hand_pattern_recog)
[2.035s] DEBUG:colcon.colcon_core.event_handler.log_command:Invoking command in '/home/optimo/workspaces/maestro_ws/build/udp_receiver': CMAKE_PREFIX_PATH=${CMAKE_PREFIX_PATH}:/home/optimo/workspaces/maestro_ws/install/spaceMouse_navigator:/home/optimo/workspaces/maestro_ws/install/data_collection:/home/optimo/workspaces/plato_ws/install/plato_pycontroller:/opt/ros/humble /usr/bin/cmake --install /home/optimo/workspaces/maestro_ws/build/udp_receiver
[2.054s] Level 1:colcon.colcon_core.environment:create_environment_scripts_only(udp_receiver)
[2.055s] DEBUG:colcon.colcon_core.event_handler.log_command:Invoked command in '/home/optimo/workspaces/maestro_ws/build/udp_receiver' returned '0': CMAKE_PREFIX_PATH=${CMAKE_PREFIX_PATH}:/home/optimo/workspaces/maestro_ws/install/spaceMouse_navigator:/home/optimo/workspaces/maestro_ws/install/data_collection:/home/optimo/workspaces/plato_ws/install/plato_pycontroller:/opt/ros/humble /usr/bin/cmake --install /home/optimo/workspaces/maestro_ws/build/udp_receiver
[2.074s] Level 1:colcon.colcon_core.environment:checking '/home/optimo/workspaces/maestro_ws/install/udp_receiver' for CMake module files
[2.074s] Level 1:colcon.colcon_core.environment:checking '/home/optimo/workspaces/maestro_ws/install/udp_receiver' for CMake config files
[2.075s] Level 1:colcon.colcon_core.shell:create_environment_hook('udp_receiver', 'cmake_prefix_path')
[2.091s] INFO:colcon.colcon_core.shell:Creating environment hook '/home/optimo/workspaces/maestro_ws/install/udp_receiver/share/udp_receiver/hook/cmake_prefix_path.ps1'
[2.092s] INFO:colcon.colcon_core.shell:Creating environment descriptor '/home/optimo/workspaces/maestro_ws/install/udp_receiver/share/udp_receiver/hook/cmake_prefix_path.dsv'
[2.092s] INFO:colcon.colcon_core.shell:Creating environment hook '/home/optimo/workspaces/maestro_ws/install/udp_receiver/share/udp_receiver/hook/cmake_prefix_path.sh'
[2.093s] Level 1:colcon.colcon_core.environment:checking '/home/optimo/workspaces/maestro_ws/install/udp_receiver/lib'
[2.093s] Level 1:colcon.colcon_core.environment:checking '/home/optimo/workspaces/maestro_ws/install/udp_receiver/bin'
[2.093s] Level 1:colcon.colcon_core.environment:checking '/home/optimo/workspaces/maestro_ws/install/udp_receiver/lib/pkgconfig/udp_receiver.pc'
[2.093s] Level 1:colcon.colcon_core.environment:checking '/home/optimo/workspaces/maestro_ws/install/udp_receiver/lib/python3.10/site-packages'
[2.093s] Level 1:colcon.colcon_core.environment:checking '/home/optimo/workspaces/maestro_ws/install/udp_receiver/bin'
[2.110s] INFO:colcon.colcon_core.shell:Creating package script '/home/optimo/workspaces/maestro_ws/install/udp_receiver/share/udp_receiver/package.ps1'
[2.110s] INFO:colcon.colcon_core.shell:Creating package descriptor '/home/optimo/workspaces/maestro_ws/install/udp_receiver/share/udp_receiver/package.dsv'
[2.111s] INFO:colcon.colcon_core.shell:Creating package script '/home/optimo/workspaces/maestro_ws/install/udp_receiver/share/udp_receiver/package.sh'
[2.111s] INFO:colcon.colcon_core.shell:Creating package script '/home/optimo/workspaces/maestro_ws/install/udp_receiver/share/udp_receiver/package.bash'
[2.111s] INFO:colcon.colcon_core.shell:Creating package script '/home/optimo/workspaces/maestro_ws/install/udp_receiver/share/udp_receiver/package.zsh'
[2.112s] Level 1:colcon.colcon_core.environment:create_file_with_runtime_dependencies(/home/optimo/workspaces/maestro_ws/install/udp_receiver/share/colcon-core/packages/udp_receiver)
[2.158s] Level 1:colcon.colcon_core.environment:create_environment_scripts_only(udp_receiver)
[2.170s] Level 1:colcon.colcon_core.environment:checking '/home/optimo/workspaces/maestro_ws/install/udp_receiver' for CMake module files
[2.170s] Level 1:colcon.colcon_core.environment:checking '/home/optimo/workspaces/maestro_ws/install/udp_receiver' for CMake config files
[2.171s] Level 1:colcon.colcon_core.shell:create_environment_hook('udp_receiver', 'cmake_prefix_path')
[2.181s] INFO:colcon.colcon_core.shell:Creating environment hook '/home/optimo/workspaces/maestro_ws/install/udp_receiver/share/udp_receiver/hook/cmake_prefix_path.ps1'
[2.182s] INFO:colcon.colcon_core.shell:Creating environment descriptor '/home/optimo/workspaces/maestro_ws/install/udp_receiver/share/udp_receiver/hook/cmake_prefix_path.dsv'
[2.182s] INFO:colcon.colcon_core.shell:Creating environment hook '/home/optimo/workspaces/maestro_ws/install/udp_receiver/share/udp_receiver/hook/cmake_prefix_path.sh'
[2.182s] Level 1:colcon.colcon_core.environment:checking '/home/optimo/workspaces/maestro_ws/install/udp_receiver/lib'
[2.182s] Level 1:colcon.colcon_core.environment:checking '/home/optimo/workspaces/maestro_ws/install/udp_receiver/bin'
[2.182s] Level 1:colcon.colcon_core.environment:checking '/home/optimo/workspaces/maestro_ws/install/udp_receiver/lib/pkgconfig/udp_receiver.pc'
[2.183s] Level 1:colcon.colcon_core.environment:checking '/home/optimo/workspaces/maestro_ws/install/udp_receiver/lib/python3.10/site-packages'
[2.183s] Level 1:colcon.colcon_core.environment:checking '/home/optimo/workspaces/maestro_ws/install/udp_receiver/bin'
[2.194s] INFO:colcon.colcon_core.shell:Creating package script '/home/optimo/workspaces/maestro_ws/install/udp_receiver/share/udp_receiver/package.ps1'
[2.194s] INFO:colcon.colcon_core.shell:Creating package descriptor '/home/optimo/workspaces/maestro_ws/install/udp_receiver/share/udp_receiver/package.dsv'
[2.194s] INFO:colcon.colcon_core.shell:Creating package script '/home/optimo/workspaces/maestro_ws/install/udp_receiver/share/udp_receiver/package.sh'
[2.195s] INFO:colcon.colcon_core.shell:Creating package script '/home/optimo/workspaces/maestro_ws/install/udp_receiver/share/udp_receiver/package.bash'
[2.195s] INFO:colcon.colcon_core.shell:Creating package script '/home/optimo/workspaces/maestro_ws/install/udp_receiver/share/udp_receiver/package.zsh'
[2.195s] Level 1:colcon.colcon_core.environment:create_file_with_runtime_dependencies(/home/optimo/workspaces/maestro_ws/install/udp_receiver/share/colcon-core/packages/udp_receiver)
[2.198s] DEBUG:colcon.colcon_core.event_handler.log_command:Invoking command in '/home/optimo/workspaces/maestro_ws/build/data_collection': PYTHONPATH=/home/optimo/workspaces/maestro_ws/build/data_collection/prefix_override:/home/optimo/workspaces/maestro_ws/install/data_collection/lib/python3.10/site-packages:${PYTHONPATH} /usr/bin/python3 setup.py develop --editable --build-directory /home/optimo/workspaces/maestro_ws/build/data_collection/build --no-deps install_data
[2.199s] DEBUG:colcon.colcon_core.event_handler.log_command:Invoking command in '/home/optimo/workspaces/maestro_ws/build/spaceMouse_navigator': PYTHONPATH=/home/optimo/workspaces/maestro_ws/build/spaceMouse_navigator/prefix_override:/home/optimo/workspaces/maestro_ws/install/spaceMouse_navigator/lib/python3.10/site-packages:${PYTHONPATH} /usr/bin/python3 setup.py develop --editable --build-directory /home/optimo/workspaces/maestro_ws/build/spaceMouse_navigator/build --no-deps install_data
[2.591s] Level 1:colcon.colcon_core.shell:create_environment_hook('data_collection', 'pythonpath_develop')
[2.592s] DEBUG:colcon.colcon_core.event_handler.log_command:Invoked command in '/home/optimo/workspaces/maestro_ws/build/data_collection' returned '0': PYTHONPATH=/home/optimo/workspaces/maestro_ws/build/data_collection/prefix_override:/home/optimo/workspaces/maestro_ws/install/data_collection/lib/python3.10/site-packages:${PYTHONPATH} /usr/bin/python3 setup.py develop --editable --build-directory /home/optimo/workspaces/maestro_ws/build/data_collection/build --no-deps install_data
[2.605s] INFO:colcon.colcon_core.shell:Creating environment hook '/home/optimo/workspaces/maestro_ws/build/data_collection/share/data_collection/hook/pythonpath_develop.ps1'
[2.605s] INFO:colcon.colcon_core.shell:Creating environment descriptor '/home/optimo/workspaces/maestro_ws/build/data_collection/share/data_collection/hook/pythonpath_develop.dsv'
[2.606s] INFO:colcon.colcon_core.shell:Creating environment hook '/home/optimo/workspaces/maestro_ws/build/data_collection/share/data_collection/hook/pythonpath_develop.sh'
[2.615s] Level 1:colcon.colcon_core.environment:checking '/home/optimo/workspaces/maestro_ws/install/data_collection' for CMake module files
[2.615s] Level 1:colcon.colcon_core.environment:checking '/home/optimo/workspaces/maestro_ws/install/data_collection' for CMake config files
[2.616s] Level 1:colcon.colcon_core.environment:checking '/home/optimo/workspaces/maestro_ws/install/data_collection/lib'
[2.616s] Level 1:colcon.colcon_core.environment:checking '/home/optimo/workspaces/maestro_ws/install/data_collection/bin'
[2.616s] Level 1:colcon.colcon_core.environment:checking '/home/optimo/workspaces/maestro_ws/install/data_collection/lib/pkgconfig/data_collection.pc'
[2.616s] Level 1:colcon.colcon_core.environment:checking '/home/optimo/workspaces/maestro_ws/install/data_collection/lib/python3.10/site-packages'
[2.616s] Level 1:colcon.colcon_core.shell:create_environment_hook('data_collection', 'pythonpath')
[2.626s] INFO:colcon.colcon_core.shell:Creating environment hook '/home/optimo/workspaces/maestro_ws/install/data_collection/share/data_collection/hook/pythonpath.ps1'
[2.626s] INFO:colcon.colcon_core.shell:Creating environment descriptor '/home/optimo/workspaces/maestro_ws/install/data_collection/share/data_collection/hook/pythonpath.dsv'
[2.626s] INFO:colcon.colcon_core.shell:Creating environment hook '/home/optimo/workspaces/maestro_ws/install/data_collection/share/data_collection/hook/pythonpath.sh'
[2.627s] Level 1:colcon.colcon_core.environment:checking '/home/optimo/workspaces/maestro_ws/install/data_collection/bin'
[2.627s] Level 1:colcon.colcon_core.environment:create_environment_scripts_only(data_collection)
[2.635s] INFO:colcon.colcon_core.shell:Creating package script '/home/optimo/workspaces/maestro_ws/install/data_collection/share/data_collection/package.ps1'
[2.636s] INFO:colcon.colcon_core.shell:Creating package descriptor '/home/optimo/workspaces/maestro_ws/install/data_collection/share/data_collection/package.dsv'
[2.636s] INFO:colcon.colcon_core.shell:Creating package script '/home/optimo/workspaces/maestro_ws/install/data_collection/share/data_collection/package.sh'
[2.637s] INFO:colcon.colcon_core.shell:Creating package script '/home/optimo/workspaces/maestro_ws/install/data_collection/share/data_collection/package.bash'
[2.637s] INFO:colcon.colcon_core.shell:Creating package script '/home/optimo/workspaces/maestro_ws/install/data_collection/share/data_collection/package.zsh'
[2.637s] Level 1:colcon.colcon_core.environment:create_file_with_runtime_dependencies(/home/optimo/workspaces/maestro_ws/install/data_collection/share/colcon-core/packages/data_collection)
[2.638s] Level 1:colcon.colcon_core.shell:create_environment_hook('spaceMouse_navigator', 'pythonpath_develop')
[2.639s] DEBUG:colcon.colcon_core.event_handler.log_command:Invoked command in '/home/optimo/workspaces/maestro_ws/build/spaceMouse_navigator' returned '0': PYTHONPATH=/home/optimo/workspaces/maestro_ws/build/spaceMouse_navigator/prefix_override:/home/optimo/workspaces/maestro_ws/install/spaceMouse_navigator/lib/python3.10/site-packages:${PYTHONPATH} /usr/bin/python3 setup.py develop --editable --build-directory /home/optimo/workspaces/maestro_ws/build/spaceMouse_navigator/build --no-deps install_data
[2.652s] INFO:colcon.colcon_core.shell:Creating environment hook '/home/optimo/workspaces/maestro_ws/build/spaceMouse_navigator/share/spaceMouse_navigator/hook/pythonpath_develop.ps1'
[2.652s] INFO:colcon.colcon_core.shell:Creating environment descriptor '/home/optimo/workspaces/maestro_ws/build/spaceMouse_navigator/share/spaceMouse_navigator/hook/pythonpath_develop.dsv'
[2.653s] INFO:colcon.colcon_core.shell:Creating environment hook '/home/optimo/workspaces/maestro_ws/build/spaceMouse_navigator/share/spaceMouse_navigator/hook/pythonpath_develop.sh'
[2.667s] Level 1:colcon.colcon_core.environment:checking '/home/optimo/workspaces/maestro_ws/install/spaceMouse_navigator' for CMake module files
[2.668s] Level 1:colcon.colcon_core.environment:checking '/home/optimo/workspaces/maestro_ws/install/spaceMouse_navigator' for CMake config files
[2.668s] Level 1:colcon.colcon_core.environment:checking '/home/optimo/workspaces/maestro_ws/install/spaceMouse_navigator/lib'
[2.668s] Level 1:colcon.colcon_core.environment:checking '/home/optimo/workspaces/maestro_ws/install/spaceMouse_navigator/bin'
[2.669s] Level 1:colcon.colcon_core.environment:checking '/home/optimo/workspaces/maestro_ws/install/spaceMouse_navigator/lib/pkgconfig/spaceMouse_navigator.pc'
[2.669s] Level 1:colcon.colcon_core.environment:checking '/home/optimo/workspaces/maestro_ws/install/spaceMouse_navigator/lib/python3.10/site-packages'
[2.669s] Level 1:colcon.colcon_core.shell:create_environment_hook('spaceMouse_navigator', 'pythonpath')
[2.683s] INFO:colcon.colcon_core.shell:Creating environment hook '/home/optimo/workspaces/maestro_ws/install/spaceMouse_navigator/share/spaceMouse_navigator/hook/pythonpath.ps1'
[2.684s] INFO:colcon.colcon_core.shell:Creating environment descriptor '/home/optimo/workspaces/maestro_ws/install/spaceMouse_navigator/share/spaceMouse_navigator/hook/pythonpath.dsv'
[2.684s] INFO:colcon.colcon_core.shell:Creating environment hook '/home/optimo/workspaces/maestro_ws/install/spaceMouse_navigator/share/spaceMouse_navigator/hook/pythonpath.sh'
[2.685s] Level 1:colcon.colcon_core.environment:checking '/home/optimo/workspaces/maestro_ws/install/spaceMouse_navigator/bin'
[2.685s] Level 1:colcon.colcon_core.environment:create_environment_scripts_only(spaceMouse_navigator)
[2.699s] INFO:colcon.colcon_core.shell:Creating package script '/home/optimo/workspaces/maestro_ws/install/spaceMouse_navigator/share/spaceMouse_navigator/package.ps1'
[2.699s] INFO:colcon.colcon_core.shell:Creating package descriptor '/home/optimo/workspaces/maestro_ws/install/spaceMouse_navigator/share/spaceMouse_navigator/package.dsv'
[2.700s] INFO:colcon.colcon_core.shell:Creating package script '/home/optimo/workspaces/maestro_ws/install/spaceMouse_navigator/share/spaceMouse_navigator/package.sh'
[2.700s] INFO:colcon.colcon_core.shell:Creating package script '/home/optimo/workspaces/maestro_ws/install/spaceMouse_navigator/share/spaceMouse_navigator/package.bash'
[2.700s] INFO:colcon.colcon_core.shell:Creating package script '/home/optimo/workspaces/maestro_ws/install/spaceMouse_navigator/share/spaceMouse_navigator/package.zsh'
[2.701s] Level 1:colcon.colcon_core.environment:create_file_with_runtime_dependencies(/home/optimo/workspaces/maestro_ws/install/spaceMouse_navigator/share/colcon-core/packages/spaceMouse_navigator)
[18.031s] DEBUG:colcon.colcon_core.event_handler.log_command:Invoked command in '/home/optimo/workspaces/maestro_ws/build/plato_teleop' returned '0': CMAKE_PREFIX_PATH=${CMAKE_PREFIX_PATH}:/home/optimo/workspaces/maestro_ws/install/spaceMouse_navigator:/home/optimo/workspaces/maestro_ws/install/data_collection:/home/optimo/workspaces/plato_ws/install/plato_pycontroller:/opt/ros/humble /usr/bin/cmake --build /home/optimo/workspaces/maestro_ws/build/plato_teleop -- -j20 -l20
[18.050s] DEBUG:colcon.colcon_core.event_handler.log_command:Invoking command in '/home/optimo/workspaces/maestro_ws/build/plato_teleop': CMAKE_PREFIX_PATH=${CMAKE_PREFIX_PATH}:/home/optimo/workspaces/maestro_ws/install/spaceMouse_navigator:/home/optimo/workspaces/maestro_ws/install/data_collection:/home/optimo/workspaces/plato_ws/install/plato_pycontroller:/opt/ros/humble /usr/bin/cmake --install /home/optimo/workspaces/maestro_ws/build/plato_teleop
[18.065s] Level 1:colcon.colcon_core.environment:create_environment_scripts_only(plato_teleop)
[18.065s] DEBUG:colcon.colcon_core.event_handler.log_command:Invoked command in '/home/optimo/workspaces/maestro_ws/build/plato_teleop' returned '0': CMAKE_PREFIX_PATH=${CMAKE_PREFIX_PATH}:/home/optimo/workspaces/maestro_ws/install/spaceMouse_navigator:/home/optimo/workspaces/maestro_ws/install/data_collection:/home/optimo/workspaces/plato_ws/install/plato_pycontroller:/opt/ros/humble /usr/bin/cmake --install /home/optimo/workspaces/maestro_ws/build/plato_teleop
[18.074s] Level 1:colcon.colcon_core.environment:checking '/home/optimo/workspaces/maestro_ws/install/plato_teleop' for CMake module files
[18.074s] Level 1:colcon.colcon_core.environment:checking '/home/optimo/workspaces/maestro_ws/install/plato_teleop' for CMake config files
[18.074s] Level 1:colcon.colcon_core.shell:create_environment_hook('plato_teleop', 'cmake_prefix_path')
[18.083s] INFO:colcon.colcon_core.shell:Creating environment hook '/home/optimo/workspaces/maestro_ws/install/plato_teleop/share/plato_teleop/hook/cmake_prefix_path.ps1'
[18.083s] INFO:colcon.colcon_core.shell:Creating environment descriptor '/home/optimo/workspaces/maestro_ws/install/plato_teleop/share/plato_teleop/hook/cmake_prefix_path.dsv'
[18.084s] INFO:colcon.colcon_core.shell:Creating environment hook '/home/optimo/workspaces/maestro_ws/install/plato_teleop/share/plato_teleop/hook/cmake_prefix_path.sh'
[18.084s] Level 1:colcon.colcon_core.environment:checking '/home/optimo/workspaces/maestro_ws/install/plato_teleop/lib'
[18.084s] Level 1:colcon.colcon_core.environment:checking '/home/optimo/workspaces/maestro_ws/install/plato_teleop/bin'
[18.084s] Level 1:colcon.colcon_core.environment:checking '/home/optimo/workspaces/maestro_ws/install/plato_teleop/lib/pkgconfig/plato_teleop.pc'
[18.084s] Level 1:colcon.colcon_core.environment:checking '/home/optimo/workspaces/maestro_ws/install/plato_teleop/lib/python3.10/site-packages'
[18.084s] Level 1:colcon.colcon_core.environment:checking '/home/optimo/workspaces/maestro_ws/install/plato_teleop/bin'
[18.096s] INFO:colcon.colcon_core.shell:Creating package script '/home/optimo/workspaces/maestro_ws/install/plato_teleop/share/plato_teleop/package.ps1'
[18.097s] INFO:colcon.colcon_core.shell:Creating package descriptor '/home/optimo/workspaces/maestro_ws/install/plato_teleop/share/plato_teleop/package.dsv'
[18.097s] INFO:colcon.colcon_core.shell:Creating package script '/home/optimo/workspaces/maestro_ws/install/plato_teleop/share/plato_teleop/package.sh'
[18.097s] INFO:colcon.colcon_core.shell:Creating package script '/home/optimo/workspaces/maestro_ws/install/plato_teleop/share/plato_teleop/package.bash'
[18.097s] INFO:colcon.colcon_core.shell:Creating package script '/home/optimo/workspaces/maestro_ws/install/plato_teleop/share/plato_teleop/package.zsh'
[18.098s] Level 1:colcon.colcon_core.environment:create_file_with_runtime_dependencies(/home/optimo/workspaces/maestro_ws/install/plato_teleop/share/colcon-core/packages/plato_teleop)
[18.127s] Level 1:colcon.colcon_core.environment:create_environment_scripts_only(plato_teleop)
[18.137s] Level 1:colcon.colcon_core.environment:checking '/home/optimo/workspaces/maestro_ws/install/plato_teleop' for CMake module files
[18.138s] Level 1:colcon.colcon_core.environment:checking '/home/optimo/workspaces/maestro_ws/install/plato_teleop' for CMake config files
[18.138s] Level 1:colcon.colcon_core.shell:create_environment_hook('plato_teleop', 'cmake_prefix_path')
[18.146s] INFO:colcon.colcon_core.shell:Creating environment hook '/home/optimo/workspaces/maestro_ws/install/plato_teleop/share/plato_teleop/hook/cmake_prefix_path.ps1'
[18.147s] INFO:colcon.colcon_core.shell:Creating environment descriptor '/home/optimo/workspaces/maestro_ws/install/plato_teleop/share/plato_teleop/hook/cmake_prefix_path.dsv'
[18.147s] INFO:colcon.colcon_core.shell:Creating environment hook '/home/optimo/workspaces/maestro_ws/install/plato_teleop/share/plato_teleop/hook/cmake_prefix_path.sh'
[18.147s] Level 1:colcon.colcon_core.environment:checking '/home/optimo/workspaces/maestro_ws/install/plato_teleop/lib'
[18.147s] Level 1:colcon.colcon_core.environment:checking '/home/optimo/workspaces/maestro_ws/install/plato_teleop/bin'
[18.147s] Level 1:colcon.colcon_core.environment:checking '/home/optimo/workspaces/maestro_ws/install/plato_teleop/lib/pkgconfig/plato_teleop.pc'
[18.147s] Level 1:colcon.colcon_core.environment:checking '/home/optimo/workspaces/maestro_ws/install/plato_teleop/lib/python3.10/site-packages'
[18.148s] Level 1:colcon.colcon_core.environment:checking '/home/optimo/workspaces/maestro_ws/install/plato_teleop/bin'
[18.158s] INFO:colcon.colcon_core.shell:Creating package script '/home/optimo/workspaces/maestro_ws/install/plato_teleop/share/plato_teleop/package.ps1'
[18.158s] INFO:colcon.colcon_core.shell:Creating package descriptor '/home/optimo/workspaces/maestro_ws/install/plato_teleop/share/plato_teleop/package.dsv'
[18.159s] INFO:colcon.colcon_core.shell:Creating package script '/home/optimo/workspaces/maestro_ws/install/plato_teleop/share/plato_teleop/package.sh'
[18.159s] INFO:colcon.colcon_core.shell:Creating package script '/home/optimo/workspaces/maestro_ws/install/plato_teleop/share/plato_teleop/package.bash'
[18.159s] INFO:colcon.colcon_core.shell:Creating package script '/home/optimo/workspaces/maestro_ws/install/plato_teleop/share/plato_teleop/package.zsh'
[18.159s] Level 1:colcon.colcon_core.environment:create_file_with_runtime_dependencies(/home/optimo/workspaces/maestro_ws/install/plato_teleop/share/colcon-core/packages/plato_teleop)
[18.159s] DEBUG:colcon.colcon_parallel_executor.executor.parallel:closing loop
[18.160s] DEBUG:colcon.colcon_parallel_executor.executor.parallel:loop closed
[18.160s] DEBUG:colcon.colcon_parallel_executor.executor.parallel:run_until_complete finished with '0'
[18.160s] DEBUG:colcon.colcon_core.event_reactor:joining thread
[18.172s] INFO:colcon.colcon_core.plugin_system:Skipping extension 'colcon_notification.desktop_notification.terminal_notifier': Not used on non-Darwin systems
[18.172s] INFO:colcon.colcon_core.plugin_system:Skipping extension 'colcon_notification.desktop_notification.win32': Not used on non-Windows systems
[18.172s] INFO:colcon.colcon_notification.desktop_notification:Sending desktop notification using 'notify2'
[18.179s] DEBUG:colcon.colcon_core.event_reactor:joined thread
[18.191s] INFO:colcon.colcon_core.shell:Creating prefix script '/home/optimo/workspaces/maestro_ws/install/local_setup.ps1'
[18.191s] INFO:colcon.colcon_core.shell:Creating prefix util module '/home/optimo/workspaces/maestro_ws/install/_local_setup_util_ps1.py'
[18.192s] INFO:colcon.colcon_core.shell:Creating prefix chain script '/home/optimo/workspaces/maestro_ws/install/setup.ps1'
[18.206s] INFO:colcon.colcon_core.shell:Creating prefix script '/home/optimo/workspaces/maestro_ws/install/local_setup.sh'
[18.206s] INFO:colcon.colcon_core.shell:Creating prefix util module '/home/optimo/workspaces/maestro_ws/install/_local_setup_util_sh.py'
[18.207s] INFO:colcon.colcon_core.shell:Creating prefix chain script '/home/optimo/workspaces/maestro_ws/install/setup.sh'
[18.220s] INFO:colcon.colcon_core.shell:Creating prefix script '/home/optimo/workspaces/maestro_ws/install/local_setup.bash'
[18.220s] INFO:colcon.colcon_core.shell:Creating prefix chain script '/home/optimo/workspaces/maestro_ws/install/setup.bash'
[18.229s] INFO:colcon.colcon_core.shell:Creating prefix script '/home/optimo/workspaces/maestro_ws/install/local_setup.zsh'
[18.230s] INFO:colcon.colcon_core.shell:Creating prefix chain script '/home/optimo/workspaces/maestro_ws/install/setup.zsh'
