[0.435s] Invoking command in '/home/optimo/workspaces/maestro_ws/build/udp_receiver': CMAKE_PREFIX_PATH=${CMAKE_PREFIX_PATH}:/home/optimo/workspaces/plato_ws/install/plato_pycontroller:/home/optimo/workspaces/spacemouse_ws/install/spaceMouse_navigator:/home/optimo/workspaces/spacemouse_ws/install/data_collection:/opt/ros/humble /usr/bin/cmake /home/optimo/workspaces/maestro_ws/src/udp_receiver -DAMENT_CMAKE_SYMLINK_INSTALL=1 -DCMAKE_INSTALL_PREFIX=/home/optimo/workspaces/maestro_ws/install/udp_receiver
[0.447s] -- Checking for module 'glut'
[0.449s] --   No package 'glut' found
[0.451s] -- Found ament_cmake: 1.3.7 (/opt/ros/humble/share/ament_cmake/cmake)
[0.556s] -- Override CMake install command with custom implementation using symlinks instead of copying resources
[0.560s] -- Found rclcpp: 16.0.8 (/opt/ros/humble/share/rclcpp/cmake)
[0.580s] -- Found rosidl_generator_c: 3.1.5 (/opt/ros/humble/share/rosidl_generator_c/cmake)
[0.582s] -- Found rosidl_adapter: 3.1.5 (/opt/ros/humble/share/rosidl_adapter/cmake)
[0.587s] -- Found rosidl_generator_cpp: 3.1.5 (/opt/ros/humble/share/rosidl_generator_cpp/cmake)
[0.598s] -- Using all available rosidl_typesupport_c: rosidl_typesupport_fastrtps_c;rosidl_typesupport_introspection_c
[0.614s] -- Using all available rosidl_typesupport_cpp: rosidl_typesupport_fastrtps_cpp;rosidl_typesupport_introspection_cpp
[0.670s] -- Found rmw_implementation_cmake: 6.1.1 (/opt/ros/humble/share/rmw_implementation_cmake/cmake)
[0.672s] -- Found rmw_fastrtps_cpp: 6.2.6 (/opt/ros/humble/share/rmw_fastrtps_cpp/cmake)
[0.757s] -- Using RMW implementation 'rmw_fastrtps_cpp' as default
[0.852s] -- Found sensor_msgs: 4.2.3 (/opt/ros/humble/share/sensor_msgs/cmake)
[1.023s] -- Configuring done
[1.106s] -- Generating done
[1.107s] -- Build files have been written to: /home/optimo/workspaces/maestro_ws/build/udp_receiver
[1.113s] Invoked command in '/home/optimo/workspaces/maestro_ws/build/udp_receiver' returned '0': CMAKE_PREFIX_PATH=${CMAKE_PREFIX_PATH}:/home/optimo/workspaces/plato_ws/install/plato_pycontroller:/home/optimo/workspaces/spacemouse_ws/install/spaceMouse_navigator:/home/optimo/workspaces/spacemouse_ws/install/data_collection:/opt/ros/humble /usr/bin/cmake /home/optimo/workspaces/maestro_ws/src/udp_receiver -DAMENT_CMAKE_SYMLINK_INSTALL=1 -DCMAKE_INSTALL_PREFIX=/home/optimo/workspaces/maestro_ws/install/udp_receiver
[1.114s] Invoking command in '/home/optimo/workspaces/maestro_ws/build/udp_receiver': CMAKE_PREFIX_PATH=${CMAKE_PREFIX_PATH}:/home/optimo/workspaces/plato_ws/install/plato_pycontroller:/home/optimo/workspaces/spacemouse_ws/install/spaceMouse_navigator:/home/optimo/workspaces/spacemouse_ws/install/data_collection:/opt/ros/humble /usr/bin/cmake --build /home/optimo/workspaces/maestro_ws/build/udp_receiver -- -j20 -l20
[1.138s] [35m[1mConsolidate compiler generated dependencies of target render_test[0m
[1.139s] [35m[1mConsolidate compiler generated dependencies of target UDPReceiver[0m
[1.139s] [35m[1mConsolidate compiler generated dependencies of target UDPReceiver_mthread[0m
[1.147s] [  9%] [32m[1mLinking CXX executable render_test[0m
[1.154s] [ 18%] [32m[1mLinking CXX executable UDPReceiver[0m
[1.155s] [ 27%] [32m[1mLinking CXX executable UDPReceiver_mthread[0m
[1.737s] [ 54%] Built target UDPReceiver_mthread
[108.959s] [ 72%] Built target render_test
[123.455s] [100%] Built target UDPReceiver
[123.461s] Invoked command in '/home/optimo/workspaces/maestro_ws/build/udp_receiver' returned '0': CMAKE_PREFIX_PATH=${CMAKE_PREFIX_PATH}:/home/optimo/workspaces/plato_ws/install/plato_pycontroller:/home/optimo/workspaces/spacemouse_ws/install/spaceMouse_navigator:/home/optimo/workspaces/spacemouse_ws/install/data_collection:/opt/ros/humble /usr/bin/cmake --build /home/optimo/workspaces/maestro_ws/build/udp_receiver -- -j20 -l20
[123.479s] Invoking command in '/home/optimo/workspaces/maestro_ws/build/udp_receiver': CMAKE_PREFIX_PATH=${CMAKE_PREFIX_PATH}:/home/optimo/workspaces/plato_ws/install/plato_pycontroller:/home/optimo/workspaces/spacemouse_ws/install/spaceMouse_navigator:/home/optimo/workspaces/spacemouse_ws/install/data_collection:/opt/ros/humble /usr/bin/cmake --install /home/optimo/workspaces/maestro_ws/build/udp_receiver
[123.483s] -- Install configuration: ""
[123.483s] -- Execute custom install script
[123.483s] -- Symlinking: /home/optimo/workspaces/maestro_ws/install/udp_receiver/lib/udp_receiver/UDPReceiver
[123.488s] -- Symlinking: /home/optimo/workspaces/maestro_ws/install/udp_receiver/lib/udp_receiver/UDPReceiver_mthread
[123.492s] -- Symlinking: /home/optimo/workspaces/maestro_ws/install/udp_receiver/lib/udp_receiver/render_test
[123.496s] -- Symlinking: /home/optimo/workspaces/maestro_ws/install/udp_receiver/share/ament_index/resource_index/package_run_dependencies/udp_receiver
[123.500s] -- Symlinking: /home/optimo/workspaces/maestro_ws/install/udp_receiver/share/ament_index/resource_index/parent_prefix_path/udp_receiver
[123.505s] -- Symlinking: /home/optimo/workspaces/maestro_ws/install/udp_receiver/share/udp_receiver/environment/ament_prefix_path.sh
[123.509s] -- Symlinking: /home/optimo/workspaces/maestro_ws/install/udp_receiver/share/udp_receiver/environment/ament_prefix_path.dsv
[123.513s] -- Symlinking: /home/optimo/workspaces/maestro_ws/install/udp_receiver/share/udp_receiver/environment/path.sh
[123.518s] -- Symlinking: /home/optimo/workspaces/maestro_ws/install/udp_receiver/share/udp_receiver/environment/path.dsv
[123.522s] -- Symlinking: /home/optimo/workspaces/maestro_ws/install/udp_receiver/share/udp_receiver/local_setup.bash
[123.526s] -- Symlinking: /home/optimo/workspaces/maestro_ws/install/udp_receiver/share/udp_receiver/local_setup.sh
[123.531s] -- Symlinking: /home/optimo/workspaces/maestro_ws/install/udp_receiver/share/udp_receiver/local_setup.zsh
[123.535s] -- Symlinking: /home/optimo/workspaces/maestro_ws/install/udp_receiver/share/udp_receiver/local_setup.dsv
[123.542s] -- Symlinking: /home/optimo/workspaces/maestro_ws/install/udp_receiver/share/udp_receiver/package.dsv
[123.547s] -- Symlinking: /home/optimo/workspaces/maestro_ws/install/udp_receiver/share/ament_index/resource_index/packages/udp_receiver
[123.551s] -- Symlinking: /home/optimo/workspaces/maestro_ws/install/udp_receiver/share/udp_receiver/cmake/udp_receiverConfig.cmake
[123.555s] -- Symlinking: /home/optimo/workspaces/maestro_ws/install/udp_receiver/share/udp_receiver/cmake/udp_receiverConfig-version.cmake
[123.560s] -- Symlinking: /home/optimo/workspaces/maestro_ws/install/udp_receiver/share/udp_receiver/package.xml
[123.565s] Invoked command in '/home/optimo/workspaces/maestro_ws/build/udp_receiver' returned '0': CMAKE_PREFIX_PATH=${CMAKE_PREFIX_PATH}:/home/optimo/workspaces/plato_ws/install/plato_pycontroller:/home/optimo/workspaces/spacemouse_ws/install/spaceMouse_navigator:/home/optimo/workspaces/spacemouse_ws/install/data_collection:/opt/ros/humble /usr/bin/cmake --install /home/optimo/workspaces/maestro_ws/build/udp_receiver
