[1.174s] Invoking command in '/home/optimo/workspaces/maestro_ws/build/data_collection': PYTHONPATH=/home/optimo/workspaces/maestro_ws/build/data_collection/prefix_override:/home/optimo/workspaces/maestro_ws/install/data_collection/lib/python3.10/site-packages:${PYTHONPATH} /usr/bin/python3 setup.py develop --editable --build-directory /home/optimo/workspaces/maestro_ws/build/data_collection/build --no-deps install_data
[1.404s] running develop
[1.405s] /usr/lib/python3/dist-packages/setuptools/command/easy_install.py:158: EasyInstallDeprecationWarning: easy_install command is deprecated. Use build and pip and other standards-based tools.
[1.405s]   warnings.warn(
[1.406s] /usr/lib/python3/dist-packages/setuptools/command/install.py:34: SetuptoolsDeprecationWarning: setup.py install is deprecated. Use build and pip and other standards-based tools.
[1.406s]   warnings.warn(
[1.538s] running egg_info
[1.538s] writing data_collection.egg-info/PKG-INFO
[1.538s] writing dependency_links to data_collection.egg-info/dependency_links.txt
[1.538s] writing entry points to data_collection.egg-info/entry_points.txt
[1.539s] writing requirements to data_collection.egg-info/requires.txt
[1.539s] writing top-level names to data_collection.egg-info/top_level.txt
[1.540s] reading manifest file 'data_collection.egg-info/SOURCES.txt'
[1.541s] writing manifest file 'data_collection.egg-info/SOURCES.txt'
[1.542s] running build_ext
[1.542s] Creating /home/optimo/workspaces/maestro_ws/install/data_collection/lib/python3.10/site-packages/data-collection.egg-link (link to .)
[1.543s] Installing data_collection script to /home/optimo/workspaces/maestro_ws/install/data_collection/lib/data_collection
[1.543s] 
[1.544s] Installed /home/optimo/workspaces/maestro_ws/build/data_collection
[1.544s] running install_data
[1.632s] Invoked command in '/home/optimo/workspaces/maestro_ws/build/data_collection' returned '0': PYTHONPATH=/home/optimo/workspaces/maestro_ws/build/data_collection/prefix_override:/home/optimo/workspaces/maestro_ws/install/data_collection/lib/python3.10/site-packages:${PYTHONPATH} /usr/bin/python3 setup.py develop --editable --build-directory /home/optimo/workspaces/maestro_ws/build/data_collection/build --no-deps install_data
