running egg_info
writing ../../build/spaceMouse_navigator/spaceMouse_navigator.egg-info/PKG-INFO
writing dependency_links to ../../build/spaceMouse_navigator/spaceMouse_navigator.egg-info/dependency_links.txt
writing entry points to ../../build/spaceMouse_navigator/spaceMouse_navigator.egg-info/entry_points.txt
writing requirements to ../../build/spaceMouse_navigator/spaceMouse_navigator.egg-info/requires.txt
writing top-level names to ../../build/spaceMouse_navigator/spaceMouse_navigator.egg-info/top_level.txt
reading manifest file '../../build/spaceMouse_navigator/spaceMouse_navigator.egg-info/SOURCES.txt'
writing manifest file '../../build/spaceMouse_navigator/spaceMouse_navigator.egg-info/SOURCES.txt'
running build
running build_py
running install
/usr/lib/python3/dist-packages/setuptools/command/install.py:34: SetuptoolsDeprecationWarning: setup.py install is deprecated. Use build and pip and other standards-based tools.
  warnings.warn(
running install_lib
running install_data
running install_egg_info
removing '/home/optimo/workspaces/maestro_ws/install/spaceMouse_navigator/lib/python3.10/site-packages/spaceMouse_navigator-0.0.0-py3.10.egg-info' (and everything under it)
Copying ../../build/spaceMouse_navigator/spaceMouse_navigator.egg-info to /home/optimo/workspaces/maestro_ws/install/spaceMouse_navigator/lib/python3.10/site-packages/spaceMouse_navigator-0.0.0-py3.10.egg-info
running install_scripts
Installing spaceMouse_motionTest script to /home/optimo/workspaces/maestro_ws/install/spaceMouse_navigator/lib/spaceMouse_navigator
Installing spaceMouse_publisher script to /home/optimo/workspaces/maestro_ws/install/spaceMouse_navigator/lib/spaceMouse_navigator
writing list of installed files to '/home/optimo/workspaces/maestro_ws/build/spaceMouse_navigator/install.log'
