[0.942s] Invoking command in '/home/optimo/workspaces/maestro_ws/build/spaceMouse_navigator': PYTHONPATH=/home/optimo/workspaces/maestro_ws/build/spaceMouse_navigator/prefix_override:/home/optimo/workspaces/maestro_ws/install/spaceMouse_navigator/lib/python3.10/site-packages:${PYTHONPATH} /usr/bin/python3 setup.py develop --editable --build-directory /home/optimo/workspaces/maestro_ws/build/spaceMouse_navigator/build --no-deps install_data
[1.157s] running develop
[1.158s] /usr/lib/python3/dist-packages/setuptools/command/easy_install.py:158: EasyInstallDeprecationWarning: easy_install command is deprecated. Use build and pip and other standards-based tools.
[1.158s]   warnings.warn(
[1.159s] /usr/lib/python3/dist-packages/setuptools/command/install.py:34: SetuptoolsDeprecationWarning: setup.py install is deprecated. Use build and pip and other standards-based tools.
[1.159s]   warnings.warn(
[1.292s] running egg_info
[1.292s] writing spaceMouse_navigator.egg-info/PKG-INFO
[1.292s] writing dependency_links to spaceMouse_navigator.egg-info/dependency_links.txt
[1.292s] writing entry points to spaceMouse_navigator.egg-info/entry_points.txt
[1.292s] writing requirements to spaceMouse_navigator.egg-info/requires.txt
[1.293s] writing top-level names to spaceMouse_navigator.egg-info/top_level.txt
[1.294s] reading manifest file 'spaceMouse_navigator.egg-info/SOURCES.txt'
[1.295s] writing manifest file 'spaceMouse_navigator.egg-info/SOURCES.txt'
[1.297s] running build_ext
[1.297s] Creating /home/optimo/workspaces/maestro_ws/install/spaceMouse_navigator/lib/python3.10/site-packages/spaceMouse-navigator.egg-link (link to .)
[1.297s] Installing spaceMouse_motionTest script to /home/optimo/workspaces/maestro_ws/install/spaceMouse_navigator/lib/spaceMouse_navigator
[1.297s] Installing spaceMouse_publisher script to /home/optimo/workspaces/maestro_ws/install/spaceMouse_navigator/lib/spaceMouse_navigator
[1.298s] 
[1.298s] Installed /home/optimo/workspaces/maestro_ws/build/spaceMouse_navigator
[1.298s] running install_data
[1.324s] Invoked command in '/home/optimo/workspaces/maestro_ws/build/spaceMouse_navigator' returned '0': PYTHONPATH=/home/optimo/workspaces/maestro_ws/build/spaceMouse_navigator/prefix_override:/home/optimo/workspaces/maestro_ws/install/spaceMouse_navigator/lib/python3.10/site-packages:${PYTHONPATH} /usr/bin/python3 setup.py develop --editable --build-directory /home/optimo/workspaces/maestro_ws/build/spaceMouse_navigator/build --no-deps install_data
