[0.903s] Invoking command in '/home/optimo/workspaces/maestro_ws/src/data_collection': PYTHONPATH=/home/optimo/workspaces/maestro_ws/build/data_collection/prefix_override:/home/optimo/workspaces/maestro_ws/install/data_collection/lib/python3.10/site-packages:${PYTHONPATH} /usr/bin/python3 setup.py egg_info --egg-base ../../build/data_collection build --build-base /home/optimo/workspaces/maestro_ws/build/data_collection/build install --record /home/optimo/workspaces/maestro_ws/build/data_collection/install.log --single-version-externally-managed
[1.044s] running egg_info
[1.045s] writing ../../build/data_collection/data_collection.egg-info/PKG-INFO
[1.046s] writing dependency_links to ../../build/data_collection/data_collection.egg-info/dependency_links.txt
[1.046s] writing entry points to ../../build/data_collection/data_collection.egg-info/entry_points.txt
[1.046s] writing requirements to ../../build/data_collection/data_collection.egg-info/requires.txt
[1.046s] writing top-level names to ../../build/data_collection/data_collection.egg-info/top_level.txt
[1.047s] reading manifest file '../../build/data_collection/data_collection.egg-info/SOURCES.txt'
[1.047s] writing manifest file '../../build/data_collection/data_collection.egg-info/SOURCES.txt'
[1.047s] running build
[1.047s] running build_py
[1.047s] running install
[1.047s] /usr/lib/python3/dist-packages/setuptools/command/install.py:34: SetuptoolsDeprecationWarning: setup.py install is deprecated. Use build and pip and other standards-based tools.
[1.048s]   warnings.warn(
[1.048s] running install_lib
[1.048s] running install_data
[1.048s] running install_egg_info
[1.049s] removing '/home/optimo/workspaces/maestro_ws/install/data_collection/lib/python3.10/site-packages/data_collection-0.0.0-py3.10.egg-info' (and everything under it)
[1.049s] Copying ../../build/data_collection/data_collection.egg-info to /home/optimo/workspaces/maestro_ws/install/data_collection/lib/python3.10/site-packages/data_collection-0.0.0-py3.10.egg-info
[1.049s] running install_scripts
[1.061s] Installing data_collection script to /home/optimo/workspaces/maestro_ws/install/data_collection/lib/data_collection
[1.062s] writing list of installed files to '/home/optimo/workspaces/maestro_ws/build/data_collection/install.log'
[1.079s] Invoked command in '/home/optimo/workspaces/maestro_ws/src/data_collection' returned '0': PYTHONPATH=/home/optimo/workspaces/maestro_ws/build/data_collection/prefix_override:/home/optimo/workspaces/maestro_ws/install/data_collection/lib/python3.10/site-packages:${PYTHONPATH} /usr/bin/python3 setup.py egg_info --egg-base ../../build/data_collection build --build-base /home/optimo/workspaces/maestro_ws/build/data_collection/build install --record /home/optimo/workspaces/maestro_ws/build/data_collection/install.log --single-version-externally-managed
