[0.502s] Invoking command in '/home/optimo/workspaces/maestro_ws/build/hand_pattern_recog': CMAKE_PREFIX_PATH=${CMAKE_PREFIX_PATH}:/home/optimo/workspaces/maestro_ws/install/spaceMouse_navigator:/home/optimo/workspaces/maestro_ws/install/data_collection:/home/optimo/workspaces/plato_ws/install/plato_pycontroller:/opt/ros/humble /usr/bin/cmake /home/optimo/workspaces/maestro_ws/src/hand_pattern_recog -DAMENT_CMAKE_SYMLINK_INSTALL=1 -DCMAKE_INSTALL_PREFIX=/home/optimo/workspaces/maestro_ws/install/hand_pattern_recog
[0.760s] -- Found ament_cmake: 1.3.7 (/opt/ros/humble/share/ament_cmake/cmake)
[0.760s] -- Override CMake install command with custom implementation using symlinks instead of copying resources
[0.761s] -- Found rclcpp: 16.0.8 (/opt/ros/humble/share/rclcpp/cmake)
[0.761s] -- Found rosidl_generator_c: 3.1.5 (/opt/ros/humble/share/rosidl_generator_c/cmake)
[0.761s] -- Found rosidl_adapter: 3.1.5 (/opt/ros/humble/share/rosidl_adapter/cmake)
[0.761s] -- Found rosidl_generator_cpp: 3.1.5 (/opt/ros/humble/share/rosidl_generator_cpp/cmake)
[0.761s] -- Using all available rosidl_typesupport_c: rosidl_typesupport_fastrtps_c;rosidl_typesupport_introspection_c
[0.762s] -- Using all available rosidl_typesupport_cpp: rosidl_typesupport_fastrtps_cpp;rosidl_typesupport_introspection_cpp
[0.762s] -- Found rmw_implementation_cmake: 6.1.1 (/opt/ros/humble/share/rmw_implementation_cmake/cmake)
[0.762s] -- Found rmw_fastrtps_cpp: 6.2.6 (/opt/ros/humble/share/rmw_fastrtps_cpp/cmake)
[0.848s] -- Using RMW implementation 'rmw_fastrtps_cpp' as default
[0.994s] -- Found sensor_msgs: 4.2.3 (/opt/ros/humble/share/sensor_msgs/cmake)
[1.214s] -- Configuring done
[1.277s] -- Generating done
[1.281s] -- Build files have been written to: /home/optimo/workspaces/maestro_ws/build/hand_pattern_recog
[1.287s] Invoked command in '/home/optimo/workspaces/maestro_ws/build/hand_pattern_recog' returned '0': CMAKE_PREFIX_PATH=${CMAKE_PREFIX_PATH}:/home/optimo/workspaces/maestro_ws/install/spaceMouse_navigator:/home/optimo/workspaces/maestro_ws/install/data_collection:/home/optimo/workspaces/plato_ws/install/plato_pycontroller:/opt/ros/humble /usr/bin/cmake /home/optimo/workspaces/maestro_ws/src/hand_pattern_recog -DAMENT_CMAKE_SYMLINK_INSTALL=1 -DCMAKE_INSTALL_PREFIX=/home/optimo/workspaces/maestro_ws/install/hand_pattern_recog
[1.288s] Invoking command in '/home/optimo/workspaces/maestro_ws/build/hand_pattern_recog': CMAKE_PREFIX_PATH=${CMAKE_PREFIX_PATH}:/home/optimo/workspaces/maestro_ws/install/spaceMouse_navigator:/home/optimo/workspaces/maestro_ws/install/data_collection:/home/optimo/workspaces/plato_ws/install/plato_pycontroller:/opt/ros/humble /usr/bin/cmake --build /home/optimo/workspaces/maestro_ws/build/hand_pattern_recog -- -j20 -l20
[1.323s] [35m[1mConsolidate compiler generated dependencies of target hand_pattern_recog[0m
[1.341s] [100%] Built target hand_pattern_recog
[1.348s] Invoked command in '/home/optimo/workspaces/maestro_ws/build/hand_pattern_recog' returned '0': CMAKE_PREFIX_PATH=${CMAKE_PREFIX_PATH}:/home/optimo/workspaces/maestro_ws/install/spaceMouse_navigator:/home/optimo/workspaces/maestro_ws/install/data_collection:/home/optimo/workspaces/plato_ws/install/plato_pycontroller:/opt/ros/humble /usr/bin/cmake --build /home/optimo/workspaces/maestro_ws/build/hand_pattern_recog -- -j20 -l20
[1.374s] Invoking command in '/home/optimo/workspaces/maestro_ws/build/hand_pattern_recog': CMAKE_PREFIX_PATH=${CMAKE_PREFIX_PATH}:/home/optimo/workspaces/maestro_ws/install/spaceMouse_navigator:/home/optimo/workspaces/maestro_ws/install/data_collection:/home/optimo/workspaces/plato_ws/install/plato_pycontroller:/opt/ros/humble /usr/bin/cmake --install /home/optimo/workspaces/maestro_ws/build/hand_pattern_recog
[1.379s] -- Install configuration: ""
[1.379s] -- Execute custom install script
[1.379s] -- Up-to-date symlink: /home/optimo/workspaces/maestro_ws/install/hand_pattern_recog/lib/hand_pattern_recog/hand_pattern_recog
[1.379s] -- Up-to-date symlink: /home/optimo/workspaces/maestro_ws/install/hand_pattern_recog/share/ament_index/resource_index/package_run_dependencies/hand_pattern_recog
[1.380s] -- Up-to-date symlink: /home/optimo/workspaces/maestro_ws/install/hand_pattern_recog/share/ament_index/resource_index/parent_prefix_path/hand_pattern_recog
[1.380s] -- Up-to-date symlink: /home/optimo/workspaces/maestro_ws/install/hand_pattern_recog/share/hand_pattern_recog/environment/ament_prefix_path.sh
[1.380s] -- Up-to-date symlink: /home/optimo/workspaces/maestro_ws/install/hand_pattern_recog/share/hand_pattern_recog/environment/ament_prefix_path.dsv
[1.380s] -- Up-to-date symlink: /home/optimo/workspaces/maestro_ws/install/hand_pattern_recog/share/hand_pattern_recog/environment/path.sh
[1.380s] -- Up-to-date symlink: /home/optimo/workspaces/maestro_ws/install/hand_pattern_recog/share/hand_pattern_recog/environment/path.dsv
[1.381s] -- Up-to-date symlink: /home/optimo/workspaces/maestro_ws/install/hand_pattern_recog/share/hand_pattern_recog/local_setup.bash
[1.381s] -- Up-to-date symlink: /home/optimo/workspaces/maestro_ws/install/hand_pattern_recog/share/hand_pattern_recog/local_setup.sh
[1.381s] -- Up-to-date symlink: /home/optimo/workspaces/maestro_ws/install/hand_pattern_recog/share/hand_pattern_recog/local_setup.zsh
[1.381s] -- Up-to-date symlink: /home/optimo/workspaces/maestro_ws/install/hand_pattern_recog/share/hand_pattern_recog/local_setup.dsv
[1.381s] -- Symlinking: /home/optimo/workspaces/maestro_ws/install/hand_pattern_recog/share/hand_pattern_recog/package.dsv
[1.391s] -- Up-to-date symlink: /home/optimo/workspaces/maestro_ws/install/hand_pattern_recog/share/ament_index/resource_index/packages/hand_pattern_recog
[1.391s] -- Up-to-date symlink: /home/optimo/workspaces/maestro_ws/install/hand_pattern_recog/share/hand_pattern_recog/cmake/hand_pattern_recogConfig.cmake
[1.391s] -- Up-to-date symlink: /home/optimo/workspaces/maestro_ws/install/hand_pattern_recog/share/hand_pattern_recog/cmake/hand_pattern_recogConfig-version.cmake
[1.391s] -- Up-to-date symlink: /home/optimo/workspaces/maestro_ws/install/hand_pattern_recog/share/hand_pattern_recog/package.xml
[1.393s] Invoked command in '/home/optimo/workspaces/maestro_ws/build/hand_pattern_recog' returned '0': CMAKE_PREFIX_PATH=${CMAKE_PREFIX_PATH}:/home/optimo/workspaces/maestro_ws/install/spaceMouse_navigator:/home/optimo/workspaces/maestro_ws/install/data_collection:/home/optimo/workspaces/plato_ws/install/plato_pycontroller:/opt/ros/humble /usr/bin/cmake --install /home/optimo/workspaces/maestro_ws/build/hand_pattern_recog
