[0.743s] Invoking command in '/home/optimo/workspaces/maestro_ws/src/spaceMouse_navigator': PYTHONPATH=/home/optimo/workspaces/maestro_ws/build/spaceMouse_navigator/prefix_override:/home/optimo/workspaces/maestro_ws/install/spaceMouse_navigator/lib/python3.10/site-packages:${PYTHONPATH} /usr/bin/python3 setup.py egg_info --egg-base ../../build/spaceMouse_navigator build --build-base /home/optimo/workspaces/maestro_ws/build/spaceMouse_navigator/build install --record /home/optimo/workspaces/maestro_ws/build/spaceMouse_navigator/install.log --single-version-externally-managed
[0.910s] running egg_info
[0.911s] writing ../../build/spaceMouse_navigator/spaceMouse_navigator.egg-info/PKG-INFO
[0.911s] writing dependency_links to ../../build/spaceMouse_navigator/spaceMouse_navigator.egg-info/dependency_links.txt
[0.911s] writing entry points to ../../build/spaceMouse_navigator/spaceMouse_navigator.egg-info/entry_points.txt
[0.911s] writing requirements to ../../build/spaceMouse_navigator/spaceMouse_navigator.egg-info/requires.txt
[0.911s] writing top-level names to ../../build/spaceMouse_navigator/spaceMouse_navigator.egg-info/top_level.txt
[0.912s] reading manifest file '../../build/spaceMouse_navigator/spaceMouse_navigator.egg-info/SOURCES.txt'
[0.913s] writing manifest file '../../build/spaceMouse_navigator/spaceMouse_navigator.egg-info/SOURCES.txt'
[0.913s] running build
[0.913s] running build_py
[0.913s] running install
[0.913s] /usr/lib/python3/dist-packages/setuptools/command/install.py:34: SetuptoolsDeprecationWarning: setup.py install is deprecated. Use build and pip and other standards-based tools.
[0.913s]   warnings.warn(
[0.913s] running install_lib
[0.914s] running install_data
[0.914s] running install_egg_info
[0.915s] removing '/home/optimo/workspaces/maestro_ws/install/spaceMouse_navigator/lib/python3.10/site-packages/spaceMouse_navigator-0.0.0-py3.10.egg-info' (and everything under it)
[0.915s] Copying ../../build/spaceMouse_navigator/spaceMouse_navigator.egg-info to /home/optimo/workspaces/maestro_ws/install/spaceMouse_navigator/lib/python3.10/site-packages/spaceMouse_navigator-0.0.0-py3.10.egg-info
[0.916s] running install_scripts
[0.927s] Installing spaceMouse_motionTest script to /home/optimo/workspaces/maestro_ws/install/spaceMouse_navigator/lib/spaceMouse_navigator
[0.927s] Installing spaceMouse_publisher script to /home/optimo/workspaces/maestro_ws/install/spaceMouse_navigator/lib/spaceMouse_navigator
[0.927s] writing list of installed files to '/home/optimo/workspaces/maestro_ws/build/spaceMouse_navigator/install.log'
[0.942s] Invoked command in '/home/optimo/workspaces/maestro_ws/src/spaceMouse_navigator' returned '0': PYTHONPATH=/home/optimo/workspaces/maestro_ws/build/spaceMouse_navigator/prefix_override:/home/optimo/workspaces/maestro_ws/install/spaceMouse_navigator/lib/python3.10/site-packages:${PYTHONPATH} /usr/bin/python3 setup.py egg_info --egg-base ../../build/spaceMouse_navigator build --build-base /home/optimo/workspaces/maestro_ws/build/spaceMouse_navigator/build install --record /home/optimo/workspaces/maestro_ws/build/spaceMouse_navigator/install.log --single-version-externally-managed
