[0.075s] DEBUG:colcon:Command line arguments: ['/usr/bin/colcon', 'build', '--symlink-install']
[0.075s] DEBUG:colcon:Parsed command line arguments: Namespace(log_base=None, log_level=None, verb_name='build', build_base='build', install_base='install', merge_install=False, symlink_install=True, test_result_base=None, continue_on_error=False, executor='parallel', parallel_workers=20, event_handlers=None, ignore_user_meta=False, metas=['./colcon.meta'], base_paths=['.'], packages_ignore=None, packages_ignore_regex=None, paths=None, packages_up_to=None, packages_up_to_regex=None, packages_above=None, packages_above_and_dependencies=None, packages_above_depth=None, packages_select_by_dep=None, packages_skip_by_dep=None, packages_skip_up_to=None, packages_select_build_failed=False, packages_skip_build_finished=False, packages_select_test_failures=False, packages_skip_test_passed=False, packages_select=None, packages_skip=None, packages_select_regex=None, packages_skip_regex=None, packages_start=None, packages_end=None, allow_overriding=[], cmake_args=None, cmake_target=None, cmake_target_skip_unavailable=False, cmake_clean_cache=False, cmake_clean_first=False, cmake_force_configure=False, ament_cmake_args=None, catkin_cmake_args=None, catkin_skip_building_tests=False, verb_parser=<colcon_defaults.argument_parser.defaults.DefaultArgumentsDecorator object at 0x7fd411232170>, verb_extension=<colcon_core.verb.build.BuildVerb object at 0x7fd411433790>, main=<bound method BuildVerb.main of <colcon_core.verb.build.BuildVerb object at 0x7fd411433790>>)
[0.187s] Level 1:colcon.colcon_core.package_discovery:discover_packages(colcon_meta) check parameters
[0.187s] Level 1:colcon.colcon_core.package_discovery:discover_packages(recursive) check parameters
[0.187s] Level 1:colcon.colcon_core.package_discovery:discover_packages(ignore) check parameters
[0.187s] Level 1:colcon.colcon_core.package_discovery:discover_packages(path) check parameters
[0.187s] Level 1:colcon.colcon_core.package_discovery:discover_packages(colcon_meta) discover
[0.187s] Level 1:colcon.colcon_core.package_discovery:discover_packages(recursive) discover
[0.187s] INFO:colcon.colcon_core.package_discovery:Crawling recursively for packages in '/home/optimo/workspaces/maestro_ws'
[0.187s] Level 1:colcon.colcon_core.package_identification:_identify(.) by extensions ['ignore', 'ignore_ament_install']
[0.187s] Level 1:colcon.colcon_core.package_identification:_identify(.) by extension 'ignore'
[0.187s] Level 1:colcon.colcon_core.package_identification:_identify(.) by extension 'ignore_ament_install'
[0.187s] Level 1:colcon.colcon_core.package_identification:_identify(.) by extensions ['colcon_pkg']
[0.187s] Level 1:colcon.colcon_core.package_identification:_identify(.) by extension 'colcon_pkg'
[0.187s] Level 1:colcon.colcon_core.package_identification:_identify(.) by extensions ['colcon_meta']
[0.187s] Level 1:colcon.colcon_core.package_identification:_identify(.) by extension 'colcon_meta'
[0.187s] Level 1:colcon.colcon_core.package_identification:_identify(.) by extensions ['ros']
[0.187s] Level 1:colcon.colcon_core.package_identification:_identify(.) by extension 'ros'
[0.209s] Level 1:colcon.colcon_core.package_identification:_identify(.) by extensions ['cmake', 'python']
[0.209s] Level 1:colcon.colcon_core.package_identification:_identify(.) by extension 'cmake'
[0.209s] Level 1:colcon.colcon_core.package_identification:_identify(.) by extension 'python'
[0.209s] Level 1:colcon.colcon_core.package_identification:_identify(.) by extensions ['python_setup_py']
[0.209s] Level 1:colcon.colcon_core.package_identification:_identify(.) by extension 'python_setup_py'
[0.209s] Level 1:colcon.colcon_core.package_identification:_identify(build) by extensions ['ignore', 'ignore_ament_install']
[0.209s] Level 1:colcon.colcon_core.package_identification:_identify(build) by extension 'ignore'
[0.209s] Level 1:colcon.colcon_core.package_identification:_identify(build) ignored
[0.209s] Level 1:colcon.colcon_core.package_identification:_identify(install) by extensions ['ignore', 'ignore_ament_install']
[0.209s] Level 1:colcon.colcon_core.package_identification:_identify(install) by extension 'ignore'
[0.209s] Level 1:colcon.colcon_core.package_identification:_identify(install) ignored
[0.209s] Level 1:colcon.colcon_core.package_identification:_identify(log) by extensions ['ignore', 'ignore_ament_install']
[0.209s] Level 1:colcon.colcon_core.package_identification:_identify(log) by extension 'ignore'
[0.209s] Level 1:colcon.colcon_core.package_identification:_identify(log) ignored
[0.209s] Level 1:colcon.colcon_core.package_identification:_identify(src) by extensions ['ignore', 'ignore_ament_install']
[0.209s] Level 1:colcon.colcon_core.package_identification:_identify(src) by extension 'ignore'
[0.209s] Level 1:colcon.colcon_core.package_identification:_identify(src) by extension 'ignore_ament_install'
[0.209s] Level 1:colcon.colcon_core.package_identification:_identify(src) by extensions ['colcon_pkg']
[0.209s] Level 1:colcon.colcon_core.package_identification:_identify(src) by extension 'colcon_pkg'
[0.209s] Level 1:colcon.colcon_core.package_identification:_identify(src) by extensions ['colcon_meta']
[0.209s] Level 1:colcon.colcon_core.package_identification:_identify(src) by extension 'colcon_meta'
[0.210s] Level 1:colcon.colcon_core.package_identification:_identify(src) by extensions ['ros']
[0.210s] Level 1:colcon.colcon_core.package_identification:_identify(src) by extension 'ros'
[0.210s] Level 1:colcon.colcon_core.package_identification:_identify(src) by extensions ['cmake', 'python']
[0.210s] Level 1:colcon.colcon_core.package_identification:_identify(src) by extension 'cmake'
[0.210s] Level 1:colcon.colcon_core.package_identification:_identify(src) by extension 'python'
[0.210s] Level 1:colcon.colcon_core.package_identification:_identify(src) by extensions ['python_setup_py']
[0.210s] Level 1:colcon.colcon_core.package_identification:_identify(src) by extension 'python_setup_py'
[0.210s] Level 1:colcon.colcon_core.package_identification:_identify(src/data_collection) by extensions ['ignore', 'ignore_ament_install']
[0.210s] Level 1:colcon.colcon_core.package_identification:_identify(src/data_collection) by extension 'ignore'
[0.210s] Level 1:colcon.colcon_core.package_identification:_identify(src/data_collection) by extension 'ignore_ament_install'
[0.210s] Level 1:colcon.colcon_core.package_identification:_identify(src/data_collection) by extensions ['colcon_pkg']
[0.210s] Level 1:colcon.colcon_core.package_identification:_identify(src/data_collection) by extension 'colcon_pkg'
[0.210s] Level 1:colcon.colcon_core.package_identification:_identify(src/data_collection) by extensions ['colcon_meta']
[0.210s] Level 1:colcon.colcon_core.package_identification:_identify(src/data_collection) by extension 'colcon_meta'
[0.210s] Level 1:colcon.colcon_core.package_identification:_identify(src/data_collection) by extensions ['ros']
[0.210s] Level 1:colcon.colcon_core.package_identification:_identify(src/data_collection) by extension 'ros'
[0.212s] DEBUG:colcon.colcon_core.package_identification:Package 'src/data_collection' with type 'ros.ament_python' and name 'data_collection'
[0.212s] Level 1:colcon.colcon_core.package_identification:_identify(src/hand_pattern_recog) by extensions ['ignore', 'ignore_ament_install']
[0.212s] Level 1:colcon.colcon_core.package_identification:_identify(src/hand_pattern_recog) by extension 'ignore'
[0.212s] Level 1:colcon.colcon_core.package_identification:_identify(src/hand_pattern_recog) by extension 'ignore_ament_install'
[0.212s] Level 1:colcon.colcon_core.package_identification:_identify(src/hand_pattern_recog) by extensions ['colcon_pkg']
[0.212s] Level 1:colcon.colcon_core.package_identification:_identify(src/hand_pattern_recog) by extension 'colcon_pkg'
[0.212s] Level 1:colcon.colcon_core.package_identification:_identify(src/hand_pattern_recog) by extensions ['colcon_meta']
[0.212s] Level 1:colcon.colcon_core.package_identification:_identify(src/hand_pattern_recog) by extension 'colcon_meta'
[0.212s] Level 1:colcon.colcon_core.package_identification:_identify(src/hand_pattern_recog) by extensions ['ros']
[0.212s] Level 1:colcon.colcon_core.package_identification:_identify(src/hand_pattern_recog) by extension 'ros'
[0.212s] DEBUG:colcon.colcon_core.package_identification:Package 'src/hand_pattern_recog' with type 'ros.ament_cmake' and name 'hand_pattern_recog'
[0.212s] Level 1:colcon.colcon_core.package_identification:_identify(src/log) by extensions ['ignore', 'ignore_ament_install']
[0.212s] Level 1:colcon.colcon_core.package_identification:_identify(src/log) by extension 'ignore'
[0.212s] Level 1:colcon.colcon_core.package_identification:_identify(src/log) ignored
[0.213s] Level 1:colcon.colcon_core.package_identification:_identify(src/plato_teleop) by extensions ['ignore', 'ignore_ament_install']
[0.213s] Level 1:colcon.colcon_core.package_identification:_identify(src/plato_teleop) by extension 'ignore'
[0.213s] Level 1:colcon.colcon_core.package_identification:_identify(src/plato_teleop) by extension 'ignore_ament_install'
[0.213s] Level 1:colcon.colcon_core.package_identification:_identify(src/plato_teleop) by extensions ['colcon_pkg']
[0.213s] Level 1:colcon.colcon_core.package_identification:_identify(src/plato_teleop) by extension 'colcon_pkg'
[0.213s] Level 1:colcon.colcon_core.package_identification:_identify(src/plato_teleop) by extensions ['colcon_meta']
[0.213s] Level 1:colcon.colcon_core.package_identification:_identify(src/plato_teleop) by extension 'colcon_meta'
[0.213s] Level 1:colcon.colcon_core.package_identification:_identify(src/plato_teleop) by extensions ['ros']
[0.213s] Level 1:colcon.colcon_core.package_identification:_identify(src/plato_teleop) by extension 'ros'
[0.213s] DEBUG:colcon.colcon_core.package_identification:Package 'src/plato_teleop' with type 'ros.ament_cmake' and name 'plato_teleop'
[0.213s] Level 1:colcon.colcon_core.package_identification:_identify(src/spaceMouse_navigator) by extensions ['ignore', 'ignore_ament_install']
[0.213s] Level 1:colcon.colcon_core.package_identification:_identify(src/spaceMouse_navigator) by extension 'ignore'
[0.213s] Level 1:colcon.colcon_core.package_identification:_identify(src/spaceMouse_navigator) by extension 'ignore_ament_install'
[0.213s] Level 1:colcon.colcon_core.package_identification:_identify(src/spaceMouse_navigator) by extensions ['colcon_pkg']
[0.213s] Level 1:colcon.colcon_core.package_identification:_identify(src/spaceMouse_navigator) by extension 'colcon_pkg'
[0.213s] Level 1:colcon.colcon_core.package_identification:_identify(src/spaceMouse_navigator) by extensions ['colcon_meta']
[0.213s] Level 1:colcon.colcon_core.package_identification:_identify(src/spaceMouse_navigator) by extension 'colcon_meta'
[0.213s] Level 1:colcon.colcon_core.package_identification:_identify(src/spaceMouse_navigator) by extensions ['ros']
[0.213s] Level 1:colcon.colcon_core.package_identification:_identify(src/spaceMouse_navigator) by extension 'ros'
[0.214s] DEBUG:colcon.colcon_core.package_identification:Package 'src/spaceMouse_navigator' with type 'ros.ament_python' and name 'spaceMouse_navigator'
[0.214s] Level 1:colcon.colcon_core.package_identification:_identify(src/udp_receiver) by extensions ['ignore', 'ignore_ament_install']
[0.214s] Level 1:colcon.colcon_core.package_identification:_identify(src/udp_receiver) by extension 'ignore'
[0.214s] Level 1:colcon.colcon_core.package_identification:_identify(src/udp_receiver) by extension 'ignore_ament_install'
[0.214s] Level 1:colcon.colcon_core.package_identification:_identify(src/udp_receiver) by extensions ['colcon_pkg']
[0.214s] Level 1:colcon.colcon_core.package_identification:_identify(src/udp_receiver) by extension 'colcon_pkg'
[0.214s] Level 1:colcon.colcon_core.package_identification:_identify(src/udp_receiver) by extensions ['colcon_meta']
[0.214s] Level 1:colcon.colcon_core.package_identification:_identify(src/udp_receiver) by extension 'colcon_meta'
[0.214s] Level 1:colcon.colcon_core.package_identification:_identify(src/udp_receiver) by extensions ['ros']
[0.214s] Level 1:colcon.colcon_core.package_identification:_identify(src/udp_receiver) by extension 'ros'
[0.214s] DEBUG:colcon.colcon_core.package_identification:Package 'src/udp_receiver' with type 'ros.ament_cmake' and name 'udp_receiver'
[0.215s] Level 1:colcon.colcon_core.package_identification:_identify(trajectories) by extensions ['ignore', 'ignore_ament_install']
[0.215s] Level 1:colcon.colcon_core.package_identification:_identify(trajectories) by extension 'ignore'
[0.215s] Level 1:colcon.colcon_core.package_identification:_identify(trajectories) by extension 'ignore_ament_install'
[0.215s] Level 1:colcon.colcon_core.package_identification:_identify(trajectories) by extensions ['colcon_pkg']
[0.215s] Level 1:colcon.colcon_core.package_identification:_identify(trajectories) by extension 'colcon_pkg'
[0.215s] Level 1:colcon.colcon_core.package_identification:_identify(trajectories) by extensions ['colcon_meta']
[0.215s] Level 1:colcon.colcon_core.package_identification:_identify(trajectories) by extension 'colcon_meta'
[0.215s] Level 1:colcon.colcon_core.package_identification:_identify(trajectories) by extensions ['ros']
[0.215s] Level 1:colcon.colcon_core.package_identification:_identify(trajectories) by extension 'ros'
[0.215s] Level 1:colcon.colcon_core.package_identification:_identify(trajectories) by extensions ['cmake', 'python']
[0.215s] Level 1:colcon.colcon_core.package_identification:_identify(trajectories) by extension 'cmake'
[0.215s] Level 1:colcon.colcon_core.package_identification:_identify(trajectories) by extension 'python'
[0.215s] Level 1:colcon.colcon_core.package_identification:_identify(trajectories) by extensions ['python_setup_py']
[0.215s] Level 1:colcon.colcon_core.package_identification:_identify(trajectories) by extension 'python_setup_py'
[0.215s] Level 1:colcon.colcon_core.package_identification:_identify(trajectories/log) by extensions ['ignore', 'ignore_ament_install']
[0.215s] Level 1:colcon.colcon_core.package_identification:_identify(trajectories/log) by extension 'ignore'
[0.215s] Level 1:colcon.colcon_core.package_identification:_identify(trajectories/log) ignored
[0.215s] Level 1:colcon.colcon_core.package_discovery:discover_packages(recursive) using defaults
[0.215s] Level 1:colcon.colcon_core.package_discovery:discover_packages(ignore) discover
[0.215s] Level 1:colcon.colcon_core.package_discovery:discover_packages(ignore) using defaults
[0.215s] Level 1:colcon.colcon_core.package_discovery:discover_packages(path) discover
[0.215s] Level 1:colcon.colcon_core.package_discovery:discover_packages(path) using defaults
[0.226s] Level 1:colcon.colcon_core.package_discovery:discover_packages(prefix_path) check parameters
[0.226s] Level 1:colcon.colcon_core.package_discovery:discover_packages(prefix_path) discover
[0.228s] DEBUG:colcon.colcon_installed_package_information.package_discovery:Found 13 installed packages in /home/optimo/workspaces/plato_ws/install
[0.228s] DEBUG:colcon.colcon_installed_package_information.package_discovery:Found 3 installed packages in /home/optimo/roboligent_sdk/optimo_controller/ros_wrapper/install
[0.229s] DEBUG:colcon.colcon_installed_package_information.package_discovery:Found 5 installed packages in /home/optimo/workspaces/maestro_ws/install
[0.229s] DEBUG:colcon.colcon_installed_package_information.package_discovery:Found 369 installed packages in /opt/ros/humble
[0.230s] Level 1:colcon.colcon_core.package_discovery:discover_packages(prefix_path) using defaults
[0.255s] Level 5:colcon.colcon_core.verb:set package 'data_collection' build argument 'cmake_args' from command line to 'None'
[0.255s] Level 5:colcon.colcon_core.verb:set package 'data_collection' build argument 'cmake_target' from command line to 'None'
[0.255s] Level 5:colcon.colcon_core.verb:set package 'data_collection' build argument 'cmake_target_skip_unavailable' from command line to 'False'
[0.255s] Level 5:colcon.colcon_core.verb:set package 'data_collection' build argument 'cmake_clean_cache' from command line to 'False'
[0.255s] Level 5:colcon.colcon_core.verb:set package 'data_collection' build argument 'cmake_clean_first' from command line to 'False'
[0.255s] Level 5:colcon.colcon_core.verb:set package 'data_collection' build argument 'cmake_force_configure' from command line to 'False'
[0.255s] Level 5:colcon.colcon_core.verb:set package 'data_collection' build argument 'ament_cmake_args' from command line to 'None'
[0.255s] Level 5:colcon.colcon_core.verb:set package 'data_collection' build argument 'catkin_cmake_args' from command line to 'None'
[0.255s] Level 5:colcon.colcon_core.verb:set package 'data_collection' build argument 'catkin_skip_building_tests' from command line to 'False'
[0.255s] DEBUG:colcon.colcon_core.verb:Building package 'data_collection' with the following arguments: {'ament_cmake_args': None, 'build_base': '/home/optimo/workspaces/maestro_ws/build/data_collection', 'catkin_cmake_args': None, 'catkin_skip_building_tests': False, 'cmake_args': None, 'cmake_clean_cache': False, 'cmake_clean_first': False, 'cmake_force_configure': False, 'cmake_target': None, 'cmake_target_skip_unavailable': False, 'install_base': '/home/optimo/workspaces/maestro_ws/install/data_collection', 'merge_install': False, 'path': '/home/optimo/workspaces/maestro_ws/src/data_collection', 'symlink_install': True, 'test_result_base': None}
[0.255s] Level 5:colcon.colcon_core.verb:set package 'hand_pattern_recog' build argument 'cmake_args' from command line to 'None'
[0.255s] Level 5:colcon.colcon_core.verb:set package 'hand_pattern_recog' build argument 'cmake_target' from command line to 'None'
[0.255s] Level 5:colcon.colcon_core.verb:set package 'hand_pattern_recog' build argument 'cmake_target_skip_unavailable' from command line to 'False'
[0.255s] Level 5:colcon.colcon_core.verb:set package 'hand_pattern_recog' build argument 'cmake_clean_cache' from command line to 'False'
[0.255s] Level 5:colcon.colcon_core.verb:set package 'hand_pattern_recog' build argument 'cmake_clean_first' from command line to 'False'
[0.255s] Level 5:colcon.colcon_core.verb:set package 'hand_pattern_recog' build argument 'cmake_force_configure' from command line to 'False'
[0.255s] Level 5:colcon.colcon_core.verb:set package 'hand_pattern_recog' build argument 'ament_cmake_args' from command line to 'None'
[0.255s] Level 5:colcon.colcon_core.verb:set package 'hand_pattern_recog' build argument 'catkin_cmake_args' from command line to 'None'
[0.255s] Level 5:colcon.colcon_core.verb:set package 'hand_pattern_recog' build argument 'catkin_skip_building_tests' from command line to 'False'
[0.255s] DEBUG:colcon.colcon_core.verb:Building package 'hand_pattern_recog' with the following arguments: {'ament_cmake_args': None, 'build_base': '/home/optimo/workspaces/maestro_ws/build/hand_pattern_recog', 'catkin_cmake_args': None, 'catkin_skip_building_tests': False, 'cmake_args': None, 'cmake_clean_cache': False, 'cmake_clean_first': False, 'cmake_force_configure': False, 'cmake_target': None, 'cmake_target_skip_unavailable': False, 'install_base': '/home/optimo/workspaces/maestro_ws/install/hand_pattern_recog', 'merge_install': False, 'path': '/home/optimo/workspaces/maestro_ws/src/hand_pattern_recog', 'symlink_install': True, 'test_result_base': None}
[0.256s] Level 5:colcon.colcon_core.verb:set package 'plato_teleop' build argument 'cmake_args' from command line to 'None'
[0.256s] Level 5:colcon.colcon_core.verb:set package 'plato_teleop' build argument 'cmake_target' from command line to 'None'
[0.256s] Level 5:colcon.colcon_core.verb:set package 'plato_teleop' build argument 'cmake_target_skip_unavailable' from command line to 'False'
[0.256s] Level 5:colcon.colcon_core.verb:set package 'plato_teleop' build argument 'cmake_clean_cache' from command line to 'False'
[0.256s] Level 5:colcon.colcon_core.verb:set package 'plato_teleop' build argument 'cmake_clean_first' from command line to 'False'
[0.256s] Level 5:colcon.colcon_core.verb:set package 'plato_teleop' build argument 'cmake_force_configure' from command line to 'False'
[0.256s] Level 5:colcon.colcon_core.verb:set package 'plato_teleop' build argument 'ament_cmake_args' from command line to 'None'
[0.256s] Level 5:colcon.colcon_core.verb:set package 'plato_teleop' build argument 'catkin_cmake_args' from command line to 'None'
[0.256s] Level 5:colcon.colcon_core.verb:set package 'plato_teleop' build argument 'catkin_skip_building_tests' from command line to 'False'
[0.256s] DEBUG:colcon.colcon_core.verb:Building package 'plato_teleop' with the following arguments: {'ament_cmake_args': None, 'build_base': '/home/optimo/workspaces/maestro_ws/build/plato_teleop', 'catkin_cmake_args': None, 'catkin_skip_building_tests': False, 'cmake_args': None, 'cmake_clean_cache': False, 'cmake_clean_first': False, 'cmake_force_configure': False, 'cmake_target': None, 'cmake_target_skip_unavailable': False, 'install_base': '/home/optimo/workspaces/maestro_ws/install/plato_teleop', 'merge_install': False, 'path': '/home/optimo/workspaces/maestro_ws/src/plato_teleop', 'symlink_install': True, 'test_result_base': None}
[0.256s] Level 5:colcon.colcon_core.verb:set package 'spaceMouse_navigator' build argument 'cmake_args' from command line to 'None'
[0.256s] Level 5:colcon.colcon_core.verb:set package 'spaceMouse_navigator' build argument 'cmake_target' from command line to 'None'
[0.256s] Level 5:colcon.colcon_core.verb:set package 'spaceMouse_navigator' build argument 'cmake_target_skip_unavailable' from command line to 'False'
[0.256s] Level 5:colcon.colcon_core.verb:set package 'spaceMouse_navigator' build argument 'cmake_clean_cache' from command line to 'False'
[0.256s] Level 5:colcon.colcon_core.verb:set package 'spaceMouse_navigator' build argument 'cmake_clean_first' from command line to 'False'
[0.256s] Level 5:colcon.colcon_core.verb:set package 'spaceMouse_navigator' build argument 'cmake_force_configure' from command line to 'False'
[0.256s] Level 5:colcon.colcon_core.verb:set package 'spaceMouse_navigator' build argument 'ament_cmake_args' from command line to 'None'
[0.256s] Level 5:colcon.colcon_core.verb:set package 'spaceMouse_navigator' build argument 'catkin_cmake_args' from command line to 'None'
[0.256s] Level 5:colcon.colcon_core.verb:set package 'spaceMouse_navigator' build argument 'catkin_skip_building_tests' from command line to 'False'
[0.256s] DEBUG:colcon.colcon_core.verb:Building package 'spaceMouse_navigator' with the following arguments: {'ament_cmake_args': None, 'build_base': '/home/optimo/workspaces/maestro_ws/build/spaceMouse_navigator', 'catkin_cmake_args': None, 'catkin_skip_building_tests': False, 'cmake_args': None, 'cmake_clean_cache': False, 'cmake_clean_first': False, 'cmake_force_configure': False, 'cmake_target': None, 'cmake_target_skip_unavailable': False, 'install_base': '/home/optimo/workspaces/maestro_ws/install/spaceMouse_navigator', 'merge_install': False, 'path': '/home/optimo/workspaces/maestro_ws/src/spaceMouse_navigator', 'symlink_install': True, 'test_result_base': None}
[0.256s] Level 5:colcon.colcon_core.verb:set package 'udp_receiver' build argument 'cmake_args' from command line to 'None'
[0.256s] Level 5:colcon.colcon_core.verb:set package 'udp_receiver' build argument 'cmake_target' from command line to 'None'
[0.256s] Level 5:colcon.colcon_core.verb:set package 'udp_receiver' build argument 'cmake_target_skip_unavailable' from command line to 'False'
[0.256s] Level 5:colcon.colcon_core.verb:set package 'udp_receiver' build argument 'cmake_clean_cache' from command line to 'False'
[0.256s] Level 5:colcon.colcon_core.verb:set package 'udp_receiver' build argument 'cmake_clean_first' from command line to 'False'
[0.256s] Level 5:colcon.colcon_core.verb:set package 'udp_receiver' build argument 'cmake_force_configure' from command line to 'False'
[0.256s] Level 5:colcon.colcon_core.verb:set package 'udp_receiver' build argument 'ament_cmake_args' from command line to 'None'
[0.256s] Level 5:colcon.colcon_core.verb:set package 'udp_receiver' build argument 'catkin_cmake_args' from command line to 'None'
[0.256s] Level 5:colcon.colcon_core.verb:set package 'udp_receiver' build argument 'catkin_skip_building_tests' from command line to 'False'
[0.256s] DEBUG:colcon.colcon_core.verb:Building package 'udp_receiver' with the following arguments: {'ament_cmake_args': None, 'build_base': '/home/optimo/workspaces/maestro_ws/build/udp_receiver', 'catkin_cmake_args': None, 'catkin_skip_building_tests': False, 'cmake_args': None, 'cmake_clean_cache': False, 'cmake_clean_first': False, 'cmake_force_configure': False, 'cmake_target': None, 'cmake_target_skip_unavailable': False, 'install_base': '/home/optimo/workspaces/maestro_ws/install/udp_receiver', 'merge_install': False, 'path': '/home/optimo/workspaces/maestro_ws/src/udp_receiver', 'symlink_install': True, 'test_result_base': None}
[0.256s] INFO:colcon.colcon_core.executor:Executing jobs using 'parallel' executor
[0.257s] DEBUG:colcon.colcon_parallel_executor.executor.parallel:run_until_complete
[0.257s] INFO:colcon.colcon_ros.task.ament_python.build:Building ROS package in '/home/optimo/workspaces/maestro_ws/src/data_collection' with build type 'ament_python'
[0.257s] Level 1:colcon.colcon_core.shell:create_environment_hook('data_collection', 'ament_prefix_path')
[0.258s] INFO:colcon.colcon_core.plugin_system:Skipping extension 'colcon_core.shell.bat': Not used on non-Windows systems
[0.258s] INFO:colcon.colcon_core.shell:Creating environment hook '/home/optimo/workspaces/maestro_ws/install/data_collection/share/data_collection/hook/ament_prefix_path.ps1'
[0.259s] INFO:colcon.colcon_core.shell:Creating environment descriptor '/home/optimo/workspaces/maestro_ws/install/data_collection/share/data_collection/hook/ament_prefix_path.dsv'
[0.259s] INFO:colcon.colcon_core.shell:Creating environment hook '/home/optimo/workspaces/maestro_ws/install/data_collection/share/data_collection/hook/ament_prefix_path.sh'
[0.260s] INFO:colcon.colcon_core.shell:Skip shell extension 'powershell' for command environment: Not usable outside of PowerShell
[0.260s] DEBUG:colcon.colcon_core.shell:Skip shell extension 'dsv' for command environment
[0.262s] INFO:colcon.colcon_ros.task.ament_cmake.build:Building ROS package in '/home/optimo/workspaces/maestro_ws/src/hand_pattern_recog' with build type 'ament_cmake'
[0.262s] INFO:colcon.colcon_cmake.task.cmake.build:Building CMake package in '/home/optimo/workspaces/maestro_ws/src/hand_pattern_recog'
[0.262s] INFO:colcon.colcon_core.shell:Skip shell extension 'powershell' for command environment: Not usable outside of PowerShell
[0.262s] DEBUG:colcon.colcon_core.shell:Skip shell extension 'dsv' for command environment
[0.265s] INFO:colcon.colcon_ros.task.ament_cmake.build:Building ROS package in '/home/optimo/workspaces/maestro_ws/src/plato_teleop' with build type 'ament_cmake'
[0.265s] INFO:colcon.colcon_cmake.task.cmake.build:Building CMake package in '/home/optimo/workspaces/maestro_ws/src/plato_teleop'
[0.265s] INFO:colcon.colcon_core.shell:Skip shell extension 'powershell' for command environment: Not usable outside of PowerShell
[0.265s] DEBUG:colcon.colcon_core.shell:Skip shell extension 'dsv' for command environment
[0.268s] INFO:colcon.colcon_ros.task.ament_python.build:Building ROS package in '/home/optimo/workspaces/maestro_ws/src/spaceMouse_navigator' with build type 'ament_python'
[0.268s] Level 1:colcon.colcon_core.shell:create_environment_hook('spaceMouse_navigator', 'ament_prefix_path')
[0.268s] INFO:colcon.colcon_core.shell:Creating environment hook '/home/optimo/workspaces/maestro_ws/install/spaceMouse_navigator/share/spaceMouse_navigator/hook/ament_prefix_path.ps1'
[0.269s] INFO:colcon.colcon_core.shell:Creating environment descriptor '/home/optimo/workspaces/maestro_ws/install/spaceMouse_navigator/share/spaceMouse_navigator/hook/ament_prefix_path.dsv'
[0.269s] INFO:colcon.colcon_core.shell:Creating environment hook '/home/optimo/workspaces/maestro_ws/install/spaceMouse_navigator/share/spaceMouse_navigator/hook/ament_prefix_path.sh'
[0.269s] INFO:colcon.colcon_core.shell:Skip shell extension 'powershell' for command environment: Not usable outside of PowerShell
[0.270s] DEBUG:colcon.colcon_core.shell:Skip shell extension 'dsv' for command environment
[0.273s] INFO:colcon.colcon_ros.task.ament_cmake.build:Building ROS package in '/home/optimo/workspaces/maestro_ws/src/udp_receiver' with build type 'ament_cmake'
[0.274s] INFO:colcon.colcon_cmake.task.cmake.build:Building CMake package in '/home/optimo/workspaces/maestro_ws/src/udp_receiver'
[0.274s] INFO:colcon.colcon_core.shell:Skip shell extension 'powershell' for command environment: Not usable outside of PowerShell
[0.274s] DEBUG:colcon.colcon_core.shell:Skip shell extension 'dsv' for command environment
[0.450s] INFO:colcon.colcon_core.task.python.build:Building Python package in '/home/optimo/workspaces/maestro_ws/src/data_collection'
[0.450s] INFO:colcon.colcon_core.shell:Skip shell extension 'powershell' for command environment: Not usable outside of PowerShell
[0.450s] DEBUG:colcon.colcon_core.shell:Skip shell extension 'dsv' for command environment
[0.455s] DEBUG:colcon.colcon_core.event_handler.log_command:Invoking command in '/home/optimo/workspaces/maestro_ws/build/hand_pattern_recog': CMAKE_PREFIX_PATH=${CMAKE_PREFIX_PATH}:/home/optimo/workspaces/plato_ws/install/plato_pycontroller:/home/optimo/workspaces/maestro_ws/install/spaceMouse_navigator:/home/optimo/workspaces/maestro_ws/install/data_collection:/opt/ros/humble /usr/bin/cmake --build /home/optimo/workspaces/maestro_ws/build/hand_pattern_recog -- -j20 -l20
[0.458s] DEBUG:colcon.colcon_core.event_handler.log_command:Invoking command in '/home/optimo/workspaces/maestro_ws/build/plato_teleop': CMAKE_PREFIX_PATH=${CMAKE_PREFIX_PATH}:/home/optimo/workspaces/plato_ws/install/plato_pycontroller:/home/optimo/workspaces/maestro_ws/install/spaceMouse_navigator:/home/optimo/workspaces/maestro_ws/install/data_collection:/opt/ros/humble /usr/bin/cmake --build /home/optimo/workspaces/maestro_ws/build/plato_teleop -- -j20 -l20
[0.636s] INFO:colcon.colcon_core.task.python.build:Building Python package in '/home/optimo/workspaces/maestro_ws/src/spaceMouse_navigator'
[0.636s] INFO:colcon.colcon_core.shell:Skip shell extension 'powershell' for command environment: Not usable outside of PowerShell
[0.636s] DEBUG:colcon.colcon_core.shell:Skip shell extension 'dsv' for command environment
[0.643s] DEBUG:colcon.colcon_core.event_handler.log_command:Invoking command in '/home/optimo/workspaces/maestro_ws/build/udp_receiver': CMAKE_PREFIX_PATH=${CMAKE_PREFIX_PATH}:/home/optimo/workspaces/plato_ws/install/plato_pycontroller:/home/optimo/workspaces/maestro_ws/install/spaceMouse_navigator:/home/optimo/workspaces/maestro_ws/install/data_collection:/opt/ros/humble /usr/bin/cmake --build /home/optimo/workspaces/maestro_ws/build/udp_receiver -- -j20 -l20
[0.946s] DEBUG:colcon.colcon_core.event_handler.log_command:Invoking command in '/home/optimo/workspaces/maestro_ws/build/data_collection': PYTHONPATH=/home/optimo/workspaces/maestro_ws/build/data_collection/prefix_override:/home/optimo/workspaces/maestro_ws/install/data_collection/lib/python3.10/site-packages:${PYTHONPATH} /usr/bin/python3 -W ignore:setup.py install is deprecated setup.py develop --editable --build-directory /home/optimo/workspaces/maestro_ws/build/data_collection/build --no-deps symlink_data
[1.002s] DEBUG:colcon.colcon_core.event_handler.log_command:Invoking command in '/home/optimo/workspaces/maestro_ws/build/spaceMouse_navigator': PYTHONPATH=/home/optimo/workspaces/maestro_ws/build/spaceMouse_navigator/prefix_override:/home/optimo/workspaces/maestro_ws/install/spaceMouse_navigator/lib/python3.10/site-packages:${PYTHONPATH} /usr/bin/python3 -W ignore:setup.py install is deprecated setup.py develop --editable --build-directory /home/optimo/workspaces/maestro_ws/build/spaceMouse_navigator/build --no-deps symlink_data
[1.345s] Level 1:colcon.colcon_core.shell:create_environment_hook('data_collection', 'pythonpath_develop')
[1.345s] INFO:colcon.colcon_core.shell:Creating environment hook '/home/optimo/workspaces/maestro_ws/build/data_collection/share/data_collection/hook/pythonpath_develop.ps1'
[1.345s] DEBUG:colcon.colcon_core.event_handler.log_command:Invoked command in '/home/optimo/workspaces/maestro_ws/build/data_collection' returned '0': PYTHONPATH=/home/optimo/workspaces/maestro_ws/build/data_collection/prefix_override:/home/optimo/workspaces/maestro_ws/install/data_collection/lib/python3.10/site-packages:${PYTHONPATH} /usr/bin/python3 -W ignore:setup.py install is deprecated setup.py develop --editable --build-directory /home/optimo/workspaces/maestro_ws/build/data_collection/build --no-deps symlink_data
[1.346s] INFO:colcon.colcon_core.shell:Creating environment descriptor '/home/optimo/workspaces/maestro_ws/build/data_collection/share/data_collection/hook/pythonpath_develop.dsv'
[1.346s] INFO:colcon.colcon_core.shell:Creating environment hook '/home/optimo/workspaces/maestro_ws/build/data_collection/share/data_collection/hook/pythonpath_develop.sh'
[1.349s] Level 1:colcon.colcon_core.environment:checking '/home/optimo/workspaces/maestro_ws/install/data_collection' for CMake module files
[1.350s] Level 1:colcon.colcon_core.environment:checking '/home/optimo/workspaces/maestro_ws/install/data_collection' for CMake config files
[1.350s] Level 1:colcon.colcon_core.environment:checking '/home/optimo/workspaces/maestro_ws/install/data_collection/lib'
[1.351s] Level 1:colcon.colcon_core.environment:checking '/home/optimo/workspaces/maestro_ws/install/data_collection/bin'
[1.351s] Level 1:colcon.colcon_core.environment:checking '/home/optimo/workspaces/maestro_ws/install/data_collection/lib/pkgconfig/data_collection.pc'
[1.351s] Level 1:colcon.colcon_core.environment:checking '/home/optimo/workspaces/maestro_ws/install/data_collection/lib/python3.10/site-packages'
[1.351s] Level 1:colcon.colcon_core.shell:create_environment_hook('data_collection', 'pythonpath')
[1.351s] INFO:colcon.colcon_core.shell:Creating environment hook '/home/optimo/workspaces/maestro_ws/install/data_collection/share/data_collection/hook/pythonpath.ps1'
[1.352s] INFO:colcon.colcon_core.shell:Creating environment descriptor '/home/optimo/workspaces/maestro_ws/install/data_collection/share/data_collection/hook/pythonpath.dsv'
[1.352s] INFO:colcon.colcon_core.shell:Creating environment hook '/home/optimo/workspaces/maestro_ws/install/data_collection/share/data_collection/hook/pythonpath.sh'
[1.352s] Level 1:colcon.colcon_core.environment:checking '/home/optimo/workspaces/maestro_ws/install/data_collection/bin'
[1.352s] Level 1:colcon.colcon_core.environment:create_environment_scripts_only(data_collection)
[1.352s] INFO:colcon.colcon_core.shell:Creating package script '/home/optimo/workspaces/maestro_ws/install/data_collection/share/data_collection/package.ps1'
[1.353s] INFO:colcon.colcon_core.shell:Creating package descriptor '/home/optimo/workspaces/maestro_ws/install/data_collection/share/data_collection/package.dsv'
[1.354s] INFO:colcon.colcon_core.shell:Creating package script '/home/optimo/workspaces/maestro_ws/install/data_collection/share/data_collection/package.sh'
[1.354s] INFO:colcon.colcon_core.shell:Creating package script '/home/optimo/workspaces/maestro_ws/install/data_collection/share/data_collection/package.bash'
[1.355s] INFO:colcon.colcon_core.shell:Creating package script '/home/optimo/workspaces/maestro_ws/install/data_collection/share/data_collection/package.zsh'
[1.355s] Level 1:colcon.colcon_core.environment:create_file_with_runtime_dependencies(/home/optimo/workspaces/maestro_ws/install/data_collection/share/colcon-core/packages/data_collection)
[1.433s] Level 1:colcon.colcon_core.shell:create_environment_hook('spaceMouse_navigator', 'pythonpath_develop')
[1.433s] INFO:colcon.colcon_core.shell:Creating environment hook '/home/optimo/workspaces/maestro_ws/build/spaceMouse_navigator/share/spaceMouse_navigator/hook/pythonpath_develop.ps1'
[1.433s] DEBUG:colcon.colcon_core.event_handler.log_command:Invoked command in '/home/optimo/workspaces/maestro_ws/build/spaceMouse_navigator' returned '0': PYTHONPATH=/home/optimo/workspaces/maestro_ws/build/spaceMouse_navigator/prefix_override:/home/optimo/workspaces/maestro_ws/install/spaceMouse_navigator/lib/python3.10/site-packages:${PYTHONPATH} /usr/bin/python3 -W ignore:setup.py install is deprecated setup.py develop --editable --build-directory /home/optimo/workspaces/maestro_ws/build/spaceMouse_navigator/build --no-deps symlink_data
[1.434s] INFO:colcon.colcon_core.shell:Creating environment descriptor '/home/optimo/workspaces/maestro_ws/build/spaceMouse_navigator/share/spaceMouse_navigator/hook/pythonpath_develop.dsv'
[1.434s] INFO:colcon.colcon_core.shell:Creating environment hook '/home/optimo/workspaces/maestro_ws/build/spaceMouse_navigator/share/spaceMouse_navigator/hook/pythonpath_develop.sh'
[1.434s] Level 1:colcon.colcon_core.environment:checking '/home/optimo/workspaces/maestro_ws/install/spaceMouse_navigator' for CMake module files
[1.434s] Level 1:colcon.colcon_core.environment:checking '/home/optimo/workspaces/maestro_ws/install/spaceMouse_navigator' for CMake config files
[1.435s] Level 1:colcon.colcon_core.environment:checking '/home/optimo/workspaces/maestro_ws/install/spaceMouse_navigator/lib'
[1.435s] Level 1:colcon.colcon_core.environment:checking '/home/optimo/workspaces/maestro_ws/install/spaceMouse_navigator/bin'
[1.435s] Level 1:colcon.colcon_core.environment:checking '/home/optimo/workspaces/maestro_ws/install/spaceMouse_navigator/lib/pkgconfig/spaceMouse_navigator.pc'
[1.435s] Level 1:colcon.colcon_core.environment:checking '/home/optimo/workspaces/maestro_ws/install/spaceMouse_navigator/lib/python3.10/site-packages'
[1.435s] Level 1:colcon.colcon_core.shell:create_environment_hook('spaceMouse_navigator', 'pythonpath')
[1.435s] INFO:colcon.colcon_core.shell:Creating environment hook '/home/optimo/workspaces/maestro_ws/install/spaceMouse_navigator/share/spaceMouse_navigator/hook/pythonpath.ps1'
[1.435s] INFO:colcon.colcon_core.shell:Creating environment descriptor '/home/optimo/workspaces/maestro_ws/install/spaceMouse_navigator/share/spaceMouse_navigator/hook/pythonpath.dsv'
[1.436s] INFO:colcon.colcon_core.shell:Creating environment hook '/home/optimo/workspaces/maestro_ws/install/spaceMouse_navigator/share/spaceMouse_navigator/hook/pythonpath.sh'
[1.436s] Level 1:colcon.colcon_core.environment:checking '/home/optimo/workspaces/maestro_ws/install/spaceMouse_navigator/bin'
[1.436s] Level 1:colcon.colcon_core.environment:create_environment_scripts_only(spaceMouse_navigator)
[1.436s] INFO:colcon.colcon_core.shell:Creating package script '/home/optimo/workspaces/maestro_ws/install/spaceMouse_navigator/share/spaceMouse_navigator/package.ps1'
[1.436s] INFO:colcon.colcon_core.shell:Creating package descriptor '/home/optimo/workspaces/maestro_ws/install/spaceMouse_navigator/share/spaceMouse_navigator/package.dsv'
[1.437s] INFO:colcon.colcon_core.shell:Creating package script '/home/optimo/workspaces/maestro_ws/install/spaceMouse_navigator/share/spaceMouse_navigator/package.sh'
[1.437s] INFO:colcon.colcon_core.shell:Creating package script '/home/optimo/workspaces/maestro_ws/install/spaceMouse_navigator/share/spaceMouse_navigator/package.bash'
[1.437s] INFO:colcon.colcon_core.shell:Creating package script '/home/optimo/workspaces/maestro_ws/install/spaceMouse_navigator/share/spaceMouse_navigator/package.zsh'
[1.437s] Level 1:colcon.colcon_core.environment:create_file_with_runtime_dependencies(/home/optimo/workspaces/maestro_ws/install/spaceMouse_navigator/share/colcon-core/packages/spaceMouse_navigator)
[7.589s] DEBUG:colcon.colcon_core.event_handler.log_command:Invoked command in '/home/optimo/workspaces/maestro_ws/build/hand_pattern_recog' returned '0': CMAKE_PREFIX_PATH=${CMAKE_PREFIX_PATH}:/home/optimo/workspaces/plato_ws/install/plato_pycontroller:/home/optimo/workspaces/maestro_ws/install/spaceMouse_navigator:/home/optimo/workspaces/maestro_ws/install/data_collection:/opt/ros/humble /usr/bin/cmake --build /home/optimo/workspaces/maestro_ws/build/hand_pattern_recog -- -j20 -l20
[7.615s] DEBUG:colcon.colcon_core.event_handler.log_command:Invoking command in '/home/optimo/workspaces/maestro_ws/build/hand_pattern_recog': CMAKE_PREFIX_PATH=${CMAKE_PREFIX_PATH}:/home/optimo/workspaces/plato_ws/install/plato_pycontroller:/home/optimo/workspaces/maestro_ws/install/spaceMouse_navigator:/home/optimo/workspaces/maestro_ws/install/data_collection:/opt/ros/humble /usr/bin/cmake --install /home/optimo/workspaces/maestro_ws/build/hand_pattern_recog
[7.633s] Level 1:colcon.colcon_core.environment:create_environment_scripts_only(hand_pattern_recog)
[7.633s] Level 1:colcon.colcon_core.environment:checking '/home/optimo/workspaces/maestro_ws/install/hand_pattern_recog' for CMake module files
[7.634s] DEBUG:colcon.colcon_core.event_handler.log_command:Invoked command in '/home/optimo/workspaces/maestro_ws/build/hand_pattern_recog' returned '0': CMAKE_PREFIX_PATH=${CMAKE_PREFIX_PATH}:/home/optimo/workspaces/plato_ws/install/plato_pycontroller:/home/optimo/workspaces/maestro_ws/install/spaceMouse_navigator:/home/optimo/workspaces/maestro_ws/install/data_collection:/opt/ros/humble /usr/bin/cmake --install /home/optimo/workspaces/maestro_ws/build/hand_pattern_recog
[7.634s] Level 1:colcon.colcon_core.environment:checking '/home/optimo/workspaces/maestro_ws/install/hand_pattern_recog' for CMake config files
[7.634s] Level 1:colcon.colcon_core.shell:create_environment_hook('hand_pattern_recog', 'cmake_prefix_path')
[7.634s] INFO:colcon.colcon_core.shell:Creating environment hook '/home/optimo/workspaces/maestro_ws/install/hand_pattern_recog/share/hand_pattern_recog/hook/cmake_prefix_path.ps1'
[7.634s] INFO:colcon.colcon_core.shell:Creating environment descriptor '/home/optimo/workspaces/maestro_ws/install/hand_pattern_recog/share/hand_pattern_recog/hook/cmake_prefix_path.dsv'
[7.635s] INFO:colcon.colcon_core.shell:Creating environment hook '/home/optimo/workspaces/maestro_ws/install/hand_pattern_recog/share/hand_pattern_recog/hook/cmake_prefix_path.sh'
[7.635s] Level 1:colcon.colcon_core.environment:checking '/home/optimo/workspaces/maestro_ws/install/hand_pattern_recog/lib'
[7.635s] Level 1:colcon.colcon_core.environment:checking '/home/optimo/workspaces/maestro_ws/install/hand_pattern_recog/bin'
[7.635s] Level 1:colcon.colcon_core.environment:checking '/home/optimo/workspaces/maestro_ws/install/hand_pattern_recog/lib/pkgconfig/hand_pattern_recog.pc'
[7.635s] Level 1:colcon.colcon_core.environment:checking '/home/optimo/workspaces/maestro_ws/install/hand_pattern_recog/lib/python3.10/site-packages'
[7.635s] Level 1:colcon.colcon_core.environment:checking '/home/optimo/workspaces/maestro_ws/install/hand_pattern_recog/bin'
[7.635s] INFO:colcon.colcon_core.shell:Creating package script '/home/optimo/workspaces/maestro_ws/install/hand_pattern_recog/share/hand_pattern_recog/package.ps1'
[7.636s] INFO:colcon.colcon_core.shell:Creating package descriptor '/home/optimo/workspaces/maestro_ws/install/hand_pattern_recog/share/hand_pattern_recog/package.dsv'
[7.636s] INFO:colcon.colcon_core.shell:Creating package script '/home/optimo/workspaces/maestro_ws/install/hand_pattern_recog/share/hand_pattern_recog/package.sh'
[7.636s] INFO:colcon.colcon_core.shell:Creating package script '/home/optimo/workspaces/maestro_ws/install/hand_pattern_recog/share/hand_pattern_recog/package.bash'
[7.636s] INFO:colcon.colcon_core.shell:Creating package script '/home/optimo/workspaces/maestro_ws/install/hand_pattern_recog/share/hand_pattern_recog/package.zsh'
[7.636s] Level 1:colcon.colcon_core.environment:create_file_with_runtime_dependencies(/home/optimo/workspaces/maestro_ws/install/hand_pattern_recog/share/colcon-core/packages/hand_pattern_recog)
[7.652s] Level 1:colcon.colcon_core.environment:create_environment_scripts_only(hand_pattern_recog)
[7.652s] Level 1:colcon.colcon_core.environment:checking '/home/optimo/workspaces/maestro_ws/install/hand_pattern_recog' for CMake module files
[7.652s] Level 1:colcon.colcon_core.environment:checking '/home/optimo/workspaces/maestro_ws/install/hand_pattern_recog' for CMake config files
[7.652s] Level 1:colcon.colcon_core.shell:create_environment_hook('hand_pattern_recog', 'cmake_prefix_path')
[7.653s] INFO:colcon.colcon_core.shell:Creating environment hook '/home/optimo/workspaces/maestro_ws/install/hand_pattern_recog/share/hand_pattern_recog/hook/cmake_prefix_path.ps1'
[7.653s] INFO:colcon.colcon_core.shell:Creating environment descriptor '/home/optimo/workspaces/maestro_ws/install/hand_pattern_recog/share/hand_pattern_recog/hook/cmake_prefix_path.dsv'
[7.653s] INFO:colcon.colcon_core.shell:Creating environment hook '/home/optimo/workspaces/maestro_ws/install/hand_pattern_recog/share/hand_pattern_recog/hook/cmake_prefix_path.sh'
[7.653s] Level 1:colcon.colcon_core.environment:checking '/home/optimo/workspaces/maestro_ws/install/hand_pattern_recog/lib'
[7.653s] Level 1:colcon.colcon_core.environment:checking '/home/optimo/workspaces/maestro_ws/install/hand_pattern_recog/bin'
[7.653s] Level 1:colcon.colcon_core.environment:checking '/home/optimo/workspaces/maestro_ws/install/hand_pattern_recog/lib/pkgconfig/hand_pattern_recog.pc'
[7.654s] Level 1:colcon.colcon_core.environment:checking '/home/optimo/workspaces/maestro_ws/install/hand_pattern_recog/lib/python3.10/site-packages'
[7.654s] Level 1:colcon.colcon_core.environment:checking '/home/optimo/workspaces/maestro_ws/install/hand_pattern_recog/bin'
[7.654s] INFO:colcon.colcon_core.shell:Creating package script '/home/optimo/workspaces/maestro_ws/install/hand_pattern_recog/share/hand_pattern_recog/package.ps1'
[7.654s] INFO:colcon.colcon_core.shell:Creating package descriptor '/home/optimo/workspaces/maestro_ws/install/hand_pattern_recog/share/hand_pattern_recog/package.dsv'
[7.654s] INFO:colcon.colcon_core.shell:Creating package script '/home/optimo/workspaces/maestro_ws/install/hand_pattern_recog/share/hand_pattern_recog/package.sh'
[7.654s] INFO:colcon.colcon_core.shell:Creating package script '/home/optimo/workspaces/maestro_ws/install/hand_pattern_recog/share/hand_pattern_recog/package.bash'
[7.655s] INFO:colcon.colcon_core.shell:Creating package script '/home/optimo/workspaces/maestro_ws/install/hand_pattern_recog/share/hand_pattern_recog/package.zsh'
[7.655s] Level 1:colcon.colcon_core.environment:create_file_with_runtime_dependencies(/home/optimo/workspaces/maestro_ws/install/hand_pattern_recog/share/colcon-core/packages/hand_pattern_recog)
[18.794s] DEBUG:colcon.colcon_core.event_handler.log_command:Invoked command in '/home/optimo/workspaces/maestro_ws/build/plato_teleop' returned '0': CMAKE_PREFIX_PATH=${CMAKE_PREFIX_PATH}:/home/optimo/workspaces/plato_ws/install/plato_pycontroller:/home/optimo/workspaces/maestro_ws/install/spaceMouse_navigator:/home/optimo/workspaces/maestro_ws/install/data_collection:/opt/ros/humble /usr/bin/cmake --build /home/optimo/workspaces/maestro_ws/build/plato_teleop -- -j20 -l20
[18.809s] DEBUG:colcon.colcon_core.event_handler.log_command:Invoking command in '/home/optimo/workspaces/maestro_ws/build/plato_teleop': CMAKE_PREFIX_PATH=${CMAKE_PREFIX_PATH}:/home/optimo/workspaces/plato_ws/install/plato_pycontroller:/home/optimo/workspaces/maestro_ws/install/spaceMouse_navigator:/home/optimo/workspaces/maestro_ws/install/data_collection:/opt/ros/humble /usr/bin/cmake --install /home/optimo/workspaces/maestro_ws/build/plato_teleop
[18.823s] Level 1:colcon.colcon_core.environment:create_environment_scripts_only(plato_teleop)
[18.823s] Level 1:colcon.colcon_core.environment:checking '/home/optimo/workspaces/maestro_ws/install/plato_teleop' for CMake module files
[18.823s] DEBUG:colcon.colcon_core.event_handler.log_command:Invoked command in '/home/optimo/workspaces/maestro_ws/build/plato_teleop' returned '0': CMAKE_PREFIX_PATH=${CMAKE_PREFIX_PATH}:/home/optimo/workspaces/plato_ws/install/plato_pycontroller:/home/optimo/workspaces/maestro_ws/install/spaceMouse_navigator:/home/optimo/workspaces/maestro_ws/install/data_collection:/opt/ros/humble /usr/bin/cmake --install /home/optimo/workspaces/maestro_ws/build/plato_teleop
[18.823s] Level 1:colcon.colcon_core.environment:checking '/home/optimo/workspaces/maestro_ws/install/plato_teleop' for CMake config files
[18.824s] Level 1:colcon.colcon_core.shell:create_environment_hook('plato_teleop', 'cmake_prefix_path')
[18.824s] INFO:colcon.colcon_core.shell:Creating environment hook '/home/optimo/workspaces/maestro_ws/install/plato_teleop/share/plato_teleop/hook/cmake_prefix_path.ps1'
[18.824s] INFO:colcon.colcon_core.shell:Creating environment descriptor '/home/optimo/workspaces/maestro_ws/install/plato_teleop/share/plato_teleop/hook/cmake_prefix_path.dsv'
[18.824s] INFO:colcon.colcon_core.shell:Creating environment hook '/home/optimo/workspaces/maestro_ws/install/plato_teleop/share/plato_teleop/hook/cmake_prefix_path.sh'
[18.824s] Level 1:colcon.colcon_core.environment:checking '/home/optimo/workspaces/maestro_ws/install/plato_teleop/lib'
[18.825s] Level 1:colcon.colcon_core.environment:checking '/home/optimo/workspaces/maestro_ws/install/plato_teleop/bin'
[18.825s] Level 1:colcon.colcon_core.environment:checking '/home/optimo/workspaces/maestro_ws/install/plato_teleop/lib/pkgconfig/plato_teleop.pc'
[18.825s] Level 1:colcon.colcon_core.environment:checking '/home/optimo/workspaces/maestro_ws/install/plato_teleop/lib/python3.10/site-packages'
[18.825s] Level 1:colcon.colcon_core.environment:checking '/home/optimo/workspaces/maestro_ws/install/plato_teleop/bin'
[18.825s] INFO:colcon.colcon_core.shell:Creating package script '/home/optimo/workspaces/maestro_ws/install/plato_teleop/share/plato_teleop/package.ps1'
[18.825s] INFO:colcon.colcon_core.shell:Creating package descriptor '/home/optimo/workspaces/maestro_ws/install/plato_teleop/share/plato_teleop/package.dsv'
[18.825s] INFO:colcon.colcon_core.shell:Creating package script '/home/optimo/workspaces/maestro_ws/install/plato_teleop/share/plato_teleop/package.sh'
[18.825s] INFO:colcon.colcon_core.shell:Creating package script '/home/optimo/workspaces/maestro_ws/install/plato_teleop/share/plato_teleop/package.bash'
[18.826s] INFO:colcon.colcon_core.shell:Creating package script '/home/optimo/workspaces/maestro_ws/install/plato_teleop/share/plato_teleop/package.zsh'
[18.826s] Level 1:colcon.colcon_core.environment:create_file_with_runtime_dependencies(/home/optimo/workspaces/maestro_ws/install/plato_teleop/share/colcon-core/packages/plato_teleop)
[18.842s] Level 1:colcon.colcon_core.environment:create_environment_scripts_only(plato_teleop)
[18.842s] Level 1:colcon.colcon_core.environment:checking '/home/optimo/workspaces/maestro_ws/install/plato_teleop' for CMake module files
[18.843s] Level 1:colcon.colcon_core.environment:checking '/home/optimo/workspaces/maestro_ws/install/plato_teleop' for CMake config files
[18.843s] Level 1:colcon.colcon_core.shell:create_environment_hook('plato_teleop', 'cmake_prefix_path')
[18.843s] INFO:colcon.colcon_core.shell:Creating environment hook '/home/optimo/workspaces/maestro_ws/install/plato_teleop/share/plato_teleop/hook/cmake_prefix_path.ps1'
[18.843s] INFO:colcon.colcon_core.shell:Creating environment descriptor '/home/optimo/workspaces/maestro_ws/install/plato_teleop/share/plato_teleop/hook/cmake_prefix_path.dsv'
[18.843s] INFO:colcon.colcon_core.shell:Creating environment hook '/home/optimo/workspaces/maestro_ws/install/plato_teleop/share/plato_teleop/hook/cmake_prefix_path.sh'
[18.844s] Level 1:colcon.colcon_core.environment:checking '/home/optimo/workspaces/maestro_ws/install/plato_teleop/lib'
[18.844s] Level 1:colcon.colcon_core.environment:checking '/home/optimo/workspaces/maestro_ws/install/plato_teleop/bin'
[18.844s] Level 1:colcon.colcon_core.environment:checking '/home/optimo/workspaces/maestro_ws/install/plato_teleop/lib/pkgconfig/plato_teleop.pc'
[18.844s] Level 1:colcon.colcon_core.environment:checking '/home/optimo/workspaces/maestro_ws/install/plato_teleop/lib/python3.10/site-packages'
[18.844s] Level 1:colcon.colcon_core.environment:checking '/home/optimo/workspaces/maestro_ws/install/plato_teleop/bin'
[18.844s] INFO:colcon.colcon_core.shell:Creating package script '/home/optimo/workspaces/maestro_ws/install/plato_teleop/share/plato_teleop/package.ps1'
[18.844s] INFO:colcon.colcon_core.shell:Creating package descriptor '/home/optimo/workspaces/maestro_ws/install/plato_teleop/share/plato_teleop/package.dsv'
[18.845s] INFO:colcon.colcon_core.shell:Creating package script '/home/optimo/workspaces/maestro_ws/install/plato_teleop/share/plato_teleop/package.sh'
[18.845s] INFO:colcon.colcon_core.shell:Creating package script '/home/optimo/workspaces/maestro_ws/install/plato_teleop/share/plato_teleop/package.bash'
[18.845s] INFO:colcon.colcon_core.shell:Creating package script '/home/optimo/workspaces/maestro_ws/install/plato_teleop/share/plato_teleop/package.zsh'
[18.845s] Level 1:colcon.colcon_core.environment:create_file_with_runtime_dependencies(/home/optimo/workspaces/maestro_ws/install/plato_teleop/share/colcon-core/packages/plato_teleop)
[124.008s] DEBUG:colcon.colcon_core.event_handler.log_command:Invoked command in '/home/optimo/workspaces/maestro_ws/build/udp_receiver' returned '0': CMAKE_PREFIX_PATH=${CMAKE_PREFIX_PATH}:/home/optimo/workspaces/plato_ws/install/plato_pycontroller:/home/optimo/workspaces/maestro_ws/install/spaceMouse_navigator:/home/optimo/workspaces/maestro_ws/install/data_collection:/opt/ros/humble /usr/bin/cmake --build /home/optimo/workspaces/maestro_ws/build/udp_receiver -- -j20 -l20
[124.027s] DEBUG:colcon.colcon_core.event_handler.log_command:Invoking command in '/home/optimo/workspaces/maestro_ws/build/udp_receiver': CMAKE_PREFIX_PATH=${CMAKE_PREFIX_PATH}:/home/optimo/workspaces/plato_ws/install/plato_pycontroller:/home/optimo/workspaces/maestro_ws/install/spaceMouse_navigator:/home/optimo/workspaces/maestro_ws/install/data_collection:/opt/ros/humble /usr/bin/cmake --install /home/optimo/workspaces/maestro_ws/build/udp_receiver
[124.040s] Level 1:colcon.colcon_core.environment:create_environment_scripts_only(udp_receiver)
[124.040s] Level 1:colcon.colcon_core.environment:checking '/home/optimo/workspaces/maestro_ws/install/udp_receiver' for CMake module files
[124.040s] DEBUG:colcon.colcon_core.event_handler.log_command:Invoked command in '/home/optimo/workspaces/maestro_ws/build/udp_receiver' returned '0': CMAKE_PREFIX_PATH=${CMAKE_PREFIX_PATH}:/home/optimo/workspaces/plato_ws/install/plato_pycontroller:/home/optimo/workspaces/maestro_ws/install/spaceMouse_navigator:/home/optimo/workspaces/maestro_ws/install/data_collection:/opt/ros/humble /usr/bin/cmake --install /home/optimo/workspaces/maestro_ws/build/udp_receiver
[124.040s] Level 1:colcon.colcon_core.environment:checking '/home/optimo/workspaces/maestro_ws/install/udp_receiver' for CMake config files
[124.041s] Level 1:colcon.colcon_core.shell:create_environment_hook('udp_receiver', 'cmake_prefix_path')
[124.041s] INFO:colcon.colcon_core.shell:Creating environment hook '/home/optimo/workspaces/maestro_ws/install/udp_receiver/share/udp_receiver/hook/cmake_prefix_path.ps1'
[124.041s] INFO:colcon.colcon_core.shell:Creating environment descriptor '/home/optimo/workspaces/maestro_ws/install/udp_receiver/share/udp_receiver/hook/cmake_prefix_path.dsv'
[124.041s] INFO:colcon.colcon_core.shell:Creating environment hook '/home/optimo/workspaces/maestro_ws/install/udp_receiver/share/udp_receiver/hook/cmake_prefix_path.sh'
[124.042s] Level 1:colcon.colcon_core.environment:checking '/home/optimo/workspaces/maestro_ws/install/udp_receiver/lib'
[124.042s] Level 1:colcon.colcon_core.environment:checking '/home/optimo/workspaces/maestro_ws/install/udp_receiver/bin'
[124.042s] Level 1:colcon.colcon_core.environment:checking '/home/optimo/workspaces/maestro_ws/install/udp_receiver/lib/pkgconfig/udp_receiver.pc'
[124.042s] Level 1:colcon.colcon_core.environment:checking '/home/optimo/workspaces/maestro_ws/install/udp_receiver/lib/python3.10/site-packages'
[124.042s] Level 1:colcon.colcon_core.environment:checking '/home/optimo/workspaces/maestro_ws/install/udp_receiver/bin'
[124.042s] INFO:colcon.colcon_core.shell:Creating package script '/home/optimo/workspaces/maestro_ws/install/udp_receiver/share/udp_receiver/package.ps1'
[124.042s] INFO:colcon.colcon_core.shell:Creating package descriptor '/home/optimo/workspaces/maestro_ws/install/udp_receiver/share/udp_receiver/package.dsv'
[124.042s] INFO:colcon.colcon_core.shell:Creating package script '/home/optimo/workspaces/maestro_ws/install/udp_receiver/share/udp_receiver/package.sh'
[124.043s] INFO:colcon.colcon_core.shell:Creating package script '/home/optimo/workspaces/maestro_ws/install/udp_receiver/share/udp_receiver/package.bash'
[124.043s] INFO:colcon.colcon_core.shell:Creating package script '/home/optimo/workspaces/maestro_ws/install/udp_receiver/share/udp_receiver/package.zsh'
[124.043s] Level 1:colcon.colcon_core.environment:create_file_with_runtime_dependencies(/home/optimo/workspaces/maestro_ws/install/udp_receiver/share/colcon-core/packages/udp_receiver)
[124.061s] Level 1:colcon.colcon_core.environment:create_environment_scripts_only(udp_receiver)
[124.061s] Level 1:colcon.colcon_core.environment:checking '/home/optimo/workspaces/maestro_ws/install/udp_receiver' for CMake module files
[124.061s] Level 1:colcon.colcon_core.environment:checking '/home/optimo/workspaces/maestro_ws/install/udp_receiver' for CMake config files
[124.061s] Level 1:colcon.colcon_core.shell:create_environment_hook('udp_receiver', 'cmake_prefix_path')
[124.061s] INFO:colcon.colcon_core.shell:Creating environment hook '/home/optimo/workspaces/maestro_ws/install/udp_receiver/share/udp_receiver/hook/cmake_prefix_path.ps1'
[124.062s] INFO:colcon.colcon_core.shell:Creating environment descriptor '/home/optimo/workspaces/maestro_ws/install/udp_receiver/share/udp_receiver/hook/cmake_prefix_path.dsv'
[124.062s] INFO:colcon.colcon_core.shell:Creating environment hook '/home/optimo/workspaces/maestro_ws/install/udp_receiver/share/udp_receiver/hook/cmake_prefix_path.sh'
[124.062s] Level 1:colcon.colcon_core.environment:checking '/home/optimo/workspaces/maestro_ws/install/udp_receiver/lib'
[124.062s] Level 1:colcon.colcon_core.environment:checking '/home/optimo/workspaces/maestro_ws/install/udp_receiver/bin'
[124.062s] Level 1:colcon.colcon_core.environment:checking '/home/optimo/workspaces/maestro_ws/install/udp_receiver/lib/pkgconfig/udp_receiver.pc'
[124.062s] Level 1:colcon.colcon_core.environment:checking '/home/optimo/workspaces/maestro_ws/install/udp_receiver/lib/python3.10/site-packages'
[124.062s] Level 1:colcon.colcon_core.environment:checking '/home/optimo/workspaces/maestro_ws/install/udp_receiver/bin'
[124.063s] INFO:colcon.colcon_core.shell:Creating package script '/home/optimo/workspaces/maestro_ws/install/udp_receiver/share/udp_receiver/package.ps1'
[124.063s] INFO:colcon.colcon_core.shell:Creating package descriptor '/home/optimo/workspaces/maestro_ws/install/udp_receiver/share/udp_receiver/package.dsv'
[124.063s] INFO:colcon.colcon_core.shell:Creating package script '/home/optimo/workspaces/maestro_ws/install/udp_receiver/share/udp_receiver/package.sh'
[124.063s] INFO:colcon.colcon_core.shell:Creating package script '/home/optimo/workspaces/maestro_ws/install/udp_receiver/share/udp_receiver/package.bash'
[124.063s] INFO:colcon.colcon_core.shell:Creating package script '/home/optimo/workspaces/maestro_ws/install/udp_receiver/share/udp_receiver/package.zsh'
[124.064s] Level 1:colcon.colcon_core.environment:create_file_with_runtime_dependencies(/home/optimo/workspaces/maestro_ws/install/udp_receiver/share/colcon-core/packages/udp_receiver)
[124.064s] DEBUG:colcon.colcon_parallel_executor.executor.parallel:closing loop
[124.064s] DEBUG:colcon.colcon_parallel_executor.executor.parallel:loop closed
[124.065s] DEBUG:colcon.colcon_parallel_executor.executor.parallel:run_until_complete finished with '0'
[124.065s] DEBUG:colcon.colcon_core.event_reactor:joining thread
[124.070s] INFO:colcon.colcon_core.plugin_system:Skipping extension 'colcon_notification.desktop_notification.terminal_notifier': Not used on non-Darwin systems
[124.070s] INFO:colcon.colcon_core.plugin_system:Skipping extension 'colcon_notification.desktop_notification.win32': Not used on non-Windows systems
[124.070s] INFO:colcon.colcon_notification.desktop_notification:Sending desktop notification using 'notify2'
[124.076s] DEBUG:colcon.colcon_core.event_reactor:joined thread
[124.076s] INFO:colcon.colcon_core.shell:Creating prefix script '/home/optimo/workspaces/maestro_ws/install/local_setup.ps1'
[124.076s] INFO:colcon.colcon_core.shell:Creating prefix util module '/home/optimo/workspaces/maestro_ws/install/_local_setup_util_ps1.py'
[124.077s] INFO:colcon.colcon_core.shell:Creating prefix chain script '/home/optimo/workspaces/maestro_ws/install/setup.ps1'
[124.078s] INFO:colcon.colcon_core.shell:Creating prefix script '/home/optimo/workspaces/maestro_ws/install/local_setup.sh'
[124.078s] INFO:colcon.colcon_core.shell:Creating prefix util module '/home/optimo/workspaces/maestro_ws/install/_local_setup_util_sh.py'
[124.078s] INFO:colcon.colcon_core.shell:Creating prefix chain script '/home/optimo/workspaces/maestro_ws/install/setup.sh'
[124.079s] INFO:colcon.colcon_core.shell:Creating prefix script '/home/optimo/workspaces/maestro_ws/install/local_setup.bash'
[124.079s] INFO:colcon.colcon_core.shell:Creating prefix chain script '/home/optimo/workspaces/maestro_ws/install/setup.bash'
[124.080s] INFO:colcon.colcon_core.shell:Creating prefix script '/home/optimo/workspaces/maestro_ws/install/local_setup.zsh'
[124.080s] INFO:colcon.colcon_core.shell:Creating prefix chain script '/home/optimo/workspaces/maestro_ws/install/setup.zsh'
