[0.561s] DEBUG:colcon:Command line arguments: ['/usr/bin/colcon', 'build', '--packages-select', 'plato_teleop']
[0.561s] DEBUG:colcon:Parsed command line arguments: Namespace(log_base=None, log_level=None, verb_name='build', build_base='build', install_base='install', merge_install=False, symlink_install=False, test_result_base=None, continue_on_error=False, executor='parallel', parallel_workers=20, event_handlers=None, ignore_user_meta=False, metas=['./colcon.meta'], base_paths=['.'], packages_ignore=None, packages_ignore_regex=None, paths=None, packages_up_to=None, packages_up_to_regex=None, packages_above=None, packages_above_and_dependencies=None, packages_above_depth=None, packages_select_by_dep=None, packages_skip_by_dep=None, packages_skip_up_to=None, packages_select_build_failed=False, packages_skip_build_finished=False, packages_select_test_failures=False, packages_skip_test_passed=False, packages_select=['plato_teleop'], packages_skip=None, packages_select_regex=None, packages_skip_regex=None, packages_start=None, packages_end=None, allow_overriding=[], cmake_args=None, cmake_target=None, cmake_target_skip_unavailable=False, cmake_clean_cache=False, cmake_clean_first=False, cmake_force_configure=False, ament_cmake_args=None, catkin_cmake_args=None, catkin_skip_building_tests=False, verb_parser=<colcon_defaults.argument_parser.defaults.DefaultArgumentsDecorator object at 0x7fac021ae9e0>, verb_extension=<colcon_core.verb.build.BuildVerb object at 0x7fac02367820>, main=<bound method BuildVerb.main of <colcon_core.verb.build.BuildVerb object at 0x7fac02367820>>)
[0.596s] Level 1:colcon.colcon_core.package_discovery:discover_packages(colcon_meta) check parameters
[0.596s] Level 1:colcon.colcon_core.package_discovery:discover_packages(recursive) check parameters
[0.596s] Level 1:colcon.colcon_core.package_discovery:discover_packages(ignore) check parameters
[0.596s] Level 1:colcon.colcon_core.package_discovery:discover_packages(path) check parameters
[0.596s] Level 1:colcon.colcon_core.package_discovery:discover_packages(colcon_meta) discover
[0.596s] Level 1:colcon.colcon_core.package_discovery:discover_packages(recursive) discover
[0.596s] INFO:colcon.colcon_core.package_discovery:Crawling recursively for packages in '/home/optimo/workspaces/maestro_ws'
[0.596s] Level 1:colcon.colcon_core.package_identification:_identify(.) by extensions ['ignore', 'ignore_ament_install']
[0.596s] Level 1:colcon.colcon_core.package_identification:_identify(.) by extension 'ignore'
[0.596s] Level 1:colcon.colcon_core.package_identification:_identify(.) by extension 'ignore_ament_install'
[0.596s] Level 1:colcon.colcon_core.package_identification:_identify(.) by extensions ['colcon_pkg']
[0.596s] Level 1:colcon.colcon_core.package_identification:_identify(.) by extension 'colcon_pkg'
[0.596s] Level 1:colcon.colcon_core.package_identification:_identify(.) by extensions ['colcon_meta']
[0.596s] Level 1:colcon.colcon_core.package_identification:_identify(.) by extension 'colcon_meta'
[0.596s] Level 1:colcon.colcon_core.package_identification:_identify(.) by extensions ['ros']
[0.596s] Level 1:colcon.colcon_core.package_identification:_identify(.) by extension 'ros'
[0.610s] Level 1:colcon.colcon_core.package_identification:_identify(.) by extensions ['cmake', 'python']
[0.611s] Level 1:colcon.colcon_core.package_identification:_identify(.) by extension 'cmake'
[0.611s] Level 1:colcon.colcon_core.package_identification:_identify(.) by extension 'python'
[0.611s] Level 1:colcon.colcon_core.package_identification:_identify(.) by extensions ['python_setup_py']
[0.611s] Level 1:colcon.colcon_core.package_identification:_identify(.) by extension 'python_setup_py'
[0.611s] Level 1:colcon.colcon_core.package_identification:_identify(build) by extensions ['ignore', 'ignore_ament_install']
[0.611s] Level 1:colcon.colcon_core.package_identification:_identify(build) by extension 'ignore'
[0.611s] Level 1:colcon.colcon_core.package_identification:_identify(build) ignored
[0.611s] Level 1:colcon.colcon_core.package_identification:_identify(install) by extensions ['ignore', 'ignore_ament_install']
[0.611s] Level 1:colcon.colcon_core.package_identification:_identify(install) by extension 'ignore'
[0.611s] Level 1:colcon.colcon_core.package_identification:_identify(install) ignored
[0.611s] Level 1:colcon.colcon_core.package_identification:_identify(log) by extensions ['ignore', 'ignore_ament_install']
[0.611s] Level 1:colcon.colcon_core.package_identification:_identify(log) by extension 'ignore'
[0.611s] Level 1:colcon.colcon_core.package_identification:_identify(log) ignored
[0.611s] Level 1:colcon.colcon_core.package_identification:_identify(src) by extensions ['ignore', 'ignore_ament_install']
[0.611s] Level 1:colcon.colcon_core.package_identification:_identify(src) by extension 'ignore'
[0.611s] Level 1:colcon.colcon_core.package_identification:_identify(src) by extension 'ignore_ament_install'
[0.611s] Level 1:colcon.colcon_core.package_identification:_identify(src) by extensions ['colcon_pkg']
[0.611s] Level 1:colcon.colcon_core.package_identification:_identify(src) by extension 'colcon_pkg'
[0.611s] Level 1:colcon.colcon_core.package_identification:_identify(src) by extensions ['colcon_meta']
[0.611s] Level 1:colcon.colcon_core.package_identification:_identify(src) by extension 'colcon_meta'
[0.611s] Level 1:colcon.colcon_core.package_identification:_identify(src) by extensions ['ros']
[0.611s] Level 1:colcon.colcon_core.package_identification:_identify(src) by extension 'ros'
[0.611s] Level 1:colcon.colcon_core.package_identification:_identify(src) by extensions ['cmake', 'python']
[0.611s] Level 1:colcon.colcon_core.package_identification:_identify(src) by extension 'cmake'
[0.611s] Level 1:colcon.colcon_core.package_identification:_identify(src) by extension 'python'
[0.611s] Level 1:colcon.colcon_core.package_identification:_identify(src) by extensions ['python_setup_py']
[0.611s] Level 1:colcon.colcon_core.package_identification:_identify(src) by extension 'python_setup_py'
[0.611s] Level 1:colcon.colcon_core.package_identification:_identify(src/data_collection) by extensions ['ignore', 'ignore_ament_install']
[0.611s] Level 1:colcon.colcon_core.package_identification:_identify(src/data_collection) by extension 'ignore'
[0.611s] Level 1:colcon.colcon_core.package_identification:_identify(src/data_collection) by extension 'ignore_ament_install'
[0.611s] Level 1:colcon.colcon_core.package_identification:_identify(src/data_collection) by extensions ['colcon_pkg']
[0.611s] Level 1:colcon.colcon_core.package_identification:_identify(src/data_collection) by extension 'colcon_pkg'
[0.612s] Level 1:colcon.colcon_core.package_identification:_identify(src/data_collection) by extensions ['colcon_meta']
[0.612s] Level 1:colcon.colcon_core.package_identification:_identify(src/data_collection) by extension 'colcon_meta'
[0.612s] Level 1:colcon.colcon_core.package_identification:_identify(src/data_collection) by extensions ['ros']
[0.612s] Level 1:colcon.colcon_core.package_identification:_identify(src/data_collection) by extension 'ros'
[0.613s] DEBUG:colcon.colcon_core.package_identification:Package 'src/data_collection' with type 'ros.ament_python' and name 'data_collection'
[0.613s] Level 1:colcon.colcon_core.package_identification:_identify(src/hand_pattern_recog) by extensions ['ignore', 'ignore_ament_install']
[0.613s] Level 1:colcon.colcon_core.package_identification:_identify(src/hand_pattern_recog) by extension 'ignore'
[0.613s] Level 1:colcon.colcon_core.package_identification:_identify(src/hand_pattern_recog) by extension 'ignore_ament_install'
[0.613s] Level 1:colcon.colcon_core.package_identification:_identify(src/hand_pattern_recog) by extensions ['colcon_pkg']
[0.613s] Level 1:colcon.colcon_core.package_identification:_identify(src/hand_pattern_recog) by extension 'colcon_pkg'
[0.613s] Level 1:colcon.colcon_core.package_identification:_identify(src/hand_pattern_recog) by extensions ['colcon_meta']
[0.613s] Level 1:colcon.colcon_core.package_identification:_identify(src/hand_pattern_recog) by extension 'colcon_meta'
[0.613s] Level 1:colcon.colcon_core.package_identification:_identify(src/hand_pattern_recog) by extensions ['ros']
[0.613s] Level 1:colcon.colcon_core.package_identification:_identify(src/hand_pattern_recog) by extension 'ros'
[0.613s] DEBUG:colcon.colcon_core.package_identification:Package 'src/hand_pattern_recog' with type 'ros.ament_cmake' and name 'hand_pattern_recog'
[0.614s] Level 1:colcon.colcon_core.package_identification:_identify(src/log) by extensions ['ignore', 'ignore_ament_install']
[0.614s] Level 1:colcon.colcon_core.package_identification:_identify(src/log) by extension 'ignore'
[0.614s] Level 1:colcon.colcon_core.package_identification:_identify(src/log) ignored
[0.614s] Level 1:colcon.colcon_core.package_identification:_identify(src/plato_teleop) by extensions ['ignore', 'ignore_ament_install']
[0.614s] Level 1:colcon.colcon_core.package_identification:_identify(src/plato_teleop) by extension 'ignore'
[0.614s] Level 1:colcon.colcon_core.package_identification:_identify(src/plato_teleop) by extension 'ignore_ament_install'
[0.614s] Level 1:colcon.colcon_core.package_identification:_identify(src/plato_teleop) by extensions ['colcon_pkg']
[0.614s] Level 1:colcon.colcon_core.package_identification:_identify(src/plato_teleop) by extension 'colcon_pkg'
[0.614s] Level 1:colcon.colcon_core.package_identification:_identify(src/plato_teleop) by extensions ['colcon_meta']
[0.614s] Level 1:colcon.colcon_core.package_identification:_identify(src/plato_teleop) by extension 'colcon_meta'
[0.614s] Level 1:colcon.colcon_core.package_identification:_identify(src/plato_teleop) by extensions ['ros']
[0.614s] Level 1:colcon.colcon_core.package_identification:_identify(src/plato_teleop) by extension 'ros'
[0.614s] DEBUG:colcon.colcon_core.package_identification:Package 'src/plato_teleop' with type 'ros.ament_cmake' and name 'plato_teleop'
[0.614s] Level 1:colcon.colcon_core.package_identification:_identify(src/spaceMouse_navigator) by extensions ['ignore', 'ignore_ament_install']
[0.614s] Level 1:colcon.colcon_core.package_identification:_identify(src/spaceMouse_navigator) by extension 'ignore'
[0.614s] Level 1:colcon.colcon_core.package_identification:_identify(src/spaceMouse_navigator) by extension 'ignore_ament_install'
[0.614s] Level 1:colcon.colcon_core.package_identification:_identify(src/spaceMouse_navigator) by extensions ['colcon_pkg']
[0.614s] Level 1:colcon.colcon_core.package_identification:_identify(src/spaceMouse_navigator) by extension 'colcon_pkg'
[0.614s] Level 1:colcon.colcon_core.package_identification:_identify(src/spaceMouse_navigator) by extensions ['colcon_meta']
[0.614s] Level 1:colcon.colcon_core.package_identification:_identify(src/spaceMouse_navigator) by extension 'colcon_meta'
[0.614s] Level 1:colcon.colcon_core.package_identification:_identify(src/spaceMouse_navigator) by extensions ['ros']
[0.614s] Level 1:colcon.colcon_core.package_identification:_identify(src/spaceMouse_navigator) by extension 'ros'
[0.615s] DEBUG:colcon.colcon_core.package_identification:Package 'src/spaceMouse_navigator' with type 'ros.ament_python' and name 'spaceMouse_navigator'
[0.615s] Level 1:colcon.colcon_core.package_identification:_identify(src/udp_receiver) by extensions ['ignore', 'ignore_ament_install']
[0.615s] Level 1:colcon.colcon_core.package_identification:_identify(src/udp_receiver) by extension 'ignore'
[0.615s] Level 1:colcon.colcon_core.package_identification:_identify(src/udp_receiver) by extension 'ignore_ament_install'
[0.615s] Level 1:colcon.colcon_core.package_identification:_identify(src/udp_receiver) by extensions ['colcon_pkg']
[0.615s] Level 1:colcon.colcon_core.package_identification:_identify(src/udp_receiver) by extension 'colcon_pkg'
[0.615s] Level 1:colcon.colcon_core.package_identification:_identify(src/udp_receiver) by extensions ['colcon_meta']
[0.615s] Level 1:colcon.colcon_core.package_identification:_identify(src/udp_receiver) by extension 'colcon_meta'
[0.615s] Level 1:colcon.colcon_core.package_identification:_identify(src/udp_receiver) by extensions ['ros']
[0.615s] Level 1:colcon.colcon_core.package_identification:_identify(src/udp_receiver) by extension 'ros'
[0.615s] DEBUG:colcon.colcon_core.package_identification:Package 'src/udp_receiver' with type 'ros.ament_cmake' and name 'udp_receiver'
[0.615s] Level 1:colcon.colcon_core.package_discovery:discover_packages(recursive) using defaults
[0.615s] Level 1:colcon.colcon_core.package_discovery:discover_packages(ignore) discover
[0.615s] Level 1:colcon.colcon_core.package_discovery:discover_packages(ignore) using defaults
[0.615s] Level 1:colcon.colcon_core.package_discovery:discover_packages(path) discover
[0.615s] Level 1:colcon.colcon_core.package_discovery:discover_packages(path) using defaults
[0.654s] INFO:colcon.colcon_core.package_selection:Skipping not selected package 'data_collection' in 'src/data_collection'
[0.654s] INFO:colcon.colcon_core.package_selection:Skipping not selected package 'hand_pattern_recog' in 'src/hand_pattern_recog'
[0.654s] INFO:colcon.colcon_core.package_selection:Skipping not selected package 'spaceMouse_navigator' in 'src/spaceMouse_navigator'
[0.654s] INFO:colcon.colcon_core.package_selection:Skipping not selected package 'udp_receiver' in 'src/udp_receiver'
[0.677s] Level 1:colcon.colcon_core.package_discovery:discover_packages(prefix_path) check parameters
[0.677s] Level 1:colcon.colcon_core.package_discovery:discover_packages(prefix_path) discover
[0.685s] WARNING:colcon.colcon_core.prefix_path.colcon:The path '/home/optimo/workspaces/spacemouse_ws/install' in the environment variable COLCON_PREFIX_PATH doesn't exist
[0.686s] WARNING:colcon.colcon_core.prefix_path.colcon:The path '/home/optimo/workspaces/moveit_ws/install' in the environment variable COLCON_PREFIX_PATH doesn't exist
[0.686s] WARNING:colcon.colcon_ros.prefix_path.ament:The path '/home/optimo/workspaces/spacemouse_ws/install/spaceMouse_navigator' in the environment variable AMENT_PREFIX_PATH doesn't exist
[0.686s] WARNING:colcon.colcon_ros.prefix_path.ament:The path '/home/optimo/workspaces/spacemouse_ws/install/data_collection' in the environment variable AMENT_PREFIX_PATH doesn't exist
[0.686s] WARNING:colcon.colcon_ros.prefix_path.ament:The path '/home/optimo/workspaces/moveit_ws/install/plato_moveit_control' in the environment variable AMENT_PREFIX_PATH doesn't exist
[0.686s] WARNING:colcon.colcon_ros.prefix_path.catkin:The path '/home/optimo/workspaces/moveit_ws/install/plato_moveit_control' in the environment variable CMAKE_PREFIX_PATH doesn't exist
[0.694s] DEBUG:colcon.colcon_installed_package_information.package_discovery:Found 5 installed packages in /home/optimo/workspaces/maestro_ws/install
[0.703s] DEBUG:colcon.colcon_installed_package_information.package_discovery:Found 8 installed packages in /home/optimo/workspaces/plato_ws/install
[0.711s] DEBUG:colcon.colcon_installed_package_information.package_discovery:Found 3 installed packages in /home/optimo/roboligent_sdk/optimo_controller/ros_wrapper/install
[0.721s] DEBUG:colcon.colcon_installed_package_information.package_discovery:Found 369 installed packages in /opt/ros/humble
[0.722s] Level 1:colcon.colcon_core.package_discovery:discover_packages(prefix_path) using defaults
[0.782s] Level 5:colcon.colcon_core.verb:set package 'plato_teleop' build argument 'cmake_args' from command line to 'None'
[0.782s] Level 5:colcon.colcon_core.verb:set package 'plato_teleop' build argument 'cmake_target' from command line to 'None'
[0.782s] Level 5:colcon.colcon_core.verb:set package 'plato_teleop' build argument 'cmake_target_skip_unavailable' from command line to 'False'
[0.782s] Level 5:colcon.colcon_core.verb:set package 'plato_teleop' build argument 'cmake_clean_cache' from command line to 'False'
[0.782s] Level 5:colcon.colcon_core.verb:set package 'plato_teleop' build argument 'cmake_clean_first' from command line to 'False'
[0.782s] Level 5:colcon.colcon_core.verb:set package 'plato_teleop' build argument 'cmake_force_configure' from command line to 'False'
[0.782s] Level 5:colcon.colcon_core.verb:set package 'plato_teleop' build argument 'ament_cmake_args' from command line to 'None'
[0.782s] Level 5:colcon.colcon_core.verb:set package 'plato_teleop' build argument 'catkin_cmake_args' from command line to 'None'
[0.782s] Level 5:colcon.colcon_core.verb:set package 'plato_teleop' build argument 'catkin_skip_building_tests' from command line to 'False'
[0.782s] DEBUG:colcon.colcon_core.verb:Building package 'plato_teleop' with the following arguments: {'ament_cmake_args': None, 'build_base': '/home/optimo/workspaces/maestro_ws/build/plato_teleop', 'catkin_cmake_args': None, 'catkin_skip_building_tests': False, 'cmake_args': None, 'cmake_clean_cache': False, 'cmake_clean_first': False, 'cmake_force_configure': False, 'cmake_target': None, 'cmake_target_skip_unavailable': False, 'install_base': '/home/optimo/workspaces/maestro_ws/install/plato_teleop', 'merge_install': False, 'path': '/home/optimo/workspaces/maestro_ws/src/plato_teleop', 'symlink_install': False, 'test_result_base': None}
[0.790s] INFO:colcon.colcon_core.executor:Executing jobs using 'parallel' executor
[0.799s] DEBUG:colcon.colcon_parallel_executor.executor.parallel:run_until_complete
[0.799s] INFO:colcon.colcon_ros.task.ament_cmake.build:Building ROS package in '/home/optimo/workspaces/maestro_ws/src/plato_teleop' with build type 'ament_cmake'
[0.799s] INFO:colcon.colcon_cmake.task.cmake.build:Building CMake package in '/home/optimo/workspaces/maestro_ws/src/plato_teleop'
[0.808s] INFO:colcon.colcon_core.plugin_system:Skipping extension 'colcon_core.shell.bat': Not used on non-Windows systems
[0.808s] INFO:colcon.colcon_core.shell:Skip shell extension 'powershell' for command environment: Not usable outside of PowerShell
[0.808s] DEBUG:colcon.colcon_core.shell:Skip shell extension 'dsv' for command environment
[0.853s] DEBUG:colcon.colcon_core.event_handler.log_command:Invoking command in '/home/optimo/workspaces/maestro_ws/build/plato_teleop': CMAKE_PREFIX_PATH=${CMAKE_PREFIX_PATH}:/home/optimo/workspaces/maestro_ws/install/spaceMouse_navigator:/home/optimo/workspaces/maestro_ws/install/data_collection:/home/optimo/workspaces/plato_ws/install/plato_pycontroller:/home/optimo/workspaces/spacemouse_ws/install/spaceMouse_navigator:/home/optimo/workspaces/spacemouse_ws/install/data_collection:/opt/ros/humble /usr/bin/cmake /home/optimo/workspaces/maestro_ws/src/plato_teleop -DCMAKE_INSTALL_PREFIX=/home/optimo/workspaces/maestro_ws/install/plato_teleop
[3.539s] DEBUG:colcon.colcon_core.event_handler.log_command:Invoked command in '/home/optimo/workspaces/maestro_ws/build/plato_teleop' returned '0': CMAKE_PREFIX_PATH=${CMAKE_PREFIX_PATH}:/home/optimo/workspaces/maestro_ws/install/spaceMouse_navigator:/home/optimo/workspaces/maestro_ws/install/data_collection:/home/optimo/workspaces/plato_ws/install/plato_pycontroller:/home/optimo/workspaces/spacemouse_ws/install/spaceMouse_navigator:/home/optimo/workspaces/spacemouse_ws/install/data_collection:/opt/ros/humble /usr/bin/cmake /home/optimo/workspaces/maestro_ws/src/plato_teleop -DCMAKE_INSTALL_PREFIX=/home/optimo/workspaces/maestro_ws/install/plato_teleop
[3.540s] DEBUG:colcon.colcon_core.event_handler.log_command:Invoking command in '/home/optimo/workspaces/maestro_ws/build/plato_teleop': CMAKE_PREFIX_PATH=${CMAKE_PREFIX_PATH}:/home/optimo/workspaces/maestro_ws/install/spaceMouse_navigator:/home/optimo/workspaces/maestro_ws/install/data_collection:/home/optimo/workspaces/plato_ws/install/plato_pycontroller:/home/optimo/workspaces/spacemouse_ws/install/spaceMouse_navigator:/home/optimo/workspaces/spacemouse_ws/install/data_collection:/opt/ros/humble /usr/bin/cmake --build /home/optimo/workspaces/maestro_ws/build/plato_teleop -- -j20 -l20
[3.586s] DEBUG:colcon.colcon_core.event_handler.log_command:Invoked command in '/home/optimo/workspaces/maestro_ws/build/plato_teleop' returned '0': CMAKE_PREFIX_PATH=${CMAKE_PREFIX_PATH}:/home/optimo/workspaces/maestro_ws/install/spaceMouse_navigator:/home/optimo/workspaces/maestro_ws/install/data_collection:/home/optimo/workspaces/plato_ws/install/plato_pycontroller:/home/optimo/workspaces/spacemouse_ws/install/spaceMouse_navigator:/home/optimo/workspaces/spacemouse_ws/install/data_collection:/opt/ros/humble /usr/bin/cmake --build /home/optimo/workspaces/maestro_ws/build/plato_teleop -- -j20 -l20
[3.606s] DEBUG:colcon.colcon_core.event_handler.log_command:Invoking command in '/home/optimo/workspaces/maestro_ws/build/plato_teleop': CMAKE_PREFIX_PATH=${CMAKE_PREFIX_PATH}:/home/optimo/workspaces/maestro_ws/install/spaceMouse_navigator:/home/optimo/workspaces/maestro_ws/install/data_collection:/home/optimo/workspaces/plato_ws/install/plato_pycontroller:/home/optimo/workspaces/spacemouse_ws/install/spaceMouse_navigator:/home/optimo/workspaces/spacemouse_ws/install/data_collection:/opt/ros/humble /usr/bin/cmake --install /home/optimo/workspaces/maestro_ws/build/plato_teleop
[3.618s] Level 1:colcon.colcon_core.environment:create_environment_scripts_only(plato_teleop)
[3.618s] DEBUG:colcon.colcon_core.event_handler.log_command:Invoked command in '/home/optimo/workspaces/maestro_ws/build/plato_teleop' returned '0': CMAKE_PREFIX_PATH=${CMAKE_PREFIX_PATH}:/home/optimo/workspaces/maestro_ws/install/spaceMouse_navigator:/home/optimo/workspaces/maestro_ws/install/data_collection:/home/optimo/workspaces/plato_ws/install/plato_pycontroller:/home/optimo/workspaces/spacemouse_ws/install/spaceMouse_navigator:/home/optimo/workspaces/spacemouse_ws/install/data_collection:/opt/ros/humble /usr/bin/cmake --install /home/optimo/workspaces/maestro_ws/build/plato_teleop
[3.627s] Level 1:colcon.colcon_core.environment:checking '/home/optimo/workspaces/maestro_ws/install/plato_teleop' for CMake module files
[3.628s] Level 1:colcon.colcon_core.environment:checking '/home/optimo/workspaces/maestro_ws/install/plato_teleop' for CMake config files
[3.628s] Level 1:colcon.colcon_core.shell:create_environment_hook('plato_teleop', 'cmake_prefix_path')
[3.636s] INFO:colcon.colcon_core.shell:Creating environment hook '/home/optimo/workspaces/maestro_ws/install/plato_teleop/share/plato_teleop/hook/cmake_prefix_path.ps1'
[3.636s] INFO:colcon.colcon_core.shell:Creating environment descriptor '/home/optimo/workspaces/maestro_ws/install/plato_teleop/share/plato_teleop/hook/cmake_prefix_path.dsv'
[3.636s] INFO:colcon.colcon_core.shell:Creating environment hook '/home/optimo/workspaces/maestro_ws/install/plato_teleop/share/plato_teleop/hook/cmake_prefix_path.sh'
[3.637s] Level 1:colcon.colcon_core.environment:checking '/home/optimo/workspaces/maestro_ws/install/plato_teleop/lib'
[3.637s] Level 1:colcon.colcon_core.environment:checking '/home/optimo/workspaces/maestro_ws/install/plato_teleop/bin'
[3.637s] Level 1:colcon.colcon_core.environment:checking '/home/optimo/workspaces/maestro_ws/install/plato_teleop/lib/pkgconfig/plato_teleop.pc'
[3.637s] Level 1:colcon.colcon_core.environment:checking '/home/optimo/workspaces/maestro_ws/install/plato_teleop/lib/python3.10/site-packages'
[3.637s] Level 1:colcon.colcon_core.environment:checking '/home/optimo/workspaces/maestro_ws/install/plato_teleop/bin'
[3.645s] INFO:colcon.colcon_core.shell:Creating package script '/home/optimo/workspaces/maestro_ws/install/plato_teleop/share/plato_teleop/package.ps1'
[3.645s] INFO:colcon.colcon_core.shell:Creating package descriptor '/home/optimo/workspaces/maestro_ws/install/plato_teleop/share/plato_teleop/package.dsv'
[3.646s] INFO:colcon.colcon_core.shell:Creating package script '/home/optimo/workspaces/maestro_ws/install/plato_teleop/share/plato_teleop/package.sh'
[3.646s] INFO:colcon.colcon_core.shell:Creating package script '/home/optimo/workspaces/maestro_ws/install/plato_teleop/share/plato_teleop/package.bash'
[3.646s] INFO:colcon.colcon_core.shell:Creating package script '/home/optimo/workspaces/maestro_ws/install/plato_teleop/share/plato_teleop/package.zsh'
[3.647s] Level 1:colcon.colcon_core.environment:create_file_with_runtime_dependencies(/home/optimo/workspaces/maestro_ws/install/plato_teleop/share/colcon-core/packages/plato_teleop)
[3.669s] Level 1:colcon.colcon_core.environment:create_environment_scripts_only(plato_teleop)
[3.678s] Level 1:colcon.colcon_core.environment:checking '/home/optimo/workspaces/maestro_ws/install/plato_teleop' for CMake module files
[3.679s] Level 1:colcon.colcon_core.environment:checking '/home/optimo/workspaces/maestro_ws/install/plato_teleop' for CMake config files
[3.679s] Level 1:colcon.colcon_core.shell:create_environment_hook('plato_teleop', 'cmake_prefix_path')
[3.687s] INFO:colcon.colcon_core.shell:Creating environment hook '/home/optimo/workspaces/maestro_ws/install/plato_teleop/share/plato_teleop/hook/cmake_prefix_path.ps1'
[3.687s] INFO:colcon.colcon_core.shell:Creating environment descriptor '/home/optimo/workspaces/maestro_ws/install/plato_teleop/share/plato_teleop/hook/cmake_prefix_path.dsv'
[3.687s] INFO:colcon.colcon_core.shell:Creating environment hook '/home/optimo/workspaces/maestro_ws/install/plato_teleop/share/plato_teleop/hook/cmake_prefix_path.sh'
[3.688s] Level 1:colcon.colcon_core.environment:checking '/home/optimo/workspaces/maestro_ws/install/plato_teleop/lib'
[3.688s] Level 1:colcon.colcon_core.environment:checking '/home/optimo/workspaces/maestro_ws/install/plato_teleop/bin'
[3.688s] Level 1:colcon.colcon_core.environment:checking '/home/optimo/workspaces/maestro_ws/install/plato_teleop/lib/pkgconfig/plato_teleop.pc'
[3.688s] Level 1:colcon.colcon_core.environment:checking '/home/optimo/workspaces/maestro_ws/install/plato_teleop/lib/python3.10/site-packages'
[3.688s] Level 1:colcon.colcon_core.environment:checking '/home/optimo/workspaces/maestro_ws/install/plato_teleop/bin'
[3.696s] INFO:colcon.colcon_core.shell:Creating package script '/home/optimo/workspaces/maestro_ws/install/plato_teleop/share/plato_teleop/package.ps1'
[3.697s] INFO:colcon.colcon_core.shell:Creating package descriptor '/home/optimo/workspaces/maestro_ws/install/plato_teleop/share/plato_teleop/package.dsv'
[3.697s] INFO:colcon.colcon_core.shell:Creating package script '/home/optimo/workspaces/maestro_ws/install/plato_teleop/share/plato_teleop/package.sh'
[3.697s] INFO:colcon.colcon_core.shell:Creating package script '/home/optimo/workspaces/maestro_ws/install/plato_teleop/share/plato_teleop/package.bash'
[3.697s] INFO:colcon.colcon_core.shell:Creating package script '/home/optimo/workspaces/maestro_ws/install/plato_teleop/share/plato_teleop/package.zsh'
[3.698s] Level 1:colcon.colcon_core.environment:create_file_with_runtime_dependencies(/home/optimo/workspaces/maestro_ws/install/plato_teleop/share/colcon-core/packages/plato_teleop)
[3.698s] DEBUG:colcon.colcon_parallel_executor.executor.parallel:closing loop
[3.698s] DEBUG:colcon.colcon_parallel_executor.executor.parallel:loop closed
[3.698s] DEBUG:colcon.colcon_parallel_executor.executor.parallel:run_until_complete finished with '0'
[3.698s] DEBUG:colcon.colcon_core.event_reactor:joining thread
[3.709s] INFO:colcon.colcon_core.plugin_system:Skipping extension 'colcon_notification.desktop_notification.terminal_notifier': Not used on non-Darwin systems
[3.709s] INFO:colcon.colcon_core.plugin_system:Skipping extension 'colcon_notification.desktop_notification.win32': Not used on non-Windows systems
[3.709s] INFO:colcon.colcon_notification.desktop_notification:Sending desktop notification using 'notify2'
[3.716s] DEBUG:colcon.colcon_core.event_reactor:joined thread
[3.725s] INFO:colcon.colcon_core.shell:Creating prefix script '/home/optimo/workspaces/maestro_ws/install/local_setup.ps1'
[3.726s] INFO:colcon.colcon_core.shell:Creating prefix util module '/home/optimo/workspaces/maestro_ws/install/_local_setup_util_ps1.py'
[3.727s] INFO:colcon.colcon_core.shell:Creating prefix chain script '/home/optimo/workspaces/maestro_ws/install/setup.ps1'
[3.736s] INFO:colcon.colcon_core.shell:Creating prefix script '/home/optimo/workspaces/maestro_ws/install/local_setup.sh'
[3.737s] INFO:colcon.colcon_core.shell:Creating prefix util module '/home/optimo/workspaces/maestro_ws/install/_local_setup_util_sh.py'
[3.737s] INFO:colcon.colcon_core.shell:Creating prefix chain script '/home/optimo/workspaces/maestro_ws/install/setup.sh'
[3.746s] INFO:colcon.colcon_core.shell:Creating prefix script '/home/optimo/workspaces/maestro_ws/install/local_setup.bash'
[3.746s] INFO:colcon.colcon_core.shell:Creating prefix chain script '/home/optimo/workspaces/maestro_ws/install/setup.bash'
[3.756s] INFO:colcon.colcon_core.shell:Creating prefix script '/home/optimo/workspaces/maestro_ws/install/local_setup.zsh'
[3.757s] INFO:colcon.colcon_core.shell:Creating prefix chain script '/home/optimo/workspaces/maestro_ws/install/setup.zsh'
