[0.460s] Invoking command in '/home/optimo/workspaces/maestro_ws/build/udp_receiver': CMAKE_PREFIX_PATH=${CMAKE_PREFIX_PATH}:/home/optimo/workspaces/plato_ws/install/plato_pycontroller:/opt/ros/humble /usr/bin/cmake /home/optimo/workspaces/maestro_ws/src/udp_receiver -DCMAKE_INSTALL_PREFIX=/home/optimo/workspaces/maestro_ws/install/udp_receiver
[0.480s] -- Checking for module 'glut'
[0.480s] --   No package 'glut' found
[0.480s] -- Found ament_cmake: 1.3.7 (/opt/ros/humble/share/ament_cmake/cmake)
[0.570s] -- Override CMake install command with custom implementation using symlinks instead of copying resources
[0.576s] -- Found rclcpp: 16.0.8 (/opt/ros/humble/share/rclcpp/cmake)
[0.603s] -- Found rosidl_generator_c: 3.1.5 (/opt/ros/humble/share/rosidl_generator_c/cmake)
[0.605s] -- Found rosidl_adapter: 3.1.5 (/opt/ros/humble/share/rosidl_adapter/cmake)
[0.610s] -- Found rosidl_generator_cpp: 3.1.5 (/opt/ros/humble/share/rosidl_generator_cpp/cmake)
[0.621s] -- Using all available rosidl_typesupport_c: rosidl_typesupport_fastrtps_c;rosidl_typesupport_introspection_c
[0.636s] -- Using all available rosidl_typesupport_cpp: rosidl_typesupport_fastrtps_cpp;rosidl_typesupport_introspection_cpp
[0.679s] -- Found rmw_implementation_cmake: 6.1.1 (/opt/ros/humble/share/rmw_implementation_cmake/cmake)
[0.679s] -- Found rmw_fastrtps_cpp: 6.2.6 (/opt/ros/humble/share/rmw_fastrtps_cpp/cmake)
[0.764s] -- Using RMW implementation 'rmw_fastrtps_cpp' as default
[0.855s] -- Found sensor_msgs: 4.2.3 (/opt/ros/humble/share/sensor_msgs/cmake)
[0.989s] -- Configuring done
[1.072s] -- Generating done
[1.073s] -- Build files have been written to: /home/optimo/workspaces/maestro_ws/build/udp_receiver
[1.079s] Invoked command in '/home/optimo/workspaces/maestro_ws/build/udp_receiver' returned '0': CMAKE_PREFIX_PATH=${CMAKE_PREFIX_PATH}:/home/optimo/workspaces/plato_ws/install/plato_pycontroller:/opt/ros/humble /usr/bin/cmake /home/optimo/workspaces/maestro_ws/src/udp_receiver -DCMAKE_INSTALL_PREFIX=/home/optimo/workspaces/maestro_ws/install/udp_receiver
[1.080s] Invoking command in '/home/optimo/workspaces/maestro_ws/build/udp_receiver': CMAKE_PREFIX_PATH=${CMAKE_PREFIX_PATH}:/home/optimo/workspaces/plato_ws/install/plato_pycontroller:/opt/ros/humble /usr/bin/cmake --build /home/optimo/workspaces/maestro_ws/build/udp_receiver -- -j20 -l20
[1.103s] [35m[1mConsolidate compiler generated dependencies of target render_test[0m
[1.105s] [35m[1mConsolidate compiler generated dependencies of target UDPReceiver[0m
[1.105s] [35m[1mConsolidate compiler generated dependencies of target UDPReceiver_mthread[0m
[1.112s] [ 27%] Built target render_test
[1.122s] [ 63%] Built target UDPReceiver
[1.124s] [100%] Built target UDPReceiver_mthread
[1.132s] Invoked command in '/home/optimo/workspaces/maestro_ws/build/udp_receiver' returned '0': CMAKE_PREFIX_PATH=${CMAKE_PREFIX_PATH}:/home/optimo/workspaces/plato_ws/install/plato_pycontroller:/opt/ros/humble /usr/bin/cmake --build /home/optimo/workspaces/maestro_ws/build/udp_receiver -- -j20 -l20
[1.166s] Invoking command in '/home/optimo/workspaces/maestro_ws/build/udp_receiver': CMAKE_PREFIX_PATH=${CMAKE_PREFIX_PATH}:/home/optimo/workspaces/plato_ws/install/plato_pycontroller:/opt/ros/humble /usr/bin/cmake --install /home/optimo/workspaces/maestro_ws/build/udp_receiver
[1.170s] -- Install configuration: ""
[1.170s] -- Execute custom install script
[1.170s] -- Up-to-date symlink: /home/optimo/workspaces/maestro_ws/install/udp_receiver/lib/udp_receiver/UDPReceiver
[1.170s] -- Up-to-date symlink: /home/optimo/workspaces/maestro_ws/install/udp_receiver/lib/udp_receiver/UDPReceiver_mthread
[1.171s] -- Up-to-date symlink: /home/optimo/workspaces/maestro_ws/install/udp_receiver/lib/udp_receiver/render_test
[1.171s] -- Up-to-date symlink: /home/optimo/workspaces/maestro_ws/install/udp_receiver/share/ament_index/resource_index/package_run_dependencies/udp_receiver
[1.171s] -- Up-to-date symlink: /home/optimo/workspaces/maestro_ws/install/udp_receiver/share/ament_index/resource_index/parent_prefix_path/udp_receiver
[1.171s] -- Up-to-date symlink: /home/optimo/workspaces/maestro_ws/install/udp_receiver/share/udp_receiver/environment/ament_prefix_path.sh
[1.171s] -- Up-to-date symlink: /home/optimo/workspaces/maestro_ws/install/udp_receiver/share/udp_receiver/environment/ament_prefix_path.dsv
[1.171s] -- Up-to-date symlink: /home/optimo/workspaces/maestro_ws/install/udp_receiver/share/udp_receiver/environment/path.sh
[1.171s] -- Up-to-date symlink: /home/optimo/workspaces/maestro_ws/install/udp_receiver/share/udp_receiver/environment/path.dsv
[1.171s] -- Up-to-date symlink: /home/optimo/workspaces/maestro_ws/install/udp_receiver/share/udp_receiver/local_setup.bash
[1.171s] -- Up-to-date symlink: /home/optimo/workspaces/maestro_ws/install/udp_receiver/share/udp_receiver/local_setup.sh
[1.171s] -- Up-to-date symlink: /home/optimo/workspaces/maestro_ws/install/udp_receiver/share/udp_receiver/local_setup.zsh
[1.171s] -- Up-to-date symlink: /home/optimo/workspaces/maestro_ws/install/udp_receiver/share/udp_receiver/local_setup.dsv
[1.171s] -- Symlinking: /home/optimo/workspaces/maestro_ws/install/udp_receiver/share/udp_receiver/package.dsv
[1.177s] -- Up-to-date symlink: /home/optimo/workspaces/maestro_ws/install/udp_receiver/share/ament_index/resource_index/packages/udp_receiver
[1.177s] -- Up-to-date symlink: /home/optimo/workspaces/maestro_ws/install/udp_receiver/share/udp_receiver/cmake/udp_receiverConfig.cmake
[1.177s] -- Up-to-date symlink: /home/optimo/workspaces/maestro_ws/install/udp_receiver/share/udp_receiver/cmake/udp_receiverConfig-version.cmake
[1.177s] -- Up-to-date symlink: /home/optimo/workspaces/maestro_ws/install/udp_receiver/share/udp_receiver/package.xml
[1.179s] Invoked command in '/home/optimo/workspaces/maestro_ws/build/udp_receiver' returned '0': CMAKE_PREFIX_PATH=${CMAKE_PREFIX_PATH}:/home/optimo/workspaces/plato_ws/install/plato_pycontroller:/opt/ros/humble /usr/bin/cmake --install /home/optimo/workspaces/maestro_ws/build/udp_receiver
