[0.526s] DEBUG:colcon:Command line arguments: ['/usr/bin/colcon', 'list', '-p', '--base-paths', '/home/optimo/workspaces/maestro_ws/src']
[0.526s] DEBUG:colcon:Parsed command line arguments: Namespace(log_base=None, log_level=None, verb_name='list', build_base='build', ignore_user_meta=False, metas=['./colcon.meta'], base_paths=['/home/optimo/workspaces/maestro_ws/src'], packages_ignore=None, packages_ignore_regex=None, paths=None, packages_up_to=None, packages_up_to_regex=None, packages_above=None, packages_above_and_dependencies=None, packages_above_depth=None, packages_select_by_dep=None, packages_skip_by_dep=None, packages_skip_up_to=None, packages_select_build_failed=False, packages_skip_build_finished=False, packages_select_test_failures=False, packages_skip_test_passed=False, packages_select=None, packages_skip=None, packages_select_regex=None, packages_skip_regex=None, packages_start=None, packages_end=None, allow_overriding=[], topological_order=False, names_only=False, paths_only=True, topological_graph=False, topological_graph_dot=False, topological_graph_density=False, topological_graph_legend=False, topological_graph_dot_cluster=False, topological_graph_dot_include_skipped=False, verb_parser=<colcon_defaults.argument_parser.defaults.DefaultArgumentsDecorator object at 0x7f98a867ae00>, verb_extension=<colcon_package_information.verb.list.ListVerb object at 0x7f98a868a800>, main=<bound method ListVerb.main of <colcon_package_information.verb.list.ListVerb object at 0x7f98a868a800>>)
[0.555s] Level 1:colcon.colcon_core.package_discovery:discover_packages(colcon_meta) check parameters
[0.555s] Level 1:colcon.colcon_core.package_discovery:discover_packages(recursive) check parameters
[0.555s] Level 1:colcon.colcon_core.package_discovery:discover_packages(ignore) check parameters
[0.555s] Level 1:colcon.colcon_core.package_discovery:discover_packages(path) check parameters
[0.556s] Level 1:colcon.colcon_core.package_discovery:discover_packages(recursive) discover
[0.556s] INFO:colcon.colcon_core.package_discovery:Crawling recursively for packages in '/home/optimo/workspaces/maestro_ws/src'
[0.556s] Level 1:colcon.colcon_core.package_identification:_identify(/home/optimo/workspaces/maestro_ws/src) by extensions ['ignore', 'ignore_ament_install']
[0.556s] Level 1:colcon.colcon_core.package_identification:_identify(/home/optimo/workspaces/maestro_ws/src) by extension 'ignore'
[0.556s] Level 1:colcon.colcon_core.package_identification:_identify(/home/optimo/workspaces/maestro_ws/src) by extension 'ignore_ament_install'
[0.556s] Level 1:colcon.colcon_core.package_identification:_identify(/home/optimo/workspaces/maestro_ws/src) by extensions ['colcon_pkg']
[0.556s] Level 1:colcon.colcon_core.package_identification:_identify(/home/optimo/workspaces/maestro_ws/src) by extension 'colcon_pkg'
[0.556s] Level 1:colcon.colcon_core.package_identification:_identify(/home/optimo/workspaces/maestro_ws/src) by extensions ['colcon_meta']
[0.556s] Level 1:colcon.colcon_core.package_identification:_identify(/home/optimo/workspaces/maestro_ws/src) by extension 'colcon_meta'
[0.556s] Level 1:colcon.colcon_core.package_identification:_identify(/home/optimo/workspaces/maestro_ws/src) by extensions ['ros']
[0.556s] Level 1:colcon.colcon_core.package_identification:_identify(/home/optimo/workspaces/maestro_ws/src) by extension 'ros'
[0.570s] Level 1:colcon.colcon_core.package_identification:_identify(/home/optimo/workspaces/maestro_ws/src) by extensions ['cmake', 'python']
[0.570s] Level 1:colcon.colcon_core.package_identification:_identify(/home/optimo/workspaces/maestro_ws/src) by extension 'cmake'
[0.570s] Level 1:colcon.colcon_core.package_identification:_identify(/home/optimo/workspaces/maestro_ws/src) by extension 'python'
[0.570s] Level 1:colcon.colcon_core.package_identification:_identify(/home/optimo/workspaces/maestro_ws/src) by extensions ['python_setup_py']
[0.570s] Level 1:colcon.colcon_core.package_identification:_identify(/home/optimo/workspaces/maestro_ws/src) by extension 'python_setup_py'
[0.570s] Level 1:colcon.colcon_core.package_identification:_identify(/home/optimo/workspaces/maestro_ws/src/data_collection) by extensions ['ignore', 'ignore_ament_install']
[0.570s] Level 1:colcon.colcon_core.package_identification:_identify(/home/optimo/workspaces/maestro_ws/src/data_collection) by extension 'ignore'
[0.570s] Level 1:colcon.colcon_core.package_identification:_identify(/home/optimo/workspaces/maestro_ws/src/data_collection) by extension 'ignore_ament_install'
[0.570s] Level 1:colcon.colcon_core.package_identification:_identify(/home/optimo/workspaces/maestro_ws/src/data_collection) by extensions ['colcon_pkg']
[0.570s] Level 1:colcon.colcon_core.package_identification:_identify(/home/optimo/workspaces/maestro_ws/src/data_collection) by extension 'colcon_pkg'
[0.570s] Level 1:colcon.colcon_core.package_identification:_identify(/home/optimo/workspaces/maestro_ws/src/data_collection) by extensions ['colcon_meta']
[0.570s] Level 1:colcon.colcon_core.package_identification:_identify(/home/optimo/workspaces/maestro_ws/src/data_collection) by extension 'colcon_meta'
[0.570s] Level 1:colcon.colcon_core.package_identification:_identify(/home/optimo/workspaces/maestro_ws/src/data_collection) by extensions ['ros']
[0.570s] Level 1:colcon.colcon_core.package_identification:_identify(/home/optimo/workspaces/maestro_ws/src/data_collection) by extension 'ros'
[0.571s] DEBUG:colcon.colcon_core.package_identification:Package '/home/optimo/workspaces/maestro_ws/src/data_collection' with type 'ros.ament_python' and name 'data_collection'
[0.572s] Level 1:colcon.colcon_core.package_identification:_identify(/home/optimo/workspaces/maestro_ws/src/hand_pattern_recog) by extensions ['ignore', 'ignore_ament_install']
[0.572s] Level 1:colcon.colcon_core.package_identification:_identify(/home/optimo/workspaces/maestro_ws/src/hand_pattern_recog) by extension 'ignore'
[0.572s] Level 1:colcon.colcon_core.package_identification:_identify(/home/optimo/workspaces/maestro_ws/src/hand_pattern_recog) by extension 'ignore_ament_install'
[0.572s] Level 1:colcon.colcon_core.package_identification:_identify(/home/optimo/workspaces/maestro_ws/src/hand_pattern_recog) by extensions ['colcon_pkg']
[0.572s] Level 1:colcon.colcon_core.package_identification:_identify(/home/optimo/workspaces/maestro_ws/src/hand_pattern_recog) by extension 'colcon_pkg'
[0.572s] Level 1:colcon.colcon_core.package_identification:_identify(/home/optimo/workspaces/maestro_ws/src/hand_pattern_recog) by extensions ['colcon_meta']
[0.572s] Level 1:colcon.colcon_core.package_identification:_identify(/home/optimo/workspaces/maestro_ws/src/hand_pattern_recog) by extension 'colcon_meta'
[0.572s] Level 1:colcon.colcon_core.package_identification:_identify(/home/optimo/workspaces/maestro_ws/src/hand_pattern_recog) by extensions ['ros']
[0.572s] Level 1:colcon.colcon_core.package_identification:_identify(/home/optimo/workspaces/maestro_ws/src/hand_pattern_recog) by extension 'ros'
[0.572s] DEBUG:colcon.colcon_core.package_identification:Package '/home/optimo/workspaces/maestro_ws/src/hand_pattern_recog' with type 'ros.ament_cmake' and name 'hand_pattern_recog'
[0.572s] Level 1:colcon.colcon_core.package_identification:_identify(/home/optimo/workspaces/maestro_ws/src/log) by extensions ['ignore', 'ignore_ament_install']
[0.572s] Level 1:colcon.colcon_core.package_identification:_identify(/home/optimo/workspaces/maestro_ws/src/log) by extension 'ignore'
[0.572s] Level 1:colcon.colcon_core.package_identification:_identify(/home/optimo/workspaces/maestro_ws/src/log) ignored
[0.572s] Level 1:colcon.colcon_core.package_identification:_identify(/home/optimo/workspaces/maestro_ws/src/plato_teleop) by extensions ['ignore', 'ignore_ament_install']
[0.572s] Level 1:colcon.colcon_core.package_identification:_identify(/home/optimo/workspaces/maestro_ws/src/plato_teleop) by extension 'ignore'
[0.572s] Level 1:colcon.colcon_core.package_identification:_identify(/home/optimo/workspaces/maestro_ws/src/plato_teleop) by extension 'ignore_ament_install'
[0.572s] Level 1:colcon.colcon_core.package_identification:_identify(/home/optimo/workspaces/maestro_ws/src/plato_teleop) by extensions ['colcon_pkg']
[0.572s] Level 1:colcon.colcon_core.package_identification:_identify(/home/optimo/workspaces/maestro_ws/src/plato_teleop) by extension 'colcon_pkg'
[0.572s] Level 1:colcon.colcon_core.package_identification:_identify(/home/optimo/workspaces/maestro_ws/src/plato_teleop) by extensions ['colcon_meta']
[0.572s] Level 1:colcon.colcon_core.package_identification:_identify(/home/optimo/workspaces/maestro_ws/src/plato_teleop) by extension 'colcon_meta'
[0.572s] Level 1:colcon.colcon_core.package_identification:_identify(/home/optimo/workspaces/maestro_ws/src/plato_teleop) by extensions ['ros']
[0.573s] Level 1:colcon.colcon_core.package_identification:_identify(/home/optimo/workspaces/maestro_ws/src/plato_teleop) by extension 'ros'
[0.573s] DEBUG:colcon.colcon_core.package_identification:Package '/home/optimo/workspaces/maestro_ws/src/plato_teleop' with type 'ros.ament_cmake' and name 'plato_teleop'
[0.573s] Level 1:colcon.colcon_core.package_identification:_identify(/home/optimo/workspaces/maestro_ws/src/spaceMouse_navigator) by extensions ['ignore', 'ignore_ament_install']
[0.573s] Level 1:colcon.colcon_core.package_identification:_identify(/home/optimo/workspaces/maestro_ws/src/spaceMouse_navigator) by extension 'ignore'
[0.573s] Level 1:colcon.colcon_core.package_identification:_identify(/home/optimo/workspaces/maestro_ws/src/spaceMouse_navigator) by extension 'ignore_ament_install'
[0.573s] Level 1:colcon.colcon_core.package_identification:_identify(/home/optimo/workspaces/maestro_ws/src/spaceMouse_navigator) by extensions ['colcon_pkg']
[0.573s] Level 1:colcon.colcon_core.package_identification:_identify(/home/optimo/workspaces/maestro_ws/src/spaceMouse_navigator) by extension 'colcon_pkg'
[0.573s] Level 1:colcon.colcon_core.package_identification:_identify(/home/optimo/workspaces/maestro_ws/src/spaceMouse_navigator) by extensions ['colcon_meta']
[0.573s] Level 1:colcon.colcon_core.package_identification:_identify(/home/optimo/workspaces/maestro_ws/src/spaceMouse_navigator) by extension 'colcon_meta'
[0.573s] Level 1:colcon.colcon_core.package_identification:_identify(/home/optimo/workspaces/maestro_ws/src/spaceMouse_navigator) by extensions ['ros']
[0.573s] Level 1:colcon.colcon_core.package_identification:_identify(/home/optimo/workspaces/maestro_ws/src/spaceMouse_navigator) by extension 'ros'
[0.573s] DEBUG:colcon.colcon_core.package_identification:Package '/home/optimo/workspaces/maestro_ws/src/spaceMouse_navigator' with type 'ros.ament_python' and name 'spaceMouse_navigator'
[0.573s] Level 1:colcon.colcon_core.package_identification:_identify(/home/optimo/workspaces/maestro_ws/src/udp_receiver) by extensions ['ignore', 'ignore_ament_install']
[0.573s] Level 1:colcon.colcon_core.package_identification:_identify(/home/optimo/workspaces/maestro_ws/src/udp_receiver) by extension 'ignore'
[0.573s] Level 1:colcon.colcon_core.package_identification:_identify(/home/optimo/workspaces/maestro_ws/src/udp_receiver) by extension 'ignore_ament_install'
[0.573s] Level 1:colcon.colcon_core.package_identification:_identify(/home/optimo/workspaces/maestro_ws/src/udp_receiver) by extensions ['colcon_pkg']
[0.573s] Level 1:colcon.colcon_core.package_identification:_identify(/home/optimo/workspaces/maestro_ws/src/udp_receiver) by extension 'colcon_pkg'
[0.573s] Level 1:colcon.colcon_core.package_identification:_identify(/home/optimo/workspaces/maestro_ws/src/udp_receiver) by extensions ['colcon_meta']
[0.573s] Level 1:colcon.colcon_core.package_identification:_identify(/home/optimo/workspaces/maestro_ws/src/udp_receiver) by extension 'colcon_meta'
[0.574s] Level 1:colcon.colcon_core.package_identification:_identify(/home/optimo/workspaces/maestro_ws/src/udp_receiver) by extensions ['ros']
[0.574s] Level 1:colcon.colcon_core.package_identification:_identify(/home/optimo/workspaces/maestro_ws/src/udp_receiver) by extension 'ros'
[0.574s] DEBUG:colcon.colcon_core.package_identification:Package '/home/optimo/workspaces/maestro_ws/src/udp_receiver' with type 'ros.ament_cmake' and name 'udp_receiver'
[0.574s] Level 1:colcon.colcon_core.package_discovery:discover_packages(recursive) using defaults
