[1.187s] Invoking command in '/home/optimo/workspaces/maestro_ws/build/data_collection': PYTHONPATH=/home/optimo/workspaces/maestro_ws/build/data_collection/prefix_override:/home/optimo/workspaces/maestro_ws/install/data_collection/lib/python3.10/site-packages:${PYTHONPATH} /usr/bin/python3 setup.py develop --editable --build-directory /home/optimo/workspaces/maestro_ws/build/data_collection/build --no-deps install_data
[1.448s] running develop
[1.448s] /usr/lib/python3/dist-packages/setuptools/command/easy_install.py:158: EasyInstallDeprecationWarning: easy_install command is deprecated. Use build and pip and other standards-based tools.
[1.449s]   warnings.warn(
[1.450s] /usr/lib/python3/dist-packages/setuptools/command/install.py:34: SetuptoolsDeprecationWarning: setup.py install is deprecated. Use build and pip and other standards-based tools.
[1.450s]   warnings.warn(
[1.596s] running egg_info
[1.596s] writing data_collection.egg-info/PKG-INFO
[1.596s] writing dependency_links to data_collection.egg-info/dependency_links.txt
[1.596s] writing entry points to data_collection.egg-info/entry_points.txt
[1.597s] writing requirements to data_collection.egg-info/requires.txt
[1.597s] writing top-level names to data_collection.egg-info/top_level.txt
[1.599s] reading manifest file 'data_collection.egg-info/SOURCES.txt'
[1.600s] writing manifest file 'data_collection.egg-info/SOURCES.txt'
[1.601s] running build_ext
[1.601s] Creating /home/optimo/workspaces/maestro_ws/install/data_collection/lib/python3.10/site-packages/data-collection.egg-link (link to .)
[1.602s] Installing data_collection script to /home/optimo/workspaces/maestro_ws/install/data_collection/lib/data_collection
[1.602s] 
[1.602s] Installed /home/optimo/workspaces/maestro_ws/build/data_collection
[1.602s] running install_data
[1.655s] Invoked command in '/home/optimo/workspaces/maestro_ws/build/data_collection' returned '0': PYTHONPATH=/home/optimo/workspaces/maestro_ws/build/data_collection/prefix_override:/home/optimo/workspaces/maestro_ws/install/data_collection/lib/python3.10/site-packages:${PYTHONPATH} /usr/bin/python3 setup.py develop --editable --build-directory /home/optimo/workspaces/maestro_ws/build/data_collection/build --no-deps install_data
