[0.734s] Invoking command in '/home/optimo/workspaces/maestro_ws/build/spaceMouse_navigator': PYTHONPATH=/home/optimo/workspaces/maestro_ws/build/spaceMouse_navigator/prefix_override:/home/optimo/workspaces/maestro_ws/install/spaceMouse_navigator/lib/python3.10/site-packages:${PYTHONPATH} /usr/bin/python3 -W ignore:setup.py install is deprecated setup.py develop --editable --build-directory /home/optimo/workspaces/maestro_ws/build/spaceMouse_navigator/build --no-deps symlink_data
[0.952s] running develop
[0.952s] /usr/lib/python3/dist-packages/setuptools/command/easy_install.py:158: EasyInstallDeprecationWarning: easy_install command is deprecated. Use build and pip and other standards-based tools.
[0.952s]   warnings.warn(
[1.128s] running egg_info
[1.128s] writing spaceMouse_navigator.egg-info/PKG-INFO
[1.128s] writing dependency_links to spaceMouse_navigator.egg-info/dependency_links.txt
[1.129s] writing entry points to spaceMouse_navigator.egg-info/entry_points.txt
[1.129s] writing requirements to spaceMouse_navigator.egg-info/requires.txt
[1.129s] writing top-level names to spaceMouse_navigator.egg-info/top_level.txt
[1.132s] reading manifest file 'spaceMouse_navigator.egg-info/SOURCES.txt'
[1.133s] writing manifest file 'spaceMouse_navigator.egg-info/SOURCES.txt'
[1.134s] running build_ext
[1.135s] Creating /home/optimo/workspaces/maestro_ws/install/spaceMouse_navigator/lib/python3.10/site-packages/spaceMouse-navigator.egg-link (link to .)
[1.135s] Installing spaceMouse_motionTest script to /home/optimo/workspaces/maestro_ws/install/spaceMouse_navigator/lib/spaceMouse_navigator
[1.136s] Installing spaceMouse_publisher script to /home/optimo/workspaces/maestro_ws/install/spaceMouse_navigator/lib/spaceMouse_navigator
[1.136s] 
[1.136s] Installed /home/optimo/workspaces/maestro_ws/build/spaceMouse_navigator
[1.136s] running symlink_data
[1.165s] Invoked command in '/home/optimo/workspaces/maestro_ws/build/spaceMouse_navigator' returned '0': PYTHONPATH=/home/optimo/workspaces/maestro_ws/build/spaceMouse_navigator/prefix_override:/home/optimo/workspaces/maestro_ws/install/spaceMouse_navigator/lib/python3.10/site-packages:${PYTHONPATH} /usr/bin/python3 -W ignore:setup.py install is deprecated setup.py develop --editable --build-directory /home/optimo/workspaces/maestro_ws/build/spaceMouse_navigator/build --no-deps symlink_data
