[0.054s] Invoking command in '/home/optimo/workspaces/maestro_ws/build/plato_teleop': CMAKE_PREFIX_PATH=${CMAKE_PREFIX_PATH}:/home/optimo/workspaces/maestro_ws/install/spaceMouse_navigator:/home/optimo/workspaces/maestro_ws/install/data_collection:/home/optimo/workspaces/plato_ws/install/plato_pycontroller:/home/optimo/workspaces/spacemouse_ws/install/spaceMouse_navigator:/home/optimo/workspaces/spacemouse_ws/install/data_collection:/opt/ros/humble /usr/bin/cmake /home/optimo/workspaces/maestro_ws/src/plato_teleop -DCMAKE_INSTALL_PREFIX=/home/optimo/workspaces/maestro_ws/install/plato_teleop
[0.061s] -- Found moveit_common: 2.5.5 (/opt/ros/humble/share/moveit_common/cmake)
[0.061s] -- Found tf2_geometry_msgs: 0.25.5 (/opt/ros/humble/share/tf2_geometry_msgs/cmake)
[0.158s] -- Override CMake install command with custom implementation using symlinks instead of copying resources
[0.177s] -- Found rosidl_generator_c: 3.1.5 (/opt/ros/humble/share/rosidl_generator_c/cmake)
[0.179s] -- Found rosidl_adapter: 3.1.5 (/opt/ros/humble/share/rosidl_adapter/cmake)
[0.182s] -- Found rosidl_generator_cpp: 3.1.5 (/opt/ros/humble/share/rosidl_generator_cpp/cmake)
[0.189s] -- Using all available rosidl_typesupport_c: rosidl_typesupport_fastrtps_c;rosidl_typesupport_introspection_c
[0.198s] -- Using all available rosidl_typesupport_cpp: rosidl_typesupport_fastrtps_cpp;rosidl_typesupport_introspection_cpp
[0.267s] -- Found eigen3_cmake_module: 0.1.1 (/opt/ros/humble/share/eigen3_cmake_module/cmake)
[0.267s] -- Ensuring Eigen3 include directory is part of orocos-kdl CMake target
[0.336s] -- Found rmw_implementation_cmake: 6.1.1 (/opt/ros/humble/share/rmw_implementation_cmake/cmake)
[0.337s] -- Found rmw_fastrtps_cpp: 6.2.6 (/opt/ros/humble/share/rmw_fastrtps_cpp/cmake)
[0.413s] -- Using RMW implementation 'rmw_fastrtps_cpp' as default
[0.702s] -- BACKWARD_HAS_UNWIND=1
[0.702s] -- BACKWARD_HAS_BACKTRACE=0
[0.702s] -- BACKWARD_HAS_BACKTRACE_SYMBOL=0
[0.702s] -- BACKWARD_HAS_DW=1
[0.702s] -- BACKWARD_HAS_BFD=0
[0.702s] -- Found Backward: /opt/ros/humble/share/backward_ros/cmake  
[0.703s] [0mplato_teleop: You did not request a specific build type: Choosing 'Release' for maximum performance[0m
[0.705s] -- Found Boost: /usr/lib/x86_64-linux-gnu/cmake/Boost-1.74.0/BoostConfig.cmake (found version "1.74.0")  
[0.706s] -- Found control_msgs: 4.4.0 (/opt/ros/humble/share/control_msgs/cmake)
[0.920s] -- Found interactive_markers: 2.3.2 (/opt/ros/humble/share/interactive_markers/cmake)
[1.001s] -- Found moveit_core: 2.5.5 (/opt/ros/humble/share/moveit_core/cmake)
[1.010s] -- Found Boost: /usr/lib/x86_64-linux-gnu/cmake/Boost-1.74.0/BoostConfig.cmake (found version "1.74.0") found components: chrono date_time filesystem iostreams program_options regex serialization system thread 
[1.021s] -- Found parameter_traits: 0.3.7 (/opt/ros/humble/share/parameter_traits/cmake)
[1.029s] -- Found rclcpp_lifecycle: 16.0.8 (/opt/ros/humble/share/rclcpp_lifecycle/cmake)
[1.054s] -- Found Boost: /usr/lib/x86_64-linux-gnu/cmake/Boost-1.74.0/BoostConfig.cmake (found version "1.74.0") found components: filesystem 
[1.077s] -- library: /usr/lib/x86_64-linux-gnu/libcurl.so
[1.509s] -- Found moveit_ros_planning: 2.5.5 (/opt/ros/humble/share/moveit_ros_planning/cmake)
[1.512s] -- Found Boost: /usr/lib/x86_64-linux-gnu/cmake/Boost-1.74.0/BoostConfig.cmake (found version "1.74.0") found components: system filesystem date_time program_options thread chrono 
[1.771s] -- Found moveit_ros_planning_interface: 2.5.5 (/opt/ros/humble/share/moveit_ros_planning_interface/cmake)
[1.774s] -- Found Boost: /usr/lib/x86_64-linux-gnu/cmake/Boost-1.74.0/BoostConfig.cmake (found version "1.74.0") found components: date_time filesystem program_options system thread 
[1.888s] -- Found Boost: /usr/lib/x86_64-linux-gnu/cmake/Boost-1.74.0/BoostConfig.cmake (found version "1.74.0") found components: thread system filesystem regex date_time program_options 
[2.039s] -- Found Boost: /usr/lib/x86_64-linux-gnu/cmake/Boost-1.74.0/BoostConfig.cmake (found version "1.74.0") found components: system filesystem date_time program_options thread 
[2.302s] -- Found moveit_servo: 2.5.5 (/opt/ros/humble/share/moveit_servo/cmake)
[2.688s] -- Found ament_lint_auto: 0.12.10 (/opt/ros/humble/share/ament_lint_auto/cmake)
[2.700s] -- Added test 'cppcheck' to perform static code analysis on C / C++ code
[2.701s] -- Configured cppcheck include dirs: /home/optimo/workspaces/maestro_ws/src/plato_teleop/include
[2.701s] -- Configured cppcheck exclude dirs and/or files: 
[2.701s] -- Added test 'flake8' to check Python code syntax and style conventions
[2.701s] -- Added test 'lint_cmake' to check CMake code style
[2.701s] -- Added test 'pep257' to check Python code against some of the docstring style conventions in PEP 257
[2.702s] -- Added test 'uncrustify' to check C / C++ code style
[2.702s] -- Configured uncrustify additional arguments: 
[2.702s] -- Added test 'xmllint' to check XML markup files
[2.704s] -- Configuring done
[2.731s] -- Generating done
[2.732s] -- Build files have been written to: /home/optimo/workspaces/maestro_ws/build/plato_teleop
[2.740s] Invoked command in '/home/optimo/workspaces/maestro_ws/build/plato_teleop' returned '0': CMAKE_PREFIX_PATH=${CMAKE_PREFIX_PATH}:/home/optimo/workspaces/maestro_ws/install/spaceMouse_navigator:/home/optimo/workspaces/maestro_ws/install/data_collection:/home/optimo/workspaces/plato_ws/install/plato_pycontroller:/home/optimo/workspaces/spacemouse_ws/install/spaceMouse_navigator:/home/optimo/workspaces/spacemouse_ws/install/data_collection:/opt/ros/humble /usr/bin/cmake /home/optimo/workspaces/maestro_ws/src/plato_teleop -DCMAKE_INSTALL_PREFIX=/home/optimo/workspaces/maestro_ws/install/plato_teleop
[2.741s] Invoking command in '/home/optimo/workspaces/maestro_ws/build/plato_teleop': CMAKE_PREFIX_PATH=${CMAKE_PREFIX_PATH}:/home/optimo/workspaces/maestro_ws/install/spaceMouse_navigator:/home/optimo/workspaces/maestro_ws/install/data_collection:/home/optimo/workspaces/plato_ws/install/plato_pycontroller:/home/optimo/workspaces/spacemouse_ws/install/spaceMouse_navigator:/home/optimo/workspaces/spacemouse_ws/install/data_collection:/opt/ros/humble /usr/bin/cmake --build /home/optimo/workspaces/maestro_ws/build/plato_teleop -- -j20 -l20
[2.767s] [35m[1mConsolidate compiler generated dependencies of target controller_spaceMouse[0m
[2.767s] [35m[1mConsolidate compiler generated dependencies of target controller_PlatoHand[0m
[2.781s] [ 50%] Built target controller_spaceMouse
[2.781s] [100%] Built target controller_PlatoHand
[2.787s] Invoked command in '/home/optimo/workspaces/maestro_ws/build/plato_teleop' returned '0': CMAKE_PREFIX_PATH=${CMAKE_PREFIX_PATH}:/home/optimo/workspaces/maestro_ws/install/spaceMouse_navigator:/home/optimo/workspaces/maestro_ws/install/data_collection:/home/optimo/workspaces/plato_ws/install/plato_pycontroller:/home/optimo/workspaces/spacemouse_ws/install/spaceMouse_navigator:/home/optimo/workspaces/spacemouse_ws/install/data_collection:/opt/ros/humble /usr/bin/cmake --build /home/optimo/workspaces/maestro_ws/build/plato_teleop -- -j20 -l20
[2.807s] Invoking command in '/home/optimo/workspaces/maestro_ws/build/plato_teleop': CMAKE_PREFIX_PATH=${CMAKE_PREFIX_PATH}:/home/optimo/workspaces/maestro_ws/install/spaceMouse_navigator:/home/optimo/workspaces/maestro_ws/install/data_collection:/home/optimo/workspaces/plato_ws/install/plato_pycontroller:/home/optimo/workspaces/spacemouse_ws/install/spaceMouse_navigator:/home/optimo/workspaces/spacemouse_ws/install/data_collection:/opt/ros/humble /usr/bin/cmake --install /home/optimo/workspaces/maestro_ws/build/plato_teleop
[2.811s] -- Install configuration: "Release"
[2.811s] -- Execute custom install script
[2.811s] -- Up-to-date symlink: /home/optimo/workspaces/maestro_ws/install/plato_teleop/lib/plato_teleop/controller_PlatoHand
[2.811s] -- Up-to-date symlink: /home/optimo/workspaces/maestro_ws/install/plato_teleop/lib/plato_teleop/controller_spaceMouse
[2.811s] -- Up-to-date symlink: /home/optimo/workspaces/maestro_ws/install/plato_teleop/share/plato_teleop//launch/controller_PlatoHand.py
[2.812s] -- Up-to-date symlink: /home/optimo/workspaces/maestro_ws/install/plato_teleop/share/ament_index/resource_index/package_run_dependencies/plato_teleop
[2.812s] -- Up-to-date symlink: /home/optimo/workspaces/maestro_ws/install/plato_teleop/share/ament_index/resource_index/parent_prefix_path/plato_teleop
[2.812s] -- Up-to-date symlink: /home/optimo/workspaces/maestro_ws/install/plato_teleop/share/plato_teleop/environment/ament_prefix_path.sh
[2.812s] -- Up-to-date symlink: /home/optimo/workspaces/maestro_ws/install/plato_teleop/share/plato_teleop/environment/ament_prefix_path.dsv
[2.812s] -- Up-to-date symlink: /home/optimo/workspaces/maestro_ws/install/plato_teleop/share/plato_teleop/environment/path.sh
[2.812s] -- Up-to-date symlink: /home/optimo/workspaces/maestro_ws/install/plato_teleop/share/plato_teleop/environment/path.dsv
[2.812s] -- Up-to-date symlink: /home/optimo/workspaces/maestro_ws/install/plato_teleop/share/plato_teleop/local_setup.bash
[2.812s] -- Up-to-date symlink: /home/optimo/workspaces/maestro_ws/install/plato_teleop/share/plato_teleop/local_setup.sh
[2.813s] -- Up-to-date symlink: /home/optimo/workspaces/maestro_ws/install/plato_teleop/share/plato_teleop/local_setup.zsh
[2.813s] -- Up-to-date symlink: /home/optimo/workspaces/maestro_ws/install/plato_teleop/share/plato_teleop/local_setup.dsv
[2.813s] -- Symlinking: /home/optimo/workspaces/maestro_ws/install/plato_teleop/share/plato_teleop/package.dsv
[2.817s] -- Up-to-date symlink: /home/optimo/workspaces/maestro_ws/install/plato_teleop/share/ament_index/resource_index/packages/plato_teleop
[2.817s] -- Up-to-date symlink: /home/optimo/workspaces/maestro_ws/install/plato_teleop/share/plato_teleop/cmake/ament_cmake_export_dependencies-extras.cmake
[2.818s] -- Up-to-date symlink: /home/optimo/workspaces/maestro_ws/install/plato_teleop/share/plato_teleop/cmake/ament_cmake_export_include_directories-extras.cmake
[2.818s] -- Up-to-date symlink: /home/optimo/workspaces/maestro_ws/install/plato_teleop/share/plato_teleop/cmake/plato_teleopConfig.cmake
[2.818s] -- Up-to-date symlink: /home/optimo/workspaces/maestro_ws/install/plato_teleop/share/plato_teleop/cmake/plato_teleopConfig-version.cmake
[2.818s] -- Up-to-date symlink: /home/optimo/workspaces/maestro_ws/install/plato_teleop/share/plato_teleop/package.xml
[2.819s] Invoked command in '/home/optimo/workspaces/maestro_ws/build/plato_teleop' returned '0': CMAKE_PREFIX_PATH=${CMAKE_PREFIX_PATH}:/home/optimo/workspaces/maestro_ws/install/spaceMouse_navigator:/home/optimo/workspaces/maestro_ws/install/data_collection:/home/optimo/workspaces/plato_ws/install/plato_pycontroller:/home/optimo/workspaces/spacemouse_ws/install/spaceMouse_navigator:/home/optimo/workspaces/spacemouse_ws/install/data_collection:/opt/ros/humble /usr/bin/cmake --install /home/optimo/workspaces/maestro_ws/build/plato_teleop
