[0.821s] Invoking command in '/home/optimo/workspaces/maestro_ws/build/data_collection': PYTHONPATH=/home/optimo/workspaces/maestro_ws/build/data_collection/prefix_override:/home/optimo/workspaces/maestro_ws/install/data_collection/lib/python3.10/site-packages:${PYTHONPATH} /usr/bin/python3 setup.py develop --editable --build-directory /home/optimo/workspaces/maestro_ws/build/data_collection/build --no-deps install_data
[0.981s] running develop
[0.981s] /usr/lib/python3/dist-packages/setuptools/command/easy_install.py:158: EasyInstallDeprecationWarning: easy_install command is deprecated. Use build and pip and other standards-based tools.
[0.981s]   warnings.warn(
[0.982s] /usr/lib/python3/dist-packages/setuptools/command/install.py:34: SetuptoolsDeprecationWarning: setup.py install is deprecated. Use build and pip and other standards-based tools.
[0.982s]   warnings.warn(
[1.100s] running egg_info
[1.100s] writing data_collection.egg-info/PKG-INFO
[1.100s] writing dependency_links to data_collection.egg-info/dependency_links.txt
[1.100s] writing entry points to data_collection.egg-info/entry_points.txt
[1.100s] writing requirements to data_collection.egg-info/requires.txt
[1.100s] writing top-level names to data_collection.egg-info/top_level.txt
[1.102s] reading manifest file 'data_collection.egg-info/SOURCES.txt'
[1.102s] writing manifest file 'data_collection.egg-info/SOURCES.txt'
[1.104s] running build_ext
[1.104s] Creating /home/optimo/workspaces/maestro_ws/install/data_collection/lib/python3.10/site-packages/data-collection.egg-link (link to .)
[1.104s] Installing data_collection script to /home/optimo/workspaces/maestro_ws/install/data_collection/lib/data_collection
[1.105s] 
[1.105s] Installed /home/optimo/workspaces/maestro_ws/build/data_collection
[1.105s] running install_data
[1.130s] Invoked command in '/home/optimo/workspaces/maestro_ws/build/data_collection' returned '0': PYTHONPATH=/home/optimo/workspaces/maestro_ws/build/data_collection/prefix_override:/home/optimo/workspaces/maestro_ws/install/data_collection/lib/python3.10/site-packages:${PYTHONPATH} /usr/bin/python3 setup.py develop --editable --build-directory /home/optimo/workspaces/maestro_ws/build/data_collection/build --no-deps install_data
