[0.370s] Invoking command in '/home/optimo/workspaces/maestro_ws/build/plato_teleop': CMAKE_PREFIX_PATH=${CMAKE_PREFIX_PATH}:/home/optimo/workspaces/maestro_ws/install/spaceMouse_navigator:/home/optimo/workspaces/maestro_ws/install/data_collection:/home/optimo/workspaces/plato_ws/install/plato_pycontroller:/home/optimo/workspaces/spacemouse_ws/install/spaceMouse_navigator:/home/optimo/workspaces/spacemouse_ws/install/data_collection:/opt/ros/humble /usr/bin/cmake /home/optimo/workspaces/maestro_ws/src/plato_teleop -DAMENT_CMAKE_SYMLINK_INSTALL=1 -DCMAKE_INSTALL_PREFIX=/home/optimo/workspaces/maestro_ws/install/plato_teleop
[0.572s] -- Found moveit_common: 2.5.5 (/opt/ros/humble/share/moveit_common/cmake)
[0.572s] -- Found tf2_geometry_msgs: 0.25.5 (/opt/ros/humble/share/tf2_geometry_msgs/cmake)
[0.572s] -- Override CMake install command with custom implementation using symlinks instead of copying resources
[0.572s] -- Found rosidl_generator_c: 3.1.5 (/opt/ros/humble/share/rosidl_generator_c/cmake)
[0.573s] -- Found rosidl_adapter: 3.1.5 (/opt/ros/humble/share/rosidl_adapter/cmake)
[0.573s] -- Found rosidl_generator_cpp: 3.1.5 (/opt/ros/humble/share/rosidl_generator_cpp/cmake)
[0.573s] -- Using all available rosidl_typesupport_c: rosidl_typesupport_fastrtps_c;rosidl_typesupport_introspection_c
[0.573s] -- Using all available rosidl_typesupport_cpp: rosidl_typesupport_fastrtps_cpp;rosidl_typesupport_introspection_cpp
[0.585s] -- Found eigen3_cmake_module: 0.1.1 (/opt/ros/humble/share/eigen3_cmake_module/cmake)
[0.585s] -- Ensuring Eigen3 include directory is part of orocos-kdl CMake target
[0.658s] -- Found rmw_implementation_cmake: 6.1.1 (/opt/ros/humble/share/rmw_implementation_cmake/cmake)
[0.659s] -- Found rmw_fastrtps_cpp: 6.2.6 (/opt/ros/humble/share/rmw_fastrtps_cpp/cmake)
[0.739s] -- Using RMW implementation 'rmw_fastrtps_cpp' as default
[1.032s] -- BACKWARD_HAS_UNWIND=1
[1.032s] -- BACKWARD_HAS_BACKTRACE=0
[1.032s] -- BACKWARD_HAS_BACKTRACE_SYMBOL=0
[1.032s] -- BACKWARD_HAS_DW=1
[1.032s] -- BACKWARD_HAS_BFD=0
[1.032s] -- Found Backward: /opt/ros/humble/share/backward_ros/cmake  
[1.032s] [0mplato_teleop: You did not request a specific build type: Choosing 'Release' for maximum performance[0m
[1.035s] -- Found Boost: /usr/lib/x86_64-linux-gnu/cmake/Boost-1.74.0/BoostConfig.cmake (found version "1.74.0")  
[1.035s] -- Found control_msgs: 4.4.0 (/opt/ros/humble/share/control_msgs/cmake)
[1.248s] -- Found interactive_markers: 2.3.2 (/opt/ros/humble/share/interactive_markers/cmake)
[1.327s] -- Found moveit_core: 2.5.5 (/opt/ros/humble/share/moveit_core/cmake)
[1.336s] -- Found Boost: /usr/lib/x86_64-linux-gnu/cmake/Boost-1.74.0/BoostConfig.cmake (found version "1.74.0") found components: chrono date_time filesystem iostreams program_options regex serialization system thread 
[1.340s] -- Found parameter_traits: 0.3.7 (/opt/ros/humble/share/parameter_traits/cmake)
[1.349s] -- Found rclcpp_lifecycle: 16.0.8 (/opt/ros/humble/share/rclcpp_lifecycle/cmake)
[1.374s] -- Found Boost: /usr/lib/x86_64-linux-gnu/cmake/Boost-1.74.0/BoostConfig.cmake (found version "1.74.0") found components: filesystem 
[1.397s] -- library: /usr/lib/x86_64-linux-gnu/libcurl.so
[1.835s] -- Found moveit_ros_planning: 2.5.5 (/opt/ros/humble/share/moveit_ros_planning/cmake)
[1.838s] -- Found Boost: /usr/lib/x86_64-linux-gnu/cmake/Boost-1.74.0/BoostConfig.cmake (found version "1.74.0") found components: system filesystem date_time program_options thread chrono 
[2.096s] -- Found moveit_ros_planning_interface: 2.5.5 (/opt/ros/humble/share/moveit_ros_planning_interface/cmake)
[2.100s] -- Found Boost: /usr/lib/x86_64-linux-gnu/cmake/Boost-1.74.0/BoostConfig.cmake (found version "1.74.0") found components: date_time filesystem program_options system thread 
[2.213s] -- Found Boost: /usr/lib/x86_64-linux-gnu/cmake/Boost-1.74.0/BoostConfig.cmake (found version "1.74.0") found components: thread system filesystem regex date_time program_options 
[2.359s] -- Found Boost: /usr/lib/x86_64-linux-gnu/cmake/Boost-1.74.0/BoostConfig.cmake (found version "1.74.0") found components: system filesystem date_time program_options thread 
[2.613s] -- Found moveit_servo: 2.5.5 (/opt/ros/humble/share/moveit_servo/cmake)
[2.989s] -- Found ament_lint_auto: 0.12.10 (/opt/ros/humble/share/ament_lint_auto/cmake)
[2.994s] -- Added test 'cppcheck' to perform static code analysis on C / C++ code
[2.994s] -- Configured cppcheck include dirs: /home/optimo/workspaces/maestro_ws/src/plato_teleop/include
[2.994s] -- Configured cppcheck exclude dirs and/or files: 
[2.994s] -- Added test 'flake8' to check Python code syntax and style conventions
[2.994s] -- Added test 'lint_cmake' to check CMake code style
[2.994s] -- Added test 'pep257' to check Python code against some of the docstring style conventions in PEP 257
[2.995s] -- Added test 'uncrustify' to check C / C++ code style
[2.995s] -- Configured uncrustify additional arguments: 
[2.995s] -- Added test 'xmllint' to check XML markup files
[2.996s] -- Configuring done
[3.021s] -- Generating done
[3.022s] -- Build files have been written to: /home/optimo/workspaces/maestro_ws/build/plato_teleop
[3.032s] Invoked command in '/home/optimo/workspaces/maestro_ws/build/plato_teleop' returned '0': CMAKE_PREFIX_PATH=${CMAKE_PREFIX_PATH}:/home/optimo/workspaces/maestro_ws/install/spaceMouse_navigator:/home/optimo/workspaces/maestro_ws/install/data_collection:/home/optimo/workspaces/plato_ws/install/plato_pycontroller:/home/optimo/workspaces/spacemouse_ws/install/spaceMouse_navigator:/home/optimo/workspaces/spacemouse_ws/install/data_collection:/opt/ros/humble /usr/bin/cmake /home/optimo/workspaces/maestro_ws/src/plato_teleop -DAMENT_CMAKE_SYMLINK_INSTALL=1 -DCMAKE_INSTALL_PREFIX=/home/optimo/workspaces/maestro_ws/install/plato_teleop
[3.033s] Invoking command in '/home/optimo/workspaces/maestro_ws/build/plato_teleop': CMAKE_PREFIX_PATH=${CMAKE_PREFIX_PATH}:/home/optimo/workspaces/maestro_ws/install/spaceMouse_navigator:/home/optimo/workspaces/maestro_ws/install/data_collection:/home/optimo/workspaces/plato_ws/install/plato_pycontroller:/home/optimo/workspaces/spacemouse_ws/install/spaceMouse_navigator:/home/optimo/workspaces/spacemouse_ws/install/data_collection:/opt/ros/humble /usr/bin/cmake --build /home/optimo/workspaces/maestro_ws/build/plato_teleop -- -j20 -l20
[3.058s] [35m[1mConsolidate compiler generated dependencies of target controller_spaceMouse[0m
[3.058s] [35m[1mConsolidate compiler generated dependencies of target controller_PlatoHand[0m
[3.071s] [ 50%] Built target controller_spaceMouse
[3.072s] [ 75%] [32mBuilding CXX object CMakeFiles/controller_PlatoHand.dir/src/controller_PlatoHand.cpp.o[0m
[3.488s] In file included from [01m[K/home/optimo/workspaces/maestro_ws/src/plato_teleop/src/controller_PlatoHand.cpp:27[m[K:
[3.488s] [01m[K/opt/ros/humble/include/tf2_geometry_msgs/tf2_geometry_msgs/tf2_geometry_msgs.h:35:2:[m[K [01;35m[Kwarning: [m[K#warning This header is obsolete, please include tf2_geometry_msgs/tf2_geometry_msgs.hpp instead [[01;35m[K]8;;https://gcc.gnu.org/onlinedocs/gcc/Warning-Options.html#index-Wcpp-Wcpp]8;;[m[K]
[3.488s]    35 | #[01;35m[Kwarning[m[K This header is obsolete, please include tf2_geometry_msgs/tf2_geometry_msgs.hpp instead
[3.488s]       |  [01;35m[K^~~~~~~[m[K
[5.993s] [01m[K/home/optimo/workspaces/maestro_ws/src/plato_teleop/src/controller_PlatoHand.cpp:[m[K In function ‘[01m[Kvoid publishJointTrajectory(std::vector<double>, rclcpp::Node::SharedPtr, const rclcpp::Logger&)[m[K’:
[5.993s] [01m[K/home/optimo/workspaces/maestro_ws/src/plato_teleop/src/controller_PlatoHand.cpp:148:9:[m[K [01;35m[Kwarning: [m[Kunused variable ‘[01m[Kduration_time[m[K’ [[01;35m[K]8;;https://gcc.gnu.org/onlinedocs/gcc/Warning-Options.html#index-Wunused-variable-Wunused-variable]8;;[m[K]
[5.993s]   148 |     int [01;35m[Kduration_time[m[K = 1;
[5.993s]       |         [01;35m[K^~~~~~~~~~~~~[m[K
[15.388s] [100%] [32m[1mLinking CXX executable controller_PlatoHand[0m
[15.636s] [100%] Built target controller_PlatoHand
[15.643s] Invoked command in '/home/optimo/workspaces/maestro_ws/build/plato_teleop' returned '0': CMAKE_PREFIX_PATH=${CMAKE_PREFIX_PATH}:/home/optimo/workspaces/maestro_ws/install/spaceMouse_navigator:/home/optimo/workspaces/maestro_ws/install/data_collection:/home/optimo/workspaces/plato_ws/install/plato_pycontroller:/home/optimo/workspaces/spacemouse_ws/install/spaceMouse_navigator:/home/optimo/workspaces/spacemouse_ws/install/data_collection:/opt/ros/humble /usr/bin/cmake --build /home/optimo/workspaces/maestro_ws/build/plato_teleop -- -j20 -l20
[15.659s] Invoking command in '/home/optimo/workspaces/maestro_ws/build/plato_teleop': CMAKE_PREFIX_PATH=${CMAKE_PREFIX_PATH}:/home/optimo/workspaces/maestro_ws/install/spaceMouse_navigator:/home/optimo/workspaces/maestro_ws/install/data_collection:/home/optimo/workspaces/plato_ws/install/plato_pycontroller:/home/optimo/workspaces/spacemouse_ws/install/spaceMouse_navigator:/home/optimo/workspaces/spacemouse_ws/install/data_collection:/opt/ros/humble /usr/bin/cmake --install /home/optimo/workspaces/maestro_ws/build/plato_teleop
[15.663s] -- Install configuration: "Release"
[15.664s] -- Execute custom install script
[15.664s] -- Up-to-date symlink: /home/optimo/workspaces/maestro_ws/install/plato_teleop/lib/plato_teleop/controller_PlatoHand
[15.664s] -- Up-to-date symlink: /home/optimo/workspaces/maestro_ws/install/plato_teleop/lib/plato_teleop/controller_spaceMouse
[15.664s] -- Up-to-date symlink: /home/optimo/workspaces/maestro_ws/install/plato_teleop/share/plato_teleop//launch/controller_PlatoHand.py
[15.664s] -- Up-to-date symlink: /home/optimo/workspaces/maestro_ws/install/plato_teleop/share/ament_index/resource_index/package_run_dependencies/plato_teleop
[15.664s] -- Up-to-date symlink: /home/optimo/workspaces/maestro_ws/install/plato_teleop/share/ament_index/resource_index/parent_prefix_path/plato_teleop
[15.664s] -- Up-to-date symlink: /home/optimo/workspaces/maestro_ws/install/plato_teleop/share/plato_teleop/environment/ament_prefix_path.sh
[15.664s] -- Up-to-date symlink: /home/optimo/workspaces/maestro_ws/install/plato_teleop/share/plato_teleop/environment/ament_prefix_path.dsv
[15.665s] -- Up-to-date symlink: /home/optimo/workspaces/maestro_ws/install/plato_teleop/share/plato_teleop/environment/path.sh
[15.665s] -- Up-to-date symlink: /home/optimo/workspaces/maestro_ws/install/plato_teleop/share/plato_teleop/environment/path.dsv
[15.665s] -- Up-to-date symlink: /home/optimo/workspaces/maestro_ws/install/plato_teleop/share/plato_teleop/local_setup.bash
[15.665s] -- Up-to-date symlink: /home/optimo/workspaces/maestro_ws/install/plato_teleop/share/plato_teleop/local_setup.sh
[15.665s] -- Up-to-date symlink: /home/optimo/workspaces/maestro_ws/install/plato_teleop/share/plato_teleop/local_setup.zsh
[15.665s] -- Up-to-date symlink: /home/optimo/workspaces/maestro_ws/install/plato_teleop/share/plato_teleop/local_setup.dsv
[15.665s] -- Symlinking: /home/optimo/workspaces/maestro_ws/install/plato_teleop/share/plato_teleop/package.dsv
[15.670s] -- Up-to-date symlink: /home/optimo/workspaces/maestro_ws/install/plato_teleop/share/ament_index/resource_index/packages/plato_teleop
[15.670s] -- Up-to-date symlink: /home/optimo/workspaces/maestro_ws/install/plato_teleop/share/plato_teleop/cmake/ament_cmake_export_dependencies-extras.cmake
[15.670s] -- Up-to-date symlink: /home/optimo/workspaces/maestro_ws/install/plato_teleop/share/plato_teleop/cmake/ament_cmake_export_include_directories-extras.cmake
[15.670s] -- Up-to-date symlink: /home/optimo/workspaces/maestro_ws/install/plato_teleop/share/plato_teleop/cmake/plato_teleopConfig.cmake
[15.670s] -- Up-to-date symlink: /home/optimo/workspaces/maestro_ws/install/plato_teleop/share/plato_teleop/cmake/plato_teleopConfig-version.cmake
[15.670s] -- Up-to-date symlink: /home/optimo/workspaces/maestro_ws/install/plato_teleop/share/plato_teleop/package.xml
[15.671s] Invoked command in '/home/optimo/workspaces/maestro_ws/build/plato_teleop' returned '0': CMAKE_PREFIX_PATH=${CMAKE_PREFIX_PATH}:/home/optimo/workspaces/maestro_ws/install/spaceMouse_navigator:/home/optimo/workspaces/maestro_ws/install/data_collection:/home/optimo/workspaces/plato_ws/install/plato_pycontroller:/home/optimo/workspaces/spacemouse_ws/install/spaceMouse_navigator:/home/optimo/workspaces/spacemouse_ws/install/data_collection:/opt/ros/humble /usr/bin/cmake --install /home/optimo/workspaces/maestro_ws/build/plato_teleop
