[0.760s] Invoking command in '/home/optimo/workspaces/maestro_ws/src/spaceMouse_navigator': PYTHONPATH=/home/optimo/workspaces/maestro_ws/build/spaceMouse_navigator/prefix_override:/home/optimo/workspaces/maestro_ws/install/spaceMouse_navigator/lib/python3.10/site-packages:${PYTHONPATH} /usr/bin/python3 setup.py egg_info --egg-base ../../build/spaceMouse_navigator build --build-base /home/optimo/workspaces/maestro_ws/build/spaceMouse_navigator/build install --record /home/optimo/workspaces/maestro_ws/build/spaceMouse_navigator/install.log --single-version-externally-managed
[0.912s] running egg_info
[0.913s] creating ../../build/spaceMouse_navigator/spaceMouse_navigator.egg-info
[0.913s] writing ../../build/spaceMouse_navigator/spaceMouse_navigator.egg-info/PKG-INFO
[0.913s] writing dependency_links to ../../build/spaceMouse_navigator/spaceMouse_navigator.egg-info/dependency_links.txt
[0.913s] writing entry points to ../../build/spaceMouse_navigator/spaceMouse_navigator.egg-info/entry_points.txt
[0.914s] writing requirements to ../../build/spaceMouse_navigator/spaceMouse_navigator.egg-info/requires.txt
[0.914s] writing top-level names to ../../build/spaceMouse_navigator/spaceMouse_navigator.egg-info/top_level.txt
[0.914s] writing manifest file '../../build/spaceMouse_navigator/spaceMouse_navigator.egg-info/SOURCES.txt'
[0.915s] reading manifest file '../../build/spaceMouse_navigator/spaceMouse_navigator.egg-info/SOURCES.txt'
[0.915s] writing manifest file '../../build/spaceMouse_navigator/spaceMouse_navigator.egg-info/SOURCES.txt'
[0.916s] running build
[0.916s] running build_py
[0.916s] creating /home/optimo/workspaces/maestro_ws/build/spaceMouse_navigator/build
[0.916s] creating /home/optimo/workspaces/maestro_ws/build/spaceMouse_navigator/build/lib
[0.916s] creating /home/optimo/workspaces/maestro_ws/build/spaceMouse_navigator/build/lib/spaceMouse_navigator
[0.916s] copying spaceMouse_navigator/spaceMouse_publisher.py -> /home/optimo/workspaces/maestro_ws/build/spaceMouse_navigator/build/lib/spaceMouse_navigator
[0.916s] copying spaceMouse_navigator/spaceMouse_motionTest.py -> /home/optimo/workspaces/maestro_ws/build/spaceMouse_navigator/build/lib/spaceMouse_navigator
[0.916s] copying spaceMouse_navigator/__init__.py -> /home/optimo/workspaces/maestro_ws/build/spaceMouse_navigator/build/lib/spaceMouse_navigator
[0.916s] running install
[0.916s] /usr/lib/python3/dist-packages/setuptools/command/install.py:34: SetuptoolsDeprecationWarning: setup.py install is deprecated. Use build and pip and other standards-based tools.
[0.916s]   warnings.warn(
[0.916s] running install_lib
[0.917s] creating /home/optimo/workspaces/maestro_ws/install/spaceMouse_navigator/lib/python3.10/site-packages/spaceMouse_navigator
[0.917s] copying /home/optimo/workspaces/maestro_ws/build/spaceMouse_navigator/build/lib/spaceMouse_navigator/spaceMouse_publisher.py -> /home/optimo/workspaces/maestro_ws/install/spaceMouse_navigator/lib/python3.10/site-packages/spaceMouse_navigator
[0.917s] copying /home/optimo/workspaces/maestro_ws/build/spaceMouse_navigator/build/lib/spaceMouse_navigator/spaceMouse_motionTest.py -> /home/optimo/workspaces/maestro_ws/install/spaceMouse_navigator/lib/python3.10/site-packages/spaceMouse_navigator
[0.917s] copying /home/optimo/workspaces/maestro_ws/build/spaceMouse_navigator/build/lib/spaceMouse_navigator/__init__.py -> /home/optimo/workspaces/maestro_ws/install/spaceMouse_navigator/lib/python3.10/site-packages/spaceMouse_navigator
[0.917s] byte-compiling /home/optimo/workspaces/maestro_ws/install/spaceMouse_navigator/lib/python3.10/site-packages/spaceMouse_navigator/spaceMouse_publisher.py to spaceMouse_publisher.cpython-310.pyc
[0.917s] byte-compiling /home/optimo/workspaces/maestro_ws/install/spaceMouse_navigator/lib/python3.10/site-packages/spaceMouse_navigator/spaceMouse_motionTest.py to spaceMouse_motionTest.cpython-310.pyc
[0.917s] byte-compiling /home/optimo/workspaces/maestro_ws/install/spaceMouse_navigator/lib/python3.10/site-packages/spaceMouse_navigator/__init__.py to __init__.cpython-310.pyc
[0.917s] running install_data
[0.918s] creating /home/optimo/workspaces/maestro_ws/install/spaceMouse_navigator/share/ament_index
[0.918s] creating /home/optimo/workspaces/maestro_ws/install/spaceMouse_navigator/share/ament_index/resource_index
[0.918s] creating /home/optimo/workspaces/maestro_ws/install/spaceMouse_navigator/share/ament_index/resource_index/packages
[0.918s] copying resource/spaceMouse_navigator -> /home/optimo/workspaces/maestro_ws/install/spaceMouse_navigator/share/ament_index/resource_index/packages
[0.918s] copying package.xml -> /home/optimo/workspaces/maestro_ws/install/spaceMouse_navigator/share/spaceMouse_navigator
[0.918s] running install_egg_info
[0.919s] Copying ../../build/spaceMouse_navigator/spaceMouse_navigator.egg-info to /home/optimo/workspaces/maestro_ws/install/spaceMouse_navigator/lib/python3.10/site-packages/spaceMouse_navigator-0.0.0-py3.10.egg-info
[0.919s] running install_scripts
[0.931s] Installing spaceMouse_motionTest script to /home/optimo/workspaces/maestro_ws/install/spaceMouse_navigator/lib/spaceMouse_navigator
[0.931s] Installing spaceMouse_publisher script to /home/optimo/workspaces/maestro_ws/install/spaceMouse_navigator/lib/spaceMouse_navigator
[0.931s] writing list of installed files to '/home/optimo/workspaces/maestro_ws/build/spaceMouse_navigator/install.log'
[0.953s] Invoked command in '/home/optimo/workspaces/maestro_ws/src/spaceMouse_navigator' returned '0': PYTHONPATH=/home/optimo/workspaces/maestro_ws/build/spaceMouse_navigator/prefix_override:/home/optimo/workspaces/maestro_ws/install/spaceMouse_navigator/lib/python3.10/site-packages:${PYTHONPATH} /usr/bin/python3 setup.py egg_info --egg-base ../../build/spaceMouse_navigator build --build-base /home/optimo/workspaces/maestro_ws/build/spaceMouse_navigator/build install --record /home/optimo/workspaces/maestro_ws/build/spaceMouse_navigator/install.log --single-version-externally-managed
