[  9%] [32mBuilding CXX object CMakeFiles/render_test.dir/render_test.cpp.o[0m
[ 18%] [32mBuilding CXX object CMakeFiles/render_test.dir/hand_display.cpp.o[0m
[ 27%] [32mBuilding CXX object CMakeFiles/UDPReceiver.dir/receiver_main.cpp.o[0m
[ 36%] [32mBuilding CXX object CMakeFiles/UDPReceiver_mthread.dir/UDP_receiver.cpp.o[0m
[ 45%] [32mBuilding CXX object CMakeFiles/UDPReceiver.dir/hand_display.cpp.o[0m
[ 54%] [32mBuilding CXX object CMakeFiles/UDPReceiver_mthread.dir/hand_display.cpp.o[0m
[ 72%] [32mBuilding CXX object CMakeFiles/UDPReceiver_mthread.dir/receiver_main_thread.cpp.o[0m
[ 72%] [32mBuilding CXX object CMakeFiles/UDPReceiver.dir/UDP_receiver.cpp.o[0m
[ 81%] [32m[1mLinking CXX executable render_test[0m
[ 90%] [32m[1mLinking CXX executable UDPReceiver[0m
[100%] [32m[1mLinking CXX executable UDPReceiver_mthread[0m
[100%] Built target UDPReceiver_mthread
[100%] Built target render_test
[100%] Built target UDPReceiver
-- Install configuration: ""
-- Execute custom install script
-- Up-to-date symlink: /home/optimo/workspaces/maestro_ws/install/udp_receiver/lib/udp_receiver/UDPReceiver
-- Up-to-date symlink: /home/optimo/workspaces/maestro_ws/install/udp_receiver/lib/udp_receiver/UDPReceiver_mthread
-- Up-to-date symlink: /home/optimo/workspaces/maestro_ws/install/udp_receiver/lib/udp_receiver/render_test
-- Up-to-date symlink: /home/optimo/workspaces/maestro_ws/install/udp_receiver/share/ament_index/resource_index/package_run_dependencies/udp_receiver
-- Up-to-date symlink: /home/optimo/workspaces/maestro_ws/install/udp_receiver/share/ament_index/resource_index/parent_prefix_path/udp_receiver
-- Up-to-date symlink: /home/optimo/workspaces/maestro_ws/install/udp_receiver/share/udp_receiver/environment/ament_prefix_path.sh
-- Up-to-date symlink: /home/optimo/workspaces/maestro_ws/install/udp_receiver/share/udp_receiver/environment/ament_prefix_path.dsv
-- Up-to-date symlink: /home/optimo/workspaces/maestro_ws/install/udp_receiver/share/udp_receiver/environment/path.sh
-- Up-to-date symlink: /home/optimo/workspaces/maestro_ws/install/udp_receiver/share/udp_receiver/environment/path.dsv
-- Up-to-date symlink: /home/optimo/workspaces/maestro_ws/install/udp_receiver/share/udp_receiver/local_setup.bash
-- Up-to-date symlink: /home/optimo/workspaces/maestro_ws/install/udp_receiver/share/udp_receiver/local_setup.sh
-- Up-to-date symlink: /home/optimo/workspaces/maestro_ws/install/udp_receiver/share/udp_receiver/local_setup.zsh
-- Up-to-date symlink: /home/optimo/workspaces/maestro_ws/install/udp_receiver/share/udp_receiver/local_setup.dsv
-- Symlinking: /home/optimo/workspaces/maestro_ws/install/udp_receiver/share/udp_receiver/package.dsv
-- Up-to-date symlink: /home/optimo/workspaces/maestro_ws/install/udp_receiver/share/ament_index/resource_index/packages/udp_receiver
-- Up-to-date symlink: /home/optimo/workspaces/maestro_ws/install/udp_receiver/share/udp_receiver/cmake/udp_receiverConfig.cmake
-- Up-to-date symlink: /home/optimo/workspaces/maestro_ws/install/udp_receiver/share/udp_receiver/cmake/udp_receiverConfig-version.cmake
-- Up-to-date symlink: /home/optimo/workspaces/maestro_ws/install/udp_receiver/share/udp_receiver/package.xml
