[0.420s] Invoking command in '/home/optimo/workspaces/maestro_ws/build/udp_receiver': CMAKE_PREFIX_PATH=${CMAKE_PREFIX_PATH}:/home/optimo/workspaces/plato_ws/install/plato_pycontroller:/home/optimo/workspaces/spacemouse_ws/install/spaceMouse_navigator:/home/optimo/workspaces/spacemouse_ws/install/data_collection:/opt/ros/humble /usr/bin/cmake --build /home/optimo/workspaces/maestro_ws/build/udp_receiver -- -j20 -l20
[0.452s] [ 27%] Built target render_test
[0.455s] [ 63%] Built target UDPReceiver
[0.456s] [100%] Built target UDPReceiver_mthread
[0.486s] Invoked command in '/home/optimo/workspaces/maestro_ws/build/udp_receiver' returned '0': CMAKE_PREFIX_PATH=${CMAKE_PREFIX_PATH}:/home/optimo/workspaces/plato_ws/install/plato_pycontroller:/home/optimo/workspaces/spacemouse_ws/install/spaceMouse_navigator:/home/optimo/workspaces/spacemouse_ws/install/data_collection:/opt/ros/humble /usr/bin/cmake --build /home/optimo/workspaces/maestro_ws/build/udp_receiver -- -j20 -l20
[0.535s] Invoking command in '/home/optimo/workspaces/maestro_ws/build/udp_receiver': CMAKE_PREFIX_PATH=${CMAKE_PREFIX_PATH}:/home/optimo/workspaces/plato_ws/install/plato_pycontroller:/home/optimo/workspaces/spacemouse_ws/install/spaceMouse_navigator:/home/optimo/workspaces/spacemouse_ws/install/data_collection:/opt/ros/humble /usr/bin/cmake --install /home/optimo/workspaces/maestro_ws/build/udp_receiver
[0.539s] -- Install configuration: ""
[0.539s] -- Up-to-date: /home/optimo/workspaces/maestro_ws/install/udp_receiver/lib/udp_receiver/UDPReceiver
[0.540s] -- Up-to-date: /home/optimo/workspaces/maestro_ws/install/udp_receiver/lib/udp_receiver/UDPReceiver_mthread
[0.540s] -- Up-to-date: /home/optimo/workspaces/maestro_ws/install/udp_receiver/lib/udp_receiver/render_test
[0.540s] -- Up-to-date: /home/optimo/workspaces/maestro_ws/install/udp_receiver/share/ament_index/resource_index/package_run_dependencies/udp_receiver
[0.540s] -- Up-to-date: /home/optimo/workspaces/maestro_ws/install/udp_receiver/share/ament_index/resource_index/parent_prefix_path/udp_receiver
[0.540s] -- Up-to-date: /home/optimo/workspaces/maestro_ws/install/udp_receiver/share/udp_receiver/environment/ament_prefix_path.sh
[0.540s] -- Up-to-date: /home/optimo/workspaces/maestro_ws/install/udp_receiver/share/udp_receiver/environment/ament_prefix_path.dsv
[0.540s] -- Up-to-date: /home/optimo/workspaces/maestro_ws/install/udp_receiver/share/udp_receiver/environment/path.sh
[0.540s] -- Up-to-date: /home/optimo/workspaces/maestro_ws/install/udp_receiver/share/udp_receiver/environment/path.dsv
[0.540s] -- Up-to-date: /home/optimo/workspaces/maestro_ws/install/udp_receiver/share/udp_receiver/local_setup.bash
[0.540s] -- Up-to-date: /home/optimo/workspaces/maestro_ws/install/udp_receiver/share/udp_receiver/local_setup.sh
[0.540s] -- Up-to-date: /home/optimo/workspaces/maestro_ws/install/udp_receiver/share/udp_receiver/local_setup.zsh
[0.540s] -- Up-to-date: /home/optimo/workspaces/maestro_ws/install/udp_receiver/share/udp_receiver/local_setup.dsv
[0.540s] -- Installing: /home/optimo/workspaces/maestro_ws/install/udp_receiver/share/udp_receiver/package.dsv
[0.540s] -- Up-to-date: /home/optimo/workspaces/maestro_ws/install/udp_receiver/share/ament_index/resource_index/packages/udp_receiver
[0.540s] -- Up-to-date: /home/optimo/workspaces/maestro_ws/install/udp_receiver/share/udp_receiver/cmake/udp_receiverConfig.cmake
[0.540s] -- Up-to-date: /home/optimo/workspaces/maestro_ws/install/udp_receiver/share/udp_receiver/cmake/udp_receiverConfig-version.cmake
[0.540s] -- Up-to-date: /home/optimo/workspaces/maestro_ws/install/udp_receiver/share/udp_receiver/package.xml
[0.541s] Invoked command in '/home/optimo/workspaces/maestro_ws/build/udp_receiver' returned '0': CMAKE_PREFIX_PATH=${CMAKE_PREFIX_PATH}:/home/optimo/workspaces/plato_ws/install/plato_pycontroller:/home/optimo/workspaces/spacemouse_ws/install/spaceMouse_navigator:/home/optimo/workspaces/spacemouse_ws/install/data_collection:/opt/ros/humble /usr/bin/cmake --install /home/optimo/workspaces/maestro_ws/build/udp_receiver
